{"D:\\Hacktiv8\\phase_2_rev1\\WEEK_3\\IP-HCK86\\server\\app.js": {"path":"D:\\Hacktiv8\\phase_2_rev1\\WEEK_3\\IP-HCK86\\server\\app.js","statementMap":{"0":{"start":{"line":1,"column":16},"end":{"line":1,"column":34}},"1":{"start":{"line":2,"column":12},"end":{"line":2,"column":21}},"2":{"start":{"line":3,"column":23},"end":{"line":3,"column":63}},"3":{"start":{"line":4,"column":22},"end":{"line":4,"column":62}},"4":{"start":{"line":5,"column":22},"end":{"line":5,"column":61}},"5":{"start":{"line":6,"column":23},"end":{"line":6,"column":62}},"6":{"start":{"line":7,"column":32},"end":{"line":7,"column":80}},"7":{"start":{"line":8,"column":15},"end":{"line":8,"column":35}},"8":{"start":{"line":9,"column":21},"end":{"line":9,"column":58}},"9":{"start":{"line":10,"column":27},"end":{"line":10,"column":70}},"10":{"start":{"line":11,"column":31},"end":{"line":11,"column":52}},"11":{"start":{"line":12,"column":13},"end":{"line":12,"column":29}},"12":{"start":{"line":15,"column":0},"end":{"line":15,"column":45}},"13":{"start":{"line":16,"column":0},"end":{"line":16,"column":23}},"14":{"start":{"line":17,"column":0},"end":{"line":17,"column":15}},"15":{"start":{"line":20,"column":0},"end":{"line":20,"column":51}},"16":{"start":{"line":21,"column":0},"end":{"line":21,"column":44}},"17":{"start":{"line":22,"column":0},"end":{"line":22,"column":57}},"18":{"start":{"line":24,"column":0},"end":{"line":24,"column":60}},"19":{"start":{"line":25,"column":0},"end":{"line":25,"column":68}},"20":{"start":{"line":26,"column":0},"end":{"line":26,"column":67}},"21":{"start":{"line":27,"column":0},"end":{"line":27,"column":72}},"22":{"start":{"line":28,"column":0},"end":{"line":28,"column":107}},"23":{"start":{"line":29,"column":0},"end":{"line":29,"column":110}},"24":{"start":{"line":32,"column":0},"end":{"line":49,"column":3}},"25":{"start":{"line":33,"column":1},"end":{"line":48,"column":27}},"26":{"start":{"line":34,"column":19},"end":{"line":34,"column":38}},"27":{"start":{"line":35,"column":15},"end":{"line":35,"column":74}},"28":{"start":{"line":36,"column":2},"end":{"line":36,"column":79}},"29":{"start":{"line":36,"column":21},"end":{"line":36,"column":48}},"30":{"start":{"line":36,"column":50},"end":{"line":36,"column":68}},"31":{"start":{"line":36,"column":69},"end":{"line":36,"column":77}},"32":{"start":{"line":37,"column":2},"end":{"line":47,"column":5}},"33":{"start":{"line":48,"column":15},"end":{"line":48,"column":25}},"34":{"start":{"line":52,"column":0},"end":{"line":52,"column":85}},"35":{"start":{"line":53,"column":0},"end":{"line":53,"column":85}},"36":{"start":{"line":54,"column":0},"end":{"line":54,"column":94}},"37":{"start":{"line":60,"column":0},"end":{"line":60,"column":76}},"38":{"start":{"line":61,"column":0},"end":{"line":61,"column":82}},"39":{"start":{"line":62,"column":0},"end":{"line":62,"column":94}},"40":{"start":{"line":65,"column":0},"end":{"line":65,"column":22}},"41":{"start":{"line":67,"column":0},"end":{"line":67,"column":20}}},"fnMap":{"0":{"name":"(anonymous_0)","decl":{"start":{"line":32,"column":35},"end":{"line":32,"column":36}},"loc":{"start":{"line":32,"column":57},"end":{"line":49,"column":1}},"line":32}},"branchMap":{"0":{"loc":{"start":{"line":36,"column":2},"end":{"line":36,"column":79}},"type":"if","locations":[{"start":{"line":36,"column":2},"end":{"line":36,"column":79}},{"start":{},"end":{}}],"line":36}},"s":{"0":21,"1":21,"2":21,"3":21,"4":21,"5":21,"6":21,"7":21,"8":21,"9":21,"10":21,"11":21,"12":21,"13":21,"14":21,"15":21,"16":21,"17":21,"18":21,"19":21,"20":21,"21":21,"22":21,"23":21,"24":21,"25":1,"26":1,"27":1,"28":1,"29":0,"30":0,"31":0,"32":1,"33":0,"34":21,"35":21,"36":21,"37":21,"38":21,"39":21,"40":21,"41":21},"f":{"0":1},"b":{"0":[0,1]},"_coverageSchema":"1a1c01bbd47fc00a2c39e90264f33305004495a9","hash":"7274adea81caf77bf15d4f36e8dca368437735d9"}
,"D:\\Hacktiv8\\phase_2_rev1\\WEEK_3\\IP-HCK86\\server\\controllers\\AuthController.js": {"path":"D:\\Hacktiv8\\phase_2_rev1\\WEEK_3\\IP-HCK86\\server\\controllers\\AuthController.js","statementMap":{"0":{"start":{"line":1,"column":28},"end":{"line":1,"column":56}},"1":{"start":{"line":2,"column":22},"end":{"line":2,"column":47}},"2":{"start":{"line":3,"column":17},"end":{"line":3,"column":38}},"3":{"start":{"line":4,"column":25},"end":{"line":4,"column":55}},"4":{"start":{"line":5,"column":0},"end":{"line":5,"column":27}},"5":{"start":{"line":6,"column":22},"end":{"line":6,"column":50}},"6":{"start":{"line":7,"column":15},"end":{"line":7,"column":46}},"7":{"start":{"line":12,"column":2},"end":{"line":27,"column":3}},"8":{"start":{"line":13,"column":42},"end":{"line":13,"column":50}},"9":{"start":{"line":15,"column":17},"end":{"line":19,"column":6}},"10":{"start":{"line":21,"column":4},"end":{"line":24,"column":7}},"11":{"start":{"line":26,"column":4},"end":{"line":26,"column":16}},"12":{"start":{"line":31,"column":2},"end":{"line":60,"column":3}},"13":{"start":{"line":32,"column":32},"end":{"line":32,"column":40}},"14":{"start":{"line":34,"column":4},"end":{"line":36,"column":5}},"15":{"start":{"line":35,"column":6},"end":{"line":35,"column":65}},"16":{"start":{"line":37,"column":4},"end":{"line":39,"column":5}},"17":{"start":{"line":38,"column":6},"end":{"line":38,"column":68}},"18":{"start":{"line":41,"column":17},"end":{"line":43,"column":6}},"19":{"start":{"line":45,"column":4},"end":{"line":47,"column":5}},"20":{"start":{"line":46,"column":6},"end":{"line":46,"column":72}},"21":{"start":{"line":49,"column":28},"end":{"line":49,"column":68}},"22":{"start":{"line":51,"column":4},"end":{"line":53,"column":5}},"23":{"start":{"line":52,"column":6},"end":{"line":52,"column":72}},"24":{"start":{"line":55,"column":25},"end":{"line":55,"column":51}},"25":{"start":{"line":57,"column":4},"end":{"line":57,"column":57}},"26":{"start":{"line":59,"column":4},"end":{"line":59,"column":16}},"27":{"start":{"line":64,"column":2},"end":{"line":95,"column":3}},"28":{"start":{"line":66,"column":20},"end":{"line":66,"column":64}},"29":{"start":{"line":67,"column":4},"end":{"line":69,"column":5}},"30":{"start":{"line":68,"column":6},"end":{"line":68,"column":67}},"31":{"start":{"line":71,"column":19},"end":{"line":74,"column":6}},"32":{"start":{"line":76,"column":20},"end":{"line":76,"column":39}},"33":{"start":{"line":77,"column":41},"end":{"line":77,"column":48}},"34":{"start":{"line":79,"column":15},"end":{"line":79,"column":55}},"35":{"start":{"line":80,"column":4},"end":{"line":88,"column":5}},"36":{"start":{"line":82,"column":34},"end":{"line":82,"column":67}},"37":{"start":{"line":83,"column":6},"end":{"line":87,"column":9}},"38":{"start":{"line":90,"column":25},"end":{"line":90,"column":51}},"39":{"start":{"line":91,"column":4},"end":{"line":91,"column":43}},"40":{"start":{"line":93,"column":4},"end":{"line":93,"column":47}},"41":{"start":{"line":94,"column":4},"end":{"line":94,"column":16}},"42":{"start":{"line":99,"column":2},"end":{"line":104,"column":3}},"43":{"start":{"line":100,"column":17},"end":{"line":100,"column":49}},"44":{"start":{"line":101,"column":4},"end":{"line":101,"column":38}},"45":{"start":{"line":103,"column":4},"end":{"line":103,"column":16}},"46":{"start":{"line":107,"column":0},"end":{"line":107,"column":53}}},"fnMap":{"0":{"name":"register","decl":{"start":{"line":11,"column":15},"end":{"line":11,"column":23}},"loc":{"start":{"line":11,"column":40},"end":{"line":28,"column":1}},"line":11},"1":{"name":"login","decl":{"start":{"line":30,"column":15},"end":{"line":30,"column":20}},"loc":{"start":{"line":30,"column":37},"end":{"line":61,"column":1}},"line":30},"2":{"name":"googleLogin","decl":{"start":{"line":63,"column":15},"end":{"line":63,"column":26}},"loc":{"start":{"line":63,"column":43},"end":{"line":96,"column":1}},"line":63},"3":{"name":"me","decl":{"start":{"line":98,"column":15},"end":{"line":98,"column":17}},"loc":{"start":{"line":98,"column":34},"end":{"line":105,"column":1}},"line":98}},"branchMap":{"0":{"loc":{"start":{"line":34,"column":4},"end":{"line":36,"column":5}},"type":"if","locations":[{"start":{"line":34,"column":4},"end":{"line":36,"column":5}},{"start":{},"end":{}}],"line":34},"1":{"loc":{"start":{"line":37,"column":4},"end":{"line":39,"column":5}},"type":"if","locations":[{"start":{"line":37,"column":4},"end":{"line":39,"column":5}},{"start":{},"end":{}}],"line":37},"2":{"loc":{"start":{"line":45,"column":4},"end":{"line":47,"column":5}},"type":"if","locations":[{"start":{"line":45,"column":4},"end":{"line":47,"column":5}},{"start":{},"end":{}}],"line":45},"3":{"loc":{"start":{"line":51,"column":4},"end":{"line":53,"column":5}},"type":"if","locations":[{"start":{"line":51,"column":4},"end":{"line":53,"column":5}},{"start":{},"end":{}}],"line":51},"4":{"loc":{"start":{"line":66,"column":20},"end":{"line":66,"column":64}},"type":"binary-expr","locations":[{"start":{"line":66,"column":20},"end":{"line":66,"column":37}},{"start":{"line":66,"column":41},"end":{"line":66,"column":64}}],"line":66},"5":{"loc":{"start":{"line":67,"column":4},"end":{"line":69,"column":5}},"type":"if","locations":[{"start":{"line":67,"column":4},"end":{"line":69,"column":5}},{"start":{},"end":{}}],"line":67},"6":{"loc":{"start":{"line":80,"column":4},"end":{"line":88,"column":5}},"type":"if","locations":[{"start":{"line":80,"column":4},"end":{"line":88,"column":5}},{"start":{},"end":{}}],"line":80},"7":{"loc":{"start":{"line":84,"column":18},"end":{"line":84,"column":45}},"type":"binary-expr","locations":[{"start":{"line":84,"column":18},"end":{"line":84,"column":22}},{"start":{"line":84,"column":26},"end":{"line":84,"column":45}}],"line":84}},"s":{"0":21,"1":21,"2":21,"3":21,"4":21,"5":21,"6":21,"7":16,"8":16,"9":16,"10":14,"11":2,"12":17,"13":17,"14":17,"15":1,"16":16,"17":1,"18":15,"19":15,"20":0,"21":15,"22":15,"23":1,"24":14,"25":14,"26":3,"27":2,"28":2,"29":2,"30":1,"31":1,"32":1,"33":1,"34":1,"35":1,"36":1,"37":1,"38":1,"39":1,"40":1,"41":1,"42":1,"43":1,"44":1,"45":0,"46":21},"f":{"0":16,"1":17,"2":2,"3":1},"b":{"0":[1,16],"1":[1,15],"2":[0,15],"3":[1,14],"4":[2,1],"5":[1,1],"6":[1,0],"7":[1,0]},"_coverageSchema":"1a1c01bbd47fc00a2c39e90264f33305004495a9","hash":"cdc2ba631350d57ead6f090495b2c95bedfd114d"}
,"D:\\Hacktiv8\\phase_2_rev1\\WEEK_3\\IP-HCK86\\server\\controllers\\FavouriteTripController.js": {"path":"D:\\Hacktiv8\\phase_2_rev1\\WEEK_3\\IP-HCK86\\server\\controllers\\FavouriteTripController.js","statementMap":{"0":{"start":{"line":1,"column":32},"end":{"line":1,"column":52}},"1":{"start":{"line":4,"column":2},"end":{"line":15,"column":28}},"2":{"start":{"line":5,"column":29},"end":{"line":5,"column":37}},"3":{"start":{"line":6,"column":4},"end":{"line":6,"column":86}},"4":{"start":{"line":6,"column":25},"end":{"line":6,"column":53}},"5":{"start":{"line":6,"column":55},"end":{"line":6,"column":75}},"6":{"start":{"line":6,"column":76},"end":{"line":6,"column":84}},"7":{"start":{"line":7,"column":17},"end":{"line":7,"column":44}},"8":{"start":{"line":8,"column":4},"end":{"line":8,"column":81}},"9":{"start":{"line":8,"column":23},"end":{"line":8,"column":50}},"10":{"start":{"line":8,"column":52},"end":{"line":8,"column":70}},"11":{"start":{"line":8,"column":71},"end":{"line":8,"column":79}},"12":{"start":{"line":9,"column":27},"end":{"line":12,"column":6}},"13":{"start":{"line":13,"column":4},"end":{"line":13,"column":74}},"14":{"start":{"line":13,"column":38},"end":{"line":13,"column":54}},"15":{"start":{"line":13,"column":55},"end":{"line":13,"column":72}},"16":{"start":{"line":14,"column":4},"end":{"line":14,"column":42}},"17":{"start":{"line":15,"column":16},"end":{"line":15,"column":26}},"18":{"start":{"line":19,"column":2},"end":{"line":22,"column":28}},"19":{"start":{"line":20,"column":17},"end":{"line":20,"column":172}},"20":{"start":{"line":21,"column":4},"end":{"line":21,"column":19}},"21":{"start":{"line":22,"column":16},"end":{"line":22,"column":26}},"22":{"start":{"line":26,"column":2},"end":{"line":31,"column":28}},"23":{"start":{"line":27,"column":16},"end":{"line":27,"column":59}},"24":{"start":{"line":28,"column":4},"end":{"line":28,"column":136}},"25":{"start":{"line":28,"column":52},"end":{"line":28,"column":105}},"26":{"start":{"line":28,"column":107},"end":{"line":28,"column":125}},"27":{"start":{"line":28,"column":126},"end":{"line":28,"column":134}},"28":{"start":{"line":29,"column":4},"end":{"line":29,"column":24}},"29":{"start":{"line":30,"column":4},"end":{"line":30,"column":26}},"30":{"start":{"line":31,"column":16},"end":{"line":31,"column":26}},"31":{"start":{"line":34,"column":0},"end":{"line":34,"column":39}}},"fnMap":{"0":{"name":"add","decl":{"start":{"line":3,"column":15},"end":{"line":3,"column":18}},"loc":{"start":{"line":3,"column":32},"end":{"line":16,"column":1}},"line":3},"1":{"name":"list","decl":{"start":{"line":18,"column":15},"end":{"line":18,"column":19}},"loc":{"start":{"line":18,"column":33},"end":{"line":23,"column":1}},"line":18},"2":{"name":"remove","decl":{"start":{"line":25,"column":15},"end":{"line":25,"column":21}},"loc":{"start":{"line":25,"column":35},"end":{"line":32,"column":1}},"line":25}},"branchMap":{"0":{"loc":{"start":{"line":6,"column":4},"end":{"line":6,"column":86}},"type":"if","locations":[{"start":{"line":6,"column":4},"end":{"line":6,"column":86}},{"start":{},"end":{}}],"line":6},"1":{"loc":{"start":{"line":8,"column":4},"end":{"line":8,"column":81}},"type":"if","locations":[{"start":{"line":8,"column":4},"end":{"line":8,"column":81}},{"start":{},"end":{}}],"line":8},"2":{"loc":{"start":{"line":11,"column":23},"end":{"line":11,"column":33}},"type":"binary-expr","locations":[{"start":{"line":11,"column":23},"end":{"line":11,"column":27}},{"start":{"line":11,"column":29},"end":{"line":11,"column":33}}],"line":11},"3":{"loc":{"start":{"line":13,"column":4},"end":{"line":13,"column":74}},"type":"if","locations":[{"start":{"line":13,"column":4},"end":{"line":13,"column":74}},{"start":{},"end":{}}],"line":13},"4":{"loc":{"start":{"line":13,"column":7},"end":{"line":13,"column":35}},"type":"binary-expr","locations":[{"start":{"line":13,"column":7},"end":{"line":13,"column":15}},{"start":{"line":13,"column":19},"end":{"line":13,"column":35}}],"line":13},"5":{"loc":{"start":{"line":14,"column":15},"end":{"line":14,"column":30}},"type":"cond-expr","locations":[{"start":{"line":14,"column":23},"end":{"line":14,"column":26}},{"start":{"line":14,"column":27},"end":{"line":14,"column":30}}],"line":14},"6":{"loc":{"start":{"line":28,"column":4},"end":{"line":28,"column":136}},"type":"if","locations":[{"start":{"line":28,"column":4},"end":{"line":28,"column":136}},{"start":{},"end":{}}],"line":28},"7":{"loc":{"start":{"line":28,"column":7},"end":{"line":28,"column":41}},"type":"binary-expr","locations":[{"start":{"line":28,"column":7},"end":{"line":28,"column":11}},{"start":{"line":28,"column":15},"end":{"line":28,"column":41}}],"line":28}},"s":{"0":21,"1":4,"2":4,"3":4,"4":1,"5":1,"6":1,"7":3,"8":3,"9":0,"10":0,"11":0,"12":3,"13":3,"14":1,"15":1,"16":3,"17":1,"18":1,"19":1,"20":1,"21":0,"22":2,"23":2,"24":2,"25":1,"26":1,"27":1,"28":1,"29":1,"30":1,"31":21},"f":{"0":4,"1":1,"2":2},"b":{"0":[1,3],"1":[0,3],"2":[3,0],"3":[1,2],"4":[3,1],"5":[2,1],"6":[1,1],"7":[2,1]},"_coverageSchema":"1a1c01bbd47fc00a2c39e90264f33305004495a9","hash":"3737f9929c30e3cd3de8710166d5117b793f30ba"}
,"D:\\Hacktiv8\\phase_2_rev1\\WEEK_3\\IP-HCK86\\server\\controllers\\LocationController.js": {"path":"D:\\Hacktiv8\\phase_2_rev1\\WEEK_3\\IP-HCK86\\server\\controllers\\LocationController.js","statementMap":{"0":{"start":{"line":1,"column":24},"end":{"line":1,"column":54}},"1":{"start":{"line":2,"column":39},"end":{"line":2,"column":68}},"2":{"start":{"line":5,"column":2},"end":{"line":11,"column":26}},"3":{"start":{"line":6,"column":18},"end":{"line":6,"column":27}},"4":{"start":{"line":7,"column":4},"end":{"line":7,"column":73}},"5":{"start":{"line":7,"column":12},"end":{"line":7,"column":73}},"6":{"start":{"line":8,"column":16},"end":{"line":8,"column":36}},"7":{"start":{"line":9,"column":4},"end":{"line":9,"column":77}},"8":{"start":{"line":9,"column":14},"end":{"line":9,"column":77}},"9":{"start":{"line":10,"column":4},"end":{"line":10,"column":18}},"10":{"start":{"line":11,"column":16},"end":{"line":11,"column":24}},"11":{"start":{"line":15,"column":2},"end":{"line":18,"column":26}},"12":{"start":{"line":16,"column":17},"end":{"line":16,"column":37}},"13":{"start":{"line":17,"column":4},"end":{"line":17,"column":19}},"14":{"start":{"line":18,"column":16},"end":{"line":18,"column":24}},"15":{"start":{"line":22,"column":2},"end":{"line":27,"column":26}},"16":{"start":{"line":23,"column":27},"end":{"line":23,"column":37}},"17":{"start":{"line":24,"column":4},"end":{"line":24,"column":91}},"18":{"start":{"line":24,"column":21},"end":{"line":24,"column":91}},"19":{"start":{"line":25,"column":17},"end":{"line":25,"column":47}},"20":{"start":{"line":26,"column":4},"end":{"line":26,"column":19}},"21":{"start":{"line":27,"column":16},"end":{"line":27,"column":24}},"22":{"start":{"line":30,"column":0},"end":{"line":30,"column":50}}},"fnMap":{"0":{"name":"search","decl":{"start":{"line":4,"column":15},"end":{"line":4,"column":21}},"loc":{"start":{"line":4,"column":38},"end":{"line":12,"column":1}},"line":4},"1":{"name":"provinces","decl":{"start":{"line":14,"column":15},"end":{"line":14,"column":24}},"loc":{"start":{"line":14,"column":41},"end":{"line":19,"column":1}},"line":14},"2":{"name":"regencies","decl":{"start":{"line":21,"column":15},"end":{"line":21,"column":24}},"loc":{"start":{"line":21,"column":41},"end":{"line":28,"column":1}},"line":21}},"branchMap":{"0":{"loc":{"start":{"line":7,"column":4},"end":{"line":7,"column":73}},"type":"if","locations":[{"start":{"line":7,"column":4},"end":{"line":7,"column":73}},{"start":{},"end":{}}],"line":7},"1":{"loc":{"start":{"line":9,"column":4},"end":{"line":9,"column":77}},"type":"if","locations":[{"start":{"line":9,"column":4},"end":{"line":9,"column":77}},{"start":{},"end":{}}],"line":9},"2":{"loc":{"start":{"line":24,"column":4},"end":{"line":24,"column":91}},"type":"if","locations":[{"start":{"line":24,"column":4},"end":{"line":24,"column":91}},{"start":{},"end":{}}],"line":24}},"s":{"0":21,"1":21,"2":3,"3":3,"4":3,"5":1,"6":2,"7":2,"8":1,"9":1,"10":0,"11":1,"12":1,"13":0,"14":1,"15":1,"16":1,"17":1,"18":0,"19":1,"20":0,"21":1,"22":21},"f":{"0":3,"1":1,"2":1},"b":{"0":[1,2],"1":[1,1],"2":[0,1]},"_coverageSchema":"1a1c01bbd47fc00a2c39e90264f33305004495a9","hash":"dde80ed6dcd5aa8b241e103daeb1c816c1e280cc"}
,"D:\\Hacktiv8\\phase_2_rev1\\WEEK_3\\IP-HCK86\\server\\controllers\\TripController.js": {"path":"D:\\Hacktiv8\\phase_2_rev1\\WEEK_3\\IP-HCK86\\server\\controllers\\TripController.js","statementMap":{"0":{"start":{"line":2,"column":0},"end":{"line":2,"column":27}},"1":{"start":{"line":4,"column":17},"end":{"line":4,"column":37}},"2":{"start":{"line":5,"column":30},"end":{"line":5,"column":59}},"3":{"start":{"line":6,"column":23},"end":{"line":6,"column":55}},"4":{"start":{"line":7,"column":24},"end":{"line":7,"column":54}},"5":{"start":{"line":11,"column":2},"end":{"line":92,"column":3}},"6":{"start":{"line":23,"column":8},"end":{"line":23,"column":16}},"7":{"start":{"line":24,"column":19},"end":{"line":24,"column":30}},"8":{"start":{"line":26,"column":4},"end":{"line":26,"column":94}},"9":{"start":{"line":26,"column":30},"end":{"line":26,"column":57}},"10":{"start":{"line":26,"column":59},"end":{"line":26,"column":81}},"11":{"start":{"line":26,"column":82},"end":{"line":26,"column":92}},"12":{"start":{"line":29,"column":23},"end":{"line":29,"column":25}},"13":{"start":{"line":30,"column":4},"end":{"line":31,"column":113}},"14":{"start":{"line":30,"column":34},"end":{"line":30,"column":59}},"15":{"start":{"line":31,"column":9},"end":{"line":31,"column":113}},"16":{"start":{"line":31,"column":44},"end":{"line":31,"column":113}},"17":{"start":{"line":31,"column":87},"end":{"line":31,"column":95}},"18":{"start":{"line":32,"column":4},"end":{"line":32,"column":112}},"19":{"start":{"line":32,"column":44},"end":{"line":32,"column":75}},"20":{"start":{"line":32,"column":77},"end":{"line":32,"column":99}},"21":{"start":{"line":32,"column":100},"end":{"line":32,"column":110}},"22":{"start":{"line":34,"column":20},"end":{"line":34,"column":36}},"23":{"start":{"line":35,"column":19},"end":{"line":35,"column":22}},"24":{"start":{"line":36,"column":20},"end":{"line":36,"column":23}},"25":{"start":{"line":38,"column":4},"end":{"line":43,"column":5}},"26":{"start":{"line":39,"column":6},"end":{"line":42,"column":43}},"27":{"start":{"line":40,"column":20},"end":{"line":40,"column":48}},"28":{"start":{"line":41,"column":8},"end":{"line":41,"column":83}},"29":{"start":{"line":41,"column":19},"end":{"line":41,"column":38}},"30":{"start":{"line":41,"column":39},"end":{"line":41,"column":59}},"31":{"start":{"line":41,"column":60},"end":{"line":41,"column":81}},"32":{"start":{"line":45,"column":4},"end":{"line":48,"column":5}},"33":{"start":{"line":46,"column":18},"end":{"line":46,"column":84}},"34":{"start":{"line":47,"column":6},"end":{"line":47,"column":28}},"35":{"start":{"line":47,"column":29},"end":{"line":47,"column":39}},"36":{"start":{"line":51,"column":31},"end":{"line":51,"column":39}},"37":{"start":{"line":52,"column":2},"end":{"line":52,"column":124}},"38":{"start":{"line":52,"column":44},"end":{"line":52,"column":87}},"39":{"start":{"line":52,"column":89},"end":{"line":52,"column":111}},"40":{"start":{"line":52,"column":112},"end":{"line":52,"column":122}},"41":{"start":{"line":53,"column":13},"end":{"line":53,"column":32}},"42":{"start":{"line":53,"column":45},"end":{"line":53,"column":62}},"43":{"start":{"line":54,"column":2},"end":{"line":54,"column":123}},"44":{"start":{"line":54,"column":55},"end":{"line":54,"column":86}},"45":{"start":{"line":54,"column":88},"end":{"line":54,"column":110}},"46":{"start":{"line":54,"column":111},"end":{"line":54,"column":121}},"47":{"start":{"line":55,"column":16},"end":{"line":55,"column":26}},"48":{"start":{"line":55,"column":28},"end":{"line":55,"column":52}},"49":{"start":{"line":56,"column":2},"end":{"line":56,"column":113}},"50":{"start":{"line":56,"column":32},"end":{"line":56,"column":76}},"51":{"start":{"line":56,"column":78},"end":{"line":56,"column":100}},"52":{"start":{"line":56,"column":101},"end":{"line":56,"column":111}},"53":{"start":{"line":57,"column":23},"end":{"line":57,"column":59}},"54":{"start":{"line":60,"column":16},"end":{"line":60,"column":20}},"55":{"start":{"line":60,"column":38},"end":{"line":60,"column":42}},"56":{"start":{"line":61,"column":2},"end":{"line":67,"column":3}},"57":{"start":{"line":62,"column":4},"end":{"line":62,"column":47}},"58":{"start":{"line":63,"column":4},"end":{"line":63,"column":19}},"59":{"start":{"line":65,"column":4},"end":{"line":65,"column":134}},"60":{"start":{"line":65,"column":10},"end":{"line":65,"column":78}},"61":{"start":{"line":65,"column":89},"end":{"line":65,"column":132}},"62":{"start":{"line":66,"column":4},"end":{"line":66,"column":124}},"63":{"start":{"line":66,"column":10},"end":{"line":66,"column":94}},"64":{"start":{"line":66,"column":105},"end":{"line":66,"column":122}},"65":{"start":{"line":70,"column":22},"end":{"line":70,"column":150}},"66":{"start":{"line":71,"column":17},"end":{"line":87,"column":6}},"67":{"start":{"line":89,"column":4},"end":{"line":89,"column":31}},"68":{"start":{"line":91,"column":4},"end":{"line":91,"column":16}},"69":{"start":{"line":97,"column":2},"end":{"line":102,"column":3}},"70":{"start":{"line":98,"column":18},"end":{"line":98,"column":72}},"71":{"start":{"line":99,"column":4},"end":{"line":99,"column":20}},"72":{"start":{"line":101,"column":4},"end":{"line":101,"column":16}},"73":{"start":{"line":107,"column":2},"end":{"line":117,"column":3}},"74":{"start":{"line":108,"column":17},"end":{"line":108,"column":51}},"75":{"start":{"line":109,"column":4},"end":{"line":113,"column":5}},"76":{"start":{"line":110,"column":20},"end":{"line":110,"column":63}},"77":{"start":{"line":111,"column":6},"end":{"line":111,"column":30}},"78":{"start":{"line":112,"column":6},"end":{"line":112,"column":18}},"79":{"start":{"line":114,"column":4},"end":{"line":114,"column":19}},"80":{"start":{"line":116,"column":4},"end":{"line":116,"column":16}},"81":{"start":{"line":122,"column":2},"end":{"line":212,"column":3}},"82":{"start":{"line":134,"column":8},"end":{"line":134,"column":16}},"83":{"start":{"line":136,"column":17},"end":{"line":136,"column":51}},"84":{"start":{"line":137,"column":4},"end":{"line":141,"column":5}},"85":{"start":{"line":138,"column":20},"end":{"line":138,"column":63}},"86":{"start":{"line":139,"column":6},"end":{"line":139,"column":30}},"87":{"start":{"line":140,"column":6},"end":{"line":140,"column":18}},"88":{"start":{"line":144,"column":17},"end":{"line":144,"column":57}},"89":{"start":{"line":148,"column":4},"end":{"line":150,"column":38}},"90":{"start":{"line":148,"column":34},"end":{"line":148,"column":59}},"91":{"start":{"line":149,"column":9},"end":{"line":150,"column":38}},"92":{"start":{"line":149,"column":44},"end":{"line":149,"column":113}},"93":{"start":{"line":149,"column":87},"end":{"line":149,"column":95}},"94":{"start":{"line":150,"column":9},"end":{"line":150,"column":38}},"95":{"start":{"line":153,"column":18},"end":{"line":153,"column":69}},"96":{"start":{"line":154,"column":17},"end":{"line":154,"column":73}},"97":{"start":{"line":155,"column":17},"end":{"line":155,"column":73}},"98":{"start":{"line":158,"column":4},"end":{"line":163,"column":5}},"99":{"start":{"line":159,"column":6},"end":{"line":162,"column":42}},"100":{"start":{"line":160,"column":20},"end":{"line":160,"column":46}},"101":{"start":{"line":161,"column":8},"end":{"line":161,"column":76}},"102":{"start":{"line":161,"column":19},"end":{"line":161,"column":36}},"103":{"start":{"line":161,"column":37},"end":{"line":161,"column":54}},"104":{"start":{"line":161,"column":55},"end":{"line":161,"column":74}},"105":{"start":{"line":167,"column":29},"end":{"line":167,"column":97}},"106":{"start":{"line":168,"column":28},"end":{"line":168,"column":95}},"107":{"start":{"line":170,"column":21},"end":{"line":170,"column":35}},"108":{"start":{"line":171,"column":19},"end":{"line":171,"column":31}},"109":{"start":{"line":172,"column":2},"end":{"line":172,"column":56}},"110":{"start":{"line":172,"column":31},"end":{"line":172,"column":56}},"111":{"start":{"line":173,"column":2},"end":{"line":173,"column":50}},"112":{"start":{"line":173,"column":29},"end":{"line":173,"column":50}},"113":{"start":{"line":175,"column":14},"end":{"line":175,"column":36}},"114":{"start":{"line":175,"column":50},"end":{"line":175,"column":70}},"115":{"start":{"line":176,"column":2},"end":{"line":176,"column":127}},"116":{"start":{"line":176,"column":59},"end":{"line":176,"column":90}},"117":{"start":{"line":176,"column":92},"end":{"line":176,"column":114}},"118":{"start":{"line":176,"column":115},"end":{"line":176,"column":125}},"119":{"start":{"line":177,"column":17},"end":{"line":177,"column":27}},"120":{"start":{"line":177,"column":29},"end":{"line":177,"column":54}},"121":{"start":{"line":178,"column":2},"end":{"line":178,"column":115}},"122":{"start":{"line":178,"column":34},"end":{"line":178,"column":78}},"123":{"start":{"line":178,"column":80},"end":{"line":178,"column":102}},"124":{"start":{"line":178,"column":103},"end":{"line":178,"column":113}},"125":{"start":{"line":179,"column":26},"end":{"line":179,"column":62}},"126":{"start":{"line":181,"column":18},"end":{"line":181,"column":30}},"127":{"start":{"line":182,"column":20},"end":{"line":182,"column":34}},"128":{"start":{"line":184,"column":22},"end":{"line":184,"column":84}},"129":{"start":{"line":185,"column":2},"end":{"line":194,"column":5}},"130":{"start":{"line":186,"column":6},"end":{"line":188,"column":61}},"131":{"start":{"line":187,"column":4},"end":{"line":187,"column":73}},"132":{"start":{"line":188,"column":16},"end":{"line":188,"column":59}},"133":{"start":{"line":189,"column":6},"end":{"line":193,"column":7}},"134":{"start":{"line":190,"column":4},"end":{"line":190,"column":89}},"135":{"start":{"line":192,"column":8},"end":{"line":192,"column":58}},"136":{"start":{"line":196,"column":4},"end":{"line":196,"column":26}},"137":{"start":{"line":197,"column":4},"end":{"line":197,"column":33}},"138":{"start":{"line":198,"column":4},"end":{"line":198,"column":24}},"139":{"start":{"line":199,"column":4},"end":{"line":199,"column":22}},"140":{"start":{"line":200,"column":4},"end":{"line":200,"column":22}},"141":{"start":{"line":201,"column":2},"end":{"line":201,"column":32}},"142":{"start":{"line":202,"column":2},"end":{"line":202,"column":28}},"143":{"start":{"line":203,"column":4},"end":{"line":203,"column":74}},"144":{"start":{"line":203,"column":38},"end":{"line":203,"column":74}},"145":{"start":{"line":204,"column":4},"end":{"line":204,"column":62}},"146":{"start":{"line":204,"column":34},"end":{"line":204,"column":62}},"147":{"start":{"line":205,"column":4},"end":{"line":205,"column":27}},"148":{"start":{"line":206,"column":4},"end":{"line":206,"column":31}},"149":{"start":{"line":208,"column":4},"end":{"line":208,"column":22}},"150":{"start":{"line":209,"column":4},"end":{"line":209,"column":19}},"151":{"start":{"line":211,"column":4},"end":{"line":211,"column":16}},"152":{"start":{"line":217,"column":2},"end":{"line":229,"column":3}},"153":{"start":{"line":218,"column":17},"end":{"line":218,"column":51}},"154":{"start":{"line":219,"column":4},"end":{"line":223,"column":5}},"155":{"start":{"line":220,"column":20},"end":{"line":220,"column":63}},"156":{"start":{"line":221,"column":6},"end":{"line":221,"column":30}},"157":{"start":{"line":222,"column":6},"end":{"line":222,"column":18}},"158":{"start":{"line":225,"column":4},"end":{"line":225,"column":25}},"159":{"start":{"line":226,"column":4},"end":{"line":226,"column":66}},"160":{"start":{"line":228,"column":4},"end":{"line":228,"column":16}},"161":{"start":{"line":232,"column":0},"end":{"line":232,"column":60}}},"fnMap":{"0":{"name":"create","decl":{"start":{"line":10,"column":15},"end":{"line":10,"column":21}},"loc":{"start":{"line":10,"column":38},"end":{"line":93,"column":1}},"line":10},"1":{"name":"(anonymous_1)","decl":{"start":{"line":31,"column":84},"end":{"line":31,"column":85}},"loc":{"start":{"line":31,"column":87},"end":{"line":31,"column":95}},"line":31},"2":{"name":"getAll","decl":{"start":{"line":96,"column":15},"end":{"line":96,"column":21}},"loc":{"start":{"line":96,"column":38},"end":{"line":103,"column":1}},"line":96},"3":{"name":"getOne","decl":{"start":{"line":106,"column":15},"end":{"line":106,"column":21}},"loc":{"start":{"line":106,"column":38},"end":{"line":118,"column":1}},"line":106},"4":{"name":"update","decl":{"start":{"line":121,"column":15},"end":{"line":121,"column":21}},"loc":{"start":{"line":121,"column":38},"end":{"line":213,"column":1}},"line":121},"5":{"name":"(anonymous_5)","decl":{"start":{"line":149,"column":84},"end":{"line":149,"column":85}},"loc":{"start":{"line":149,"column":87},"end":{"line":149,"column":95}},"line":149},"6":{"name":"remove","decl":{"start":{"line":216,"column":15},"end":{"line":216,"column":21}},"loc":{"start":{"line":216,"column":38},"end":{"line":230,"column":1}},"line":216}},"branchMap":{"0":{"loc":{"start":{"line":26,"column":4},"end":{"line":26,"column":94}},"type":"if","locations":[{"start":{"line":26,"column":4},"end":{"line":26,"column":94}},{"start":{},"end":{}}],"line":26},"1":{"loc":{"start":{"line":30,"column":4},"end":{"line":31,"column":113}},"type":"if","locations":[{"start":{"line":30,"column":4},"end":{"line":31,"column":113}},{"start":{"line":31,"column":9},"end":{"line":31,"column":113}}],"line":30},"2":{"loc":{"start":{"line":31,"column":9},"end":{"line":31,"column":113}},"type":"if","locations":[{"start":{"line":31,"column":9},"end":{"line":31,"column":113}},{"start":{},"end":{}}],"line":31},"3":{"loc":{"start":{"line":32,"column":4},"end":{"line":32,"column":112}},"type":"if","locations":[{"start":{"line":32,"column":4},"end":{"line":32,"column":112}},{"start":{},"end":{}}],"line":32},"4":{"loc":{"start":{"line":34,"column":20},"end":{"line":34,"column":36}},"type":"binary-expr","locations":[{"start":{"line":34,"column":20},"end":{"line":34,"column":24}},{"start":{"line":34,"column":28},"end":{"line":34,"column":36}}],"line":34},"5":{"loc":{"start":{"line":38,"column":4},"end":{"line":43,"column":5}},"type":"if","locations":[{"start":{"line":38,"column":4},"end":{"line":43,"column":5}},{"start":{},"end":{}}],"line":38},"6":{"loc":{"start":{"line":38,"column":8},"end":{"line":38,"column":46}},"type":"binary-expr","locations":[{"start":{"line":38,"column":9},"end":{"line":38,"column":18}},{"start":{"line":38,"column":22},"end":{"line":38,"column":32}},{"start":{"line":38,"column":37},"end":{"line":38,"column":46}}],"line":38},"7":{"loc":{"start":{"line":41,"column":8},"end":{"line":41,"column":83}},"type":"if","locations":[{"start":{"line":41,"column":8},"end":{"line":41,"column":83}},{"start":{},"end":{}}],"line":41},"8":{"loc":{"start":{"line":45,"column":4},"end":{"line":48,"column":5}},"type":"if","locations":[{"start":{"line":45,"column":4},"end":{"line":48,"column":5}},{"start":{},"end":{}}],"line":45},"9":{"loc":{"start":{"line":45,"column":8},"end":{"line":45,"column":59}},"type":"binary-expr","locations":[{"start":{"line":45,"column":8},"end":{"line":45,"column":18}},{"start":{"line":45,"column":22},"end":{"line":45,"column":38}},{"start":{"line":45,"column":42},"end":{"line":45,"column":59}}],"line":45},"10":{"loc":{"start":{"line":52,"column":2},"end":{"line":52,"column":124}},"type":"if","locations":[{"start":{"line":52,"column":2},"end":{"line":52,"column":124}},{"start":{},"end":{}}],"line":52},"11":{"loc":{"start":{"line":52,"column":6},"end":{"line":52,"column":28}},"type":"binary-expr","locations":[{"start":{"line":52,"column":6},"end":{"line":52,"column":16}},{"start":{"line":52,"column":20},"end":{"line":52,"column":28}}],"line":52},"12":{"loc":{"start":{"line":54,"column":2},"end":{"line":54,"column":123}},"type":"if","locations":[{"start":{"line":54,"column":2},"end":{"line":54,"column":123}},{"start":{},"end":{}}],"line":54},"13":{"loc":{"start":{"line":54,"column":6},"end":{"line":54,"column":39}},"type":"binary-expr","locations":[{"start":{"line":54,"column":6},"end":{"line":54,"column":15}},{"start":{"line":54,"column":19},"end":{"line":54,"column":28}},{"start":{"line":54,"column":32},"end":{"line":54,"column":39}}],"line":54},"14":{"loc":{"start":{"line":56,"column":2},"end":{"line":56,"column":113}},"type":"if","locations":[{"start":{"line":56,"column":2},"end":{"line":56,"column":113}},{"start":{},"end":{}}],"line":56},"15":{"loc":{"start":{"line":61,"column":2},"end":{"line":67,"column":3}},"type":"if","locations":[{"start":{"line":61,"column":2},"end":{"line":67,"column":3}},{"start":{"line":64,"column":9},"end":{"line":67,"column":3}}],"line":61},"16":{"loc":{"start":{"line":70,"column":23},"end":{"line":70,"column":41}},"type":"binary-expr","locations":[{"start":{"line":70,"column":23},"end":{"line":70,"column":28}},{"start":{"line":70,"column":32},"end":{"line":70,"column":41}}],"line":70},"17":{"loc":{"start":{"line":74,"column":18},"end":{"line":74,"column":36}},"type":"binary-expr","locations":[{"start":{"line":74,"column":18},"end":{"line":74,"column":28}},{"start":{"line":74,"column":32},"end":{"line":74,"column":36}}],"line":74},"18":{"loc":{"start":{"line":75,"column":17},"end":{"line":75,"column":34}},"type":"binary-expr","locations":[{"start":{"line":75,"column":17},"end":{"line":75,"column":26}},{"start":{"line":75,"column":30},"end":{"line":75,"column":34}}],"line":75},"19":{"loc":{"start":{"line":79,"column":15},"end":{"line":79,"column":30}},"type":"binary-expr","locations":[{"start":{"line":79,"column":15},"end":{"line":79,"column":22}},{"start":{"line":79,"column":26},"end":{"line":79,"column":30}}],"line":79},"20":{"loc":{"start":{"line":80,"column":17},"end":{"line":80,"column":34}},"type":"binary-expr","locations":[{"start":{"line":80,"column":17},"end":{"line":80,"column":26}},{"start":{"line":80,"column":30},"end":{"line":80,"column":34}}],"line":80},"21":{"loc":{"start":{"line":81,"column":21},"end":{"line":81,"column":43}},"type":"binary-expr","locations":[{"start":{"line":81,"column":21},"end":{"line":81,"column":35}},{"start":{"line":81,"column":39},"end":{"line":81,"column":43}}],"line":81},"22":{"loc":{"start":{"line":82,"column":17},"end":{"line":82,"column":35}},"type":"binary-expr","locations":[{"start":{"line":82,"column":17},"end":{"line":82,"column":27}},{"start":{"line":82,"column":31},"end":{"line":82,"column":35}}],"line":82},"23":{"loc":{"start":{"line":109,"column":4},"end":{"line":113,"column":5}},"type":"if","locations":[{"start":{"line":109,"column":4},"end":{"line":113,"column":5}},{"start":{},"end":{}}],"line":109},"24":{"loc":{"start":{"line":109,"column":8},"end":{"line":109,"column":44}},"type":"binary-expr","locations":[{"start":{"line":109,"column":8},"end":{"line":109,"column":13}},{"start":{"line":109,"column":17},"end":{"line":109,"column":44}}],"line":109},"25":{"loc":{"start":{"line":137,"column":4},"end":{"line":141,"column":5}},"type":"if","locations":[{"start":{"line":137,"column":4},"end":{"line":141,"column":5}},{"start":{},"end":{}}],"line":137},"26":{"loc":{"start":{"line":137,"column":8},"end":{"line":137,"column":44}},"type":"binary-expr","locations":[{"start":{"line":137,"column":8},"end":{"line":137,"column":13}},{"start":{"line":137,"column":17},"end":{"line":137,"column":44}}],"line":137},"27":{"loc":{"start":{"line":144,"column":17},"end":{"line":144,"column":57}},"type":"cond-expr","locations":[{"start":{"line":144,"column":39},"end":{"line":144,"column":44}},{"start":{"line":144,"column":47},"end":{"line":144,"column":57}}],"line":144},"28":{"loc":{"start":{"line":148,"column":4},"end":{"line":150,"column":38}},"type":"if","locations":[{"start":{"line":148,"column":4},"end":{"line":150,"column":38}},{"start":{"line":149,"column":9},"end":{"line":150,"column":38}}],"line":148},"29":{"loc":{"start":{"line":149,"column":9},"end":{"line":150,"column":38}},"type":"if","locations":[{"start":{"line":149,"column":9},"end":{"line":150,"column":38}},{"start":{"line":150,"column":9},"end":{"line":150,"column":38}}],"line":149},"30":{"loc":{"start":{"line":153,"column":18},"end":{"line":153,"column":69}},"type":"cond-expr","locations":[{"start":{"line":153,"column":40},"end":{"line":153,"column":56}},{"start":{"line":153,"column":60},"end":{"line":153,"column":69}}],"line":153},"31":{"loc":{"start":{"line":153,"column":19},"end":{"line":153,"column":35}},"type":"binary-expr","locations":[{"start":{"line":153,"column":19},"end":{"line":153,"column":23}},{"start":{"line":153,"column":27},"end":{"line":153,"column":35}}],"line":153},"32":{"loc":{"start":{"line":153,"column":40},"end":{"line":153,"column":56}},"type":"binary-expr","locations":[{"start":{"line":153,"column":40},"end":{"line":153,"column":44}},{"start":{"line":153,"column":48},"end":{"line":153,"column":56}}],"line":153},"33":{"loc":{"start":{"line":154,"column":17},"end":{"line":154,"column":73}},"type":"cond-expr","locations":[{"start":{"line":154,"column":51},"end":{"line":154,"column":62}},{"start":{"line":154,"column":65},"end":{"line":154,"column":73}}],"line":154},"34":{"loc":{"start":{"line":154,"column":17},"end":{"line":154,"column":48}},"type":"binary-expr","locations":[{"start":{"line":154,"column":17},"end":{"line":154,"column":34}},{"start":{"line":154,"column":38},"end":{"line":154,"column":48}}],"line":154},"35":{"loc":{"start":{"line":155,"column":17},"end":{"line":155,"column":73}},"type":"cond-expr","locations":[{"start":{"line":155,"column":51},"end":{"line":155,"column":62}},{"start":{"line":155,"column":65},"end":{"line":155,"column":73}}],"line":155},"36":{"loc":{"start":{"line":155,"column":17},"end":{"line":155,"column":48}},"type":"binary-expr","locations":[{"start":{"line":155,"column":17},"end":{"line":155,"column":34}},{"start":{"line":155,"column":38},"end":{"line":155,"column":48}}],"line":155},"37":{"loc":{"start":{"line":158,"column":4},"end":{"line":163,"column":5}},"type":"if","locations":[{"start":{"line":158,"column":4},"end":{"line":163,"column":5}},{"start":{},"end":{}}],"line":158},"38":{"loc":{"start":{"line":158,"column":8},"end":{"line":158,"column":70}},"type":"binary-expr","locations":[{"start":{"line":158,"column":9},"end":{"line":158,"column":13}},{"start":{"line":158,"column":17},"end":{"line":158,"column":25}},{"start":{"line":158,"column":31},"end":{"line":158,"column":48}},{"start":{"line":158,"column":52},"end":{"line":158,"column":69}}],"line":158},"39":{"loc":{"start":{"line":161,"column":8},"end":{"line":161,"column":76}},"type":"if","locations":[{"start":{"line":161,"column":8},"end":{"line":161,"column":76}},{"start":{},"end":{}}],"line":161},"40":{"loc":{"start":{"line":167,"column":77},"end":{"line":167,"column":96}},"type":"binary-expr","locations":[{"start":{"line":167,"column":77},"end":{"line":167,"column":90}},{"start":{"line":167,"column":94},"end":{"line":167,"column":96}}],"line":167},"41":{"loc":{"start":{"line":168,"column":28},"end":{"line":168,"column":95}},"type":"binary-expr","locations":[{"start":{"line":168,"column":28},"end":{"line":168,"column":49}},{"start":{"line":168,"column":53},"end":{"line":168,"column":72}},{"start":{"line":168,"column":76},"end":{"line":168,"column":95}}],"line":168},"42":{"loc":{"start":{"line":172,"column":2},"end":{"line":172,"column":56}},"type":"if","locations":[{"start":{"line":172,"column":2},"end":{"line":172,"column":56}},{"start":{},"end":{}}],"line":172},"43":{"loc":{"start":{"line":173,"column":2},"end":{"line":173,"column":50}},"type":"if","locations":[{"start":{"line":173,"column":2},"end":{"line":173,"column":50}},{"start":{},"end":{}}],"line":173},"44":{"loc":{"start":{"line":176,"column":2},"end":{"line":176,"column":127}},"type":"if","locations":[{"start":{"line":176,"column":2},"end":{"line":176,"column":127}},{"start":{},"end":{}}],"line":176},"45":{"loc":{"start":{"line":176,"column":6},"end":{"line":176,"column":43}},"type":"binary-expr","locations":[{"start":{"line":176,"column":6},"end":{"line":176,"column":16}},{"start":{"line":176,"column":20},"end":{"line":176,"column":30}},{"start":{"line":176,"column":34},"end":{"line":176,"column":43}}],"line":176},"46":{"loc":{"start":{"line":178,"column":2},"end":{"line":178,"column":115}},"type":"if","locations":[{"start":{"line":178,"column":2},"end":{"line":178,"column":115}},{"start":{},"end":{}}],"line":178},"47":{"loc":{"start":{"line":184,"column":22},"end":{"line":184,"column":84}},"type":"binary-expr","locations":[{"start":{"line":184,"column":22},"end":{"line":184,"column":53}},{"start":{"line":184,"column":57},"end":{"line":184,"column":84}}],"line":184},"48":{"loc":{"start":{"line":185,"column":2},"end":{"line":194,"column":5}},"type":"if","locations":[{"start":{"line":185,"column":2},"end":{"line":194,"column":5}},{"start":{},"end":{}}],"line":185},"49":{"loc":{"start":{"line":185,"column":6},"end":{"line":185,"column":56}},"type":"binary-expr","locations":[{"start":{"line":185,"column":6},"end":{"line":185,"column":22}},{"start":{"line":185,"column":26},"end":{"line":185,"column":41}},{"start":{"line":185,"column":45},"end":{"line":185,"column":56}}],"line":185},"50":{"loc":{"start":{"line":203,"column":4},"end":{"line":203,"column":74}},"type":"if","locations":[{"start":{"line":203,"column":4},"end":{"line":203,"column":74}},{"start":{},"end":{}}],"line":203},"51":{"loc":{"start":{"line":204,"column":4},"end":{"line":204,"column":62}},"type":"if","locations":[{"start":{"line":204,"column":4},"end":{"line":204,"column":62}},{"start":{},"end":{}}],"line":204},"52":{"loc":{"start":{"line":219,"column":4},"end":{"line":223,"column":5}},"type":"if","locations":[{"start":{"line":219,"column":4},"end":{"line":223,"column":5}},{"start":{},"end":{}}],"line":219},"53":{"loc":{"start":{"line":219,"column":8},"end":{"line":219,"column":44}},"type":"binary-expr","locations":[{"start":{"line":219,"column":8},"end":{"line":219,"column":13}},{"start":{"line":219,"column":17},"end":{"line":219,"column":44}}],"line":219}},"s":{"0":21,"1":21,"2":21,"3":21,"4":21,"5":14,"6":14,"7":14,"8":14,"9":1,"10":1,"11":1,"12":13,"13":13,"14":0,"15":13,"16":12,"17":12,"18":13,"19":1,"20":1,"21":1,"22":12,"23":12,"24":12,"25":12,"26":11,"27":11,"28":11,"29":11,"30":11,"31":11,"32":12,"33":1,"34":1,"35":1,"36":11,"37":11,"38":0,"39":0,"40":0,"41":11,"42":11,"43":11,"44":1,"45":1,"46":1,"47":10,"48":10,"49":10,"50":1,"51":1,"52":1,"53":9,"54":9,"55":9,"56":9,"57":9,"58":9,"59":0,"60":0,"61":0,"62":0,"63":0,"64":0,"65":9,"66":9,"67":9,"68":5,"69":1,"70":1,"71":1,"72":0,"73":2,"74":2,"75":2,"76":1,"77":1,"78":1,"79":1,"80":1,"81":9,"82":9,"83":9,"84":9,"85":0,"86":0,"87":0,"88":9,"89":9,"90":1,"91":8,"92":1,"93":2,"94":7,"95":9,"96":9,"97":9,"98":9,"99":1,"100":1,"101":1,"102":1,"103":1,"104":1,"105":9,"106":9,"107":9,"108":9,"109":9,"110":2,"111":9,"112":2,"113":9,"114":9,"115":9,"116":1,"117":1,"118":1,"119":8,"120":8,"121":8,"122":0,"123":0,"124":0,"125":8,"126":8,"127":8,"128":8,"129":8,"130":4,"131":4,"132":0,"133":4,"134":4,"135":1,"136":8,"137":8,"138":8,"139":8,"140":8,"141":8,"142":8,"143":8,"144":1,"145":8,"146":1,"147":8,"148":8,"149":8,"150":8,"151":1,"152":1,"153":1,"154":1,"155":0,"156":0,"157":0,"158":1,"159":1,"160":0,"161":21},"f":{"0":14,"1":12,"2":1,"3":2,"4":9,"5":2,"6":1},"b":{"0":[1,13],"1":[0,13],"2":[12,1],"3":[1,12],"4":[12,1],"5":[11,1],"6":[12,0,12],"7":[11,0],"8":[1,11],"9":[12,11,11],"10":[0,11],"11":[11,11],"12":[1,10],"13":[11,11,11],"14":[1,9],"15":[9,0],"16":[9,0],"17":[9,9],"18":[9,9],"19":[9,0],"20":[9,0],"21":[9,9],"22":[9,9],"23":[1,1],"24":[2,1],"25":[0,9],"26":[9,9],"27":[3,6],"28":[1,8],"29":[1,7],"30":[1,8],"31":[9,8],"32":[1,0],"33":[0,9],"34":[9,0],"35":[0,9],"36":[9,0],"37":[1,8],"38":[9,8,1,1],"39":[1,0],"40":[9,0],"41":[9,8,8],"42":[2,7],"43":[2,7],"44":[1,8],"45":[9,9,9],"46":[0,8],"47":[8,7],"48":[4,4],"49":[8,6,5],"50":[1,7],"51":[1,7],"52":[0,1],"53":[1,1]},"_coverageSchema":"1a1c01bbd47fc00a2c39e90264f33305004495a9","hash":"129862140e0e10a34a9a0154a2042bc9d2fb0502"}
,"D:\\Hacktiv8\\phase_2_rev1\\WEEK_3\\IP-HCK86\\server\\helpers\\bcrypt.js": {"path":"D:\\Hacktiv8\\phase_2_rev1\\WEEK_3\\IP-HCK86\\server\\helpers\\bcrypt.js","statementMap":{"0":{"start":{"line":1,"column":15},"end":{"line":1,"column":34}},"1":{"start":{"line":3,"column":21},"end":{"line":5,"column":1}},"2":{"start":{"line":4,"column":2},"end":{"line":4,"column":39}},"3":{"start":{"line":7,"column":24},"end":{"line":9,"column":1}},"4":{"start":{"line":8,"column":2},"end":{"line":8,"column":54}},"5":{"start":{"line":11,"column":0},"end":{"line":14,"column":2}}},"fnMap":{"0":{"name":"(anonymous_0)","decl":{"start":{"line":3,"column":21},"end":{"line":3,"column":22}},"loc":{"start":{"line":3,"column":35},"end":{"line":5,"column":1}},"line":3},"1":{"name":"(anonymous_1)","decl":{"start":{"line":7,"column":24},"end":{"line":7,"column":25}},"loc":{"start":{"line":7,"column":54},"end":{"line":9,"column":1}},"line":7}},"branchMap":{},"s":{"0":28,"1":28,"2":19,"3":28,"4":15,"5":28},"f":{"0":19,"1":15},"b":{},"_coverageSchema":"1a1c01bbd47fc00a2c39e90264f33305004495a9","hash":"a53f127342f5367d457bac0138187a98ffa42777"}
,"D:\\Hacktiv8\\phase_2_rev1\\WEEK_3\\IP-HCK86\\server\\helpers\\jwt.js": {"path":"D:\\Hacktiv8\\phase_2_rev1\\WEEK_3\\IP-HCK86\\server\\helpers\\jwt.js","statementMap":{"0":{"start":{"line":1,"column":0},"end":{"line":1,"column":27}},"1":{"start":{"line":2,"column":12},"end":{"line":2,"column":35}},"2":{"start":{"line":4,"column":17},"end":{"line":4,"column":39}},"3":{"start":{"line":5,"column":0},"end":{"line":14,"column":1}},"4":{"start":{"line":7,"column":2},"end":{"line":13,"column":3}},"5":{"start":{"line":8,"column":16},"end":{"line":8,"column":71}},"6":{"start":{"line":9,"column":4},"end":{"line":9,"column":29}},"7":{"start":{"line":10,"column":4},"end":{"line":10,"column":14}},"8":{"start":{"line":12,"column":4},"end":{"line":12,"column":29}},"9":{"start":{"line":16,"column":18},"end":{"line":18,"column":1}},"10":{"start":{"line":17,"column":2},"end":{"line":17,"column":36}},"11":{"start":{"line":20,"column":20},"end":{"line":22,"column":1}},"12":{"start":{"line":21,"column":2},"end":{"line":21,"column":39}},"13":{"start":{"line":24,"column":0},"end":{"line":27,"column":2}}},"fnMap":{"0":{"name":"(anonymous_0)","decl":{"start":{"line":16,"column":18},"end":{"line":16,"column":19}},"loc":{"start":{"line":16,"column":28},"end":{"line":18,"column":1}},"line":16},"1":{"name":"(anonymous_1)","decl":{"start":{"line":20,"column":20},"end":{"line":20,"column":21}},"loc":{"start":{"line":20,"column":31},"end":{"line":22,"column":1}},"line":20}},"branchMap":{"0":{"loc":{"start":{"line":5,"column":0},"end":{"line":14,"column":1}},"type":"if","locations":[{"start":{"line":5,"column":0},"end":{"line":14,"column":1}},{"start":{},"end":{}}],"line":5},"1":{"loc":{"start":{"line":7,"column":2},"end":{"line":13,"column":3}},"type":"if","locations":[{"start":{"line":7,"column":2},"end":{"line":13,"column":3}},{"start":{"line":11,"column":9},"end":{"line":13,"column":3}}],"line":7}},"s":{"0":23,"1":23,"2":23,"3":23,"4":1,"5":1,"6":1,"7":1,"8":0,"9":22,"10":19,"11":22,"12":45,"13":22},"f":{"0":19,"1":45},"b":{"0":[1,22],"1":[1,0]},"_coverageSchema":"1a1c01bbd47fc00a2c39e90264f33305004495a9","hash":"9a152362c74ba5396b6064e18e75a932b1d9b68f"}
,"D:\\Hacktiv8\\phase_2_rev1\\WEEK_3\\IP-HCK86\\server\\middlewares\\authentication.js": {"path":"D:\\Hacktiv8\\phase_2_rev1\\WEEK_3\\IP-HCK86\\server\\middlewares\\authentication.js","statementMap":{"0":{"start":{"line":2,"column":22},"end":{"line":2,"column":48}},"1":{"start":{"line":5,"column":2},"end":{"line":23,"column":4}},"2":{"start":{"line":6,"column":18},"end":{"line":6,"column":58}},"3":{"start":{"line":8,"column":4},"end":{"line":14,"column":5}},"4":{"start":{"line":9,"column":6},"end":{"line":11,"column":7}},"5":{"start":{"line":10,"column":8},"end":{"line":10,"column":89}},"6":{"start":{"line":12,"column":6},"end":{"line":12,"column":22}},"7":{"start":{"line":13,"column":6},"end":{"line":13,"column":20}},"8":{"start":{"line":16,"column":4},"end":{"line":22,"column":5}},"9":{"start":{"line":17,"column":22},"end":{"line":17,"column":40}},"10":{"start":{"line":18,"column":6},"end":{"line":18,"column":25}},"11":{"start":{"line":19,"column":6},"end":{"line":19,"column":13}},"12":{"start":{"line":21,"column":6},"end":{"line":21,"column":87}},"13":{"start":{"line":26,"column":0},"end":{"line":26,"column":26}}},"fnMap":{"0":{"name":"auth","decl":{"start":{"line":4,"column":9},"end":{"line":4,"column":13}},"loc":{"start":{"line":4,"column":31},"end":{"line":24,"column":1}},"line":4},"1":{"name":"(anonymous_1)","decl":{"start":{"line":5,"column":9},"end":{"line":5,"column":10}},"loc":{"start":{"line":5,"column":29},"end":{"line":23,"column":3}},"line":5}},"branchMap":{"0":{"loc":{"start":{"line":4,"column":14},"end":{"line":4,"column":29}},"type":"default-arg","locations":[{"start":{"line":4,"column":25},"end":{"line":4,"column":29}}],"line":4},"1":{"loc":{"start":{"line":8,"column":4},"end":{"line":14,"column":5}},"type":"if","locations":[{"start":{"line":8,"column":4},"end":{"line":14,"column":5}},{"start":{},"end":{}}],"line":8},"2":{"loc":{"start":{"line":9,"column":6},"end":{"line":11,"column":7}},"type":"if","locations":[{"start":{"line":9,"column":6},"end":{"line":11,"column":7}},{"start":{},"end":{}}],"line":9}},"s":{"0":21,"1":252,"2":46,"3":46,"4":2,"5":2,"6":0,"7":0,"8":44,"9":44,"10":42,"11":42,"12":2,"13":21},"f":{"0":252,"1":46},"b":{"0":[252],"1":[2,44],"2":[2,0]},"_coverageSchema":"1a1c01bbd47fc00a2c39e90264f33305004495a9","hash":"70aec5565e8bd942be05a17986924062e49c2329"}
,"D:\\Hacktiv8\\phase_2_rev1\\WEEK_3\\IP-HCK86\\server\\middlewares\\authorization.js": {"path":"D:\\Hacktiv8\\phase_2_rev1\\WEEK_3\\IP-HCK86\\server\\middlewares\\authorization.js","statementMap":{"0":{"start":{"line":2,"column":2},"end":{"line":24,"column":1}},"1":{"start":{"line":3,"column":19},"end":{"line":3,"column":29}},"2":{"start":{"line":4,"column":19},"end":{"line":4,"column":48}},"3":{"start":{"line":6,"column":4},"end":{"line":8,"column":5}},"4":{"start":{"line":7,"column":6},"end":{"line":7,"column":61}},"5":{"start":{"line":10,"column":4},"end":{"line":23,"column":3}},"6":{"start":{"line":11,"column":23},"end":{"line":11,"column":47}},"7":{"start":{"line":12,"column":6},"end":{"line":14,"column":7}},"8":{"start":{"line":13,"column":8},"end":{"line":13,"column":69}},"9":{"start":{"line":16,"column":6},"end":{"line":18,"column":7}},"10":{"start":{"line":17,"column":8},"end":{"line":17,"column":75}},"11":{"start":{"line":20,"column":6},"end":{"line":20,"column":13}},"12":{"start":{"line":22,"column":6},"end":{"line":22,"column":16}},"13":{"start":{"line":27,"column":0},"end":{"line":27,"column":35}}},"fnMap":{"0":{"name":"authorization","decl":{"start":{"line":1,"column":9},"end":{"line":1,"column":22}},"loc":{"start":{"line":1,"column":30},"end":{"line":25,"column":1}},"line":1},"1":{"name":"(anonymous_1)","decl":{"start":{"line":2,"column":9},"end":{"line":2,"column":10}},"loc":{"start":{"line":2,"column":35},"end":{"line":24,"column":1}},"line":2}},"branchMap":{"0":{"loc":{"start":{"line":4,"column":19},"end":{"line":4,"column":48}},"type":"cond-expr","locations":[{"start":{"line":4,"column":30},"end":{"line":4,"column":41}},{"start":{"line":4,"column":44},"end":{"line":4,"column":48}}],"line":4},"1":{"loc":{"start":{"line":6,"column":4},"end":{"line":8,"column":5}},"type":"if","locations":[{"start":{"line":6,"column":4},"end":{"line":8,"column":5}},{"start":{},"end":{}}],"line":6},"2":{"loc":{"start":{"line":12,"column":6},"end":{"line":14,"column":7}},"type":"if","locations":[{"start":{"line":12,"column":6},"end":{"line":14,"column":7}},{"start":{},"end":{}}],"line":12},"3":{"loc":{"start":{"line":16,"column":6},"end":{"line":18,"column":7}},"type":"if","locations":[{"start":{"line":16,"column":6},"end":{"line":18,"column":7}},{"start":{},"end":{}}],"line":16}},"s":{"0":42,"1":12,"2":12,"3":12,"4":0,"5":12,"6":12,"7":12,"8":0,"9":12,"10":2,"11":10,"12":0,"13":21},"f":{"0":42,"1":12},"b":{"0":[12,0],"1":[0,12],"2":[0,12],"3":[2,10]},"_coverageSchema":"1a1c01bbd47fc00a2c39e90264f33305004495a9","hash":"146ea24c78d1114f937e5afc2b82c5be02c68d38"}
,"D:\\Hacktiv8\\phase_2_rev1\\WEEK_3\\IP-HCK86\\server\\middlewares\\errorHandler.js": {"path":"D:\\Hacktiv8\\phase_2_rev1\\WEEK_3\\IP-HCK86\\server\\middlewares\\errorHandler.js","statementMap":{"0":{"start":{"line":2,"column":15},"end":{"line":2,"column":18}},"1":{"start":{"line":3,"column":16},"end":{"line":3,"column":39}},"2":{"start":{"line":5,"column":2},"end":{"line":55,"column":3}},"3":{"start":{"line":7,"column":6},"end":{"line":7,"column":19}},"4":{"start":{"line":8,"column":6},"end":{"line":8,"column":40}},"5":{"start":{"line":9,"column":6},"end":{"line":9,"column":12}},"6":{"start":{"line":12,"column":6},"end":{"line":12,"column":19}},"7":{"start":{"line":13,"column":6},"end":{"line":13,"column":40}},"8":{"start":{"line":14,"column":6},"end":{"line":14,"column":12}},"9":{"start":{"line":17,"column":6},"end":{"line":17,"column":19}},"10":{"start":{"line":18,"column":6},"end":{"line":18,"column":30}},"11":{"start":{"line":19,"column":6},"end":{"line":19,"column":12}},"12":{"start":{"line":22,"column":6},"end":{"line":22,"column":19}},"13":{"start":{"line":23,"column":6},"end":{"line":23,"column":30}},"14":{"start":{"line":24,"column":6},"end":{"line":24,"column":12}},"15":{"start":{"line":27,"column":6},"end":{"line":27,"column":19}},"16":{"start":{"line":28,"column":6},"end":{"line":28,"column":30}},"17":{"start":{"line":29,"column":6},"end":{"line":29,"column":12}},"18":{"start":{"line":32,"column":6},"end":{"line":32,"column":19}},"19":{"start":{"line":33,"column":6},"end":{"line":33,"column":30}},"20":{"start":{"line":34,"column":6},"end":{"line":34,"column":12}},"21":{"start":{"line":36,"column":6},"end":{"line":36,"column":19}},"22":{"start":{"line":37,"column":6},"end":{"line":37,"column":30}},"23":{"start":{"line":38,"column":6},"end":{"line":38,"column":12}},"24":{"start":{"line":41,"column":6},"end":{"line":41,"column":19}},"25":{"start":{"line":42,"column":6},"end":{"line":42,"column":32}},"26":{"start":{"line":43,"column":6},"end":{"line":43,"column":12}},"27":{"start":{"line":46,"column":6},"end":{"line":46,"column":19}},"28":{"start":{"line":47,"column":6},"end":{"line":47,"column":32}},"29":{"start":{"line":48,"column":6},"end":{"line":48,"column":12}},"30":{"start":{"line":51,"column":6},"end":{"line":51,"column":47}},"31":{"start":{"line":52,"column":6},"end":{"line":52,"column":19}},"32":{"start":{"line":53,"column":6},"end":{"line":53,"column":57}},"33":{"start":{"line":54,"column":6},"end":{"line":54,"column":12}},"34":{"start":{"line":57,"column":2},"end":{"line":60,"column":5}},"35":{"start":{"line":63,"column":0},"end":{"line":63,"column":30}}},"fnMap":{"0":{"name":"errorHandler","decl":{"start":{"line":1,"column":9},"end":{"line":1,"column":21}},"loc":{"start":{"line":1,"column":45},"end":{"line":61,"column":1}},"line":1}},"branchMap":{"0":{"loc":{"start":{"line":5,"column":2},"end":{"line":55,"column":3}},"type":"switch","locations":[{"start":{"line":6,"column":4},"end":{"line":9,"column":12}},{"start":{"line":11,"column":4},"end":{"line":14,"column":12}},{"start":{"line":16,"column":4},"end":{"line":19,"column":12}},{"start":{"line":21,"column":4},"end":{"line":24,"column":12}},{"start":{"line":26,"column":4},"end":{"line":29,"column":12}},{"start":{"line":31,"column":4},"end":{"line":34,"column":12}},{"start":{"line":35,"column":4},"end":{"line":38,"column":12}},{"start":{"line":40,"column":4},"end":{"line":43,"column":12}},{"start":{"line":45,"column":4},"end":{"line":48,"column":12}},{"start":{"line":50,"column":4},"end":{"line":54,"column":12}}],"line":5},"1":{"loc":{"start":{"line":53,"column":16},"end":{"line":53,"column":56}},"type":"binary-expr","locations":[{"start":{"line":53,"column":16},"end":{"line":53,"column":29}},{"start":{"line":53,"column":33},"end":{"line":53,"column":56}}],"line":53},"2":{"loc":{"start":{"line":59,"column":8},"end":{"line":59,"column":72}},"type":"binary-expr","locations":[{"start":{"line":59,"column":8},"end":{"line":59,"column":46}},{"start":{"line":59,"column":50},"end":{"line":59,"column":72}}],"line":59}},"s":{"0":21,"1":21,"2":21,"3":1,"4":1,"5":1,"6":1,"7":1,"8":1,"9":10,"10":10,"11":10,"12":1,"13":1,"14":1,"15":1,"16":1,"17":1,"18":2,"19":2,"20":2,"21":1,"22":1,"23":1,"24":1,"25":1,"26":1,"27":0,"28":0,"29":0,"30":3,"31":3,"32":3,"33":3,"34":21,"35":22},"f":{"0":21},"b":{"0":[1,1,10,1,1,2,1,1,0,3],"1":[3,0],"2":[21,0]},"_coverageSchema":"1a1c01bbd47fc00a2c39e90264f33305004495a9","hash":"291ed61f7c1ba72a5083fc847557decb8f2a3ce1"}
,"D:\\Hacktiv8\\phase_2_rev1\\WEEK_3\\IP-HCK86\\server\\models\\favouriteplace.js": {"path":"D:\\Hacktiv8\\phase_2_rev1\\WEEK_3\\IP-HCK86\\server\\models\\favouriteplace.js","statementMap":{"0":{"start":{"line":4,"column":4},"end":{"line":4,"column":24}},"1":{"start":{"line":5,"column":0},"end":{"line":30,"column":2}},"2":{"start":{"line":13,"column":6},"end":{"line":13,"column":67}},"3":{"start":{"line":16,"column":2},"end":{"line":28,"column":5}},"4":{"start":{"line":29,"column":2},"end":{"line":29,"column":24}}},"fnMap":{"0":{"name":"(anonymous_0)","decl":{"start":{"line":5,"column":17},"end":{"line":5,"column":18}},"loc":{"start":{"line":5,"column":43},"end":{"line":30,"column":1}},"line":5},"1":{"name":"(anonymous_1)","decl":{"start":{"line":12,"column":4},"end":{"line":12,"column":5}},"loc":{"start":{"line":12,"column":29},"end":{"line":14,"column":5}},"line":12}},"branchMap":{},"s":{"0":28,"1":28,"2":28,"3":28,"4":28},"f":{"0":28,"1":28},"b":{},"_coverageSchema":"1a1c01bbd47fc00a2c39e90264f33305004495a9","hash":"d175412aad0350914919e1efd98ab1406fa34fbc"}
,"D:\\Hacktiv8\\phase_2_rev1\\WEEK_3\\IP-HCK86\\server\\models\\favouritetrip.js": {"path":"D:\\Hacktiv8\\phase_2_rev1\\WEEK_3\\IP-HCK86\\server\\models\\favouritetrip.js","statementMap":{"0":{"start":{"line":2,"column":18},"end":{"line":2,"column":38}},"1":{"start":{"line":3,"column":0},"end":{"line":16,"column":2}},"2":{"start":{"line":6,"column":6},"end":{"line":6,"column":69}},"3":{"start":{"line":7,"column":6},"end":{"line":7,"column":69}},"4":{"start":{"line":10,"column":2},"end":{"line":14,"column":48}},"5":{"start":{"line":15,"column":2},"end":{"line":15,"column":23}}},"fnMap":{"0":{"name":"(anonymous_0)","decl":{"start":{"line":3,"column":17},"end":{"line":3,"column":18}},"loc":{"start":{"line":3,"column":43},"end":{"line":16,"column":1}},"line":3},"1":{"name":"(anonymous_1)","decl":{"start":{"line":5,"column":4},"end":{"line":5,"column":5}},"loc":{"start":{"line":5,"column":29},"end":{"line":8,"column":5}},"line":5}},"branchMap":{},"s":{"0":28,"1":28,"2":28,"3":28,"4":28,"5":28},"f":{"0":28,"1":28},"b":{},"_coverageSchema":"1a1c01bbd47fc00a2c39e90264f33305004495a9","hash":"922b2e0b0060f400b6bbfec019e31b788ca7d4b6"}
,"D:\\Hacktiv8\\phase_2_rev1\\WEEK_3\\IP-HCK86\\server\\models\\index.js": {"path":"D:\\Hacktiv8\\phase_2_rev1\\WEEK_3\\IP-HCK86\\server\\models\\index.js","statementMap":{"0":{"start":{"line":3,"column":11},"end":{"line":3,"column":24}},"1":{"start":{"line":4,"column":13},"end":{"line":4,"column":28}},"2":{"start":{"line":5,"column":18},"end":{"line":5,"column":38}},"3":{"start":{"line":6,"column":16},"end":{"line":6,"column":34}},"4":{"start":{"line":7,"column":17},"end":{"line":7,"column":42}},"5":{"start":{"line":8,"column":12},"end":{"line":8,"column":49}},"6":{"start":{"line":9,"column":15},"end":{"line":9,"column":65}},"7":{"start":{"line":10,"column":11},"end":{"line":10,"column":13}},"8":{"start":{"line":13,"column":0},"end":{"line":17,"column":1}},"9":{"start":{"line":14,"column":2},"end":{"line":14,"column":74}},"10":{"start":{"line":16,"column":2},"end":{"line":16,"column":87}},"11":{"start":{"line":19,"column":0},"end":{"line":32,"column":5}},"12":{"start":{"line":22,"column":4},"end":{"line":27,"column":6}},"13":{"start":{"line":30,"column":18},"end":{"line":30,"column":85}},"14":{"start":{"line":31,"column":4},"end":{"line":31,"column":27}},"15":{"start":{"line":34,"column":0},"end":{"line":38,"column":3}},"16":{"start":{"line":35,"column":2},"end":{"line":37,"column":3}},"17":{"start":{"line":36,"column":4},"end":{"line":36,"column":32}},"18":{"start":{"line":40,"column":0},"end":{"line":40,"column":25}},"19":{"start":{"line":41,"column":0},"end":{"line":41,"column":25}},"20":{"start":{"line":43,"column":0},"end":{"line":43,"column":20}}},"fnMap":{"0":{"name":"(anonymous_0)","decl":{"start":{"line":21,"column":10},"end":{"line":21,"column":11}},"loc":{"start":{"line":21,"column":18},"end":{"line":28,"column":3}},"line":21},"1":{"name":"(anonymous_1)","decl":{"start":{"line":29,"column":11},"end":{"line":29,"column":12}},"loc":{"start":{"line":29,"column":19},"end":{"line":32,"column":3}},"line":29},"2":{"name":"(anonymous_2)","decl":{"start":{"line":34,"column":24},"end":{"line":34,"column":25}},"loc":{"start":{"line":34,"column":37},"end":{"line":38,"column":1}},"line":34}},"branchMap":{"0":{"loc":{"start":{"line":8,"column":12},"end":{"line":8,"column":49}},"type":"binary-expr","locations":[{"start":{"line":8,"column":12},"end":{"line":8,"column":32}},{"start":{"line":8,"column":36},"end":{"line":8,"column":49}}],"line":8},"1":{"loc":{"start":{"line":13,"column":0},"end":{"line":17,"column":1}},"type":"if","locations":[{"start":{"line":13,"column":0},"end":{"line":17,"column":1}},{"start":{"line":15,"column":7},"end":{"line":17,"column":1}}],"line":13},"2":{"loc":{"start":{"line":23,"column":6},"end":{"line":26,"column":37}},"type":"binary-expr","locations":[{"start":{"line":23,"column":6},"end":{"line":23,"column":29}},{"start":{"line":24,"column":6},"end":{"line":24,"column":23}},{"start":{"line":25,"column":6},"end":{"line":25,"column":30}},{"start":{"line":26,"column":6},"end":{"line":26,"column":37}}],"line":23},"3":{"loc":{"start":{"line":35,"column":2},"end":{"line":37,"column":3}},"type":"if","locations":[{"start":{"line":35,"column":2},"end":{"line":37,"column":3}},{"start":{},"end":{}}],"line":35}},"s":{"0":28,"1":28,"2":28,"3":28,"4":28,"5":28,"6":28,"7":28,"8":28,"9":0,"10":28,"11":28,"12":140,"13":112,"14":112,"15":28,"16":112,"17":112,"18":28,"19":28,"20":28},"f":{"0":140,"1":112,"2":112},"b":{"0":[28,0],"1":[0,28],"2":[140,140,112,112],"3":[112,0]},"_coverageSchema":"1a1c01bbd47fc00a2c39e90264f33305004495a9","hash":"8e24e9554cada1e942612f94f6b94a83317e7a05"}
,"D:\\Hacktiv8\\phase_2_rev1\\WEEK_3\\IP-HCK86\\server\\models\\trip.js": {"path":"D:\\Hacktiv8\\phase_2_rev1\\WEEK_3\\IP-HCK86\\server\\models\\trip.js","statementMap":{"0":{"start":{"line":4,"column":4},"end":{"line":4,"column":24}},"1":{"start":{"line":5,"column":0},"end":{"line":38,"column":2}},"2":{"start":{"line":13,"column":6},"end":{"line":13,"column":56}},"3":{"start":{"line":16,"column":2},"end":{"line":36,"column":5}},"4":{"start":{"line":37,"column":2},"end":{"line":37,"column":14}}},"fnMap":{"0":{"name":"(anonymous_0)","decl":{"start":{"line":5,"column":17},"end":{"line":5,"column":18}},"loc":{"start":{"line":5,"column":43},"end":{"line":38,"column":1}},"line":5},"1":{"name":"(anonymous_1)","decl":{"start":{"line":12,"column":4},"end":{"line":12,"column":5}},"loc":{"start":{"line":12,"column":29},"end":{"line":14,"column":5}},"line":12}},"branchMap":{},"s":{"0":28,"1":28,"2":28,"3":28,"4":28},"f":{"0":28,"1":28},"b":{},"_coverageSchema":"1a1c01bbd47fc00a2c39e90264f33305004495a9","hash":"f81d8365a6e07d22fb5429a63fa89ddcaf448567"}
,"D:\\Hacktiv8\\phase_2_rev1\\WEEK_3\\IP-HCK86\\server\\models\\user.js": {"path":"D:\\Hacktiv8\\phase_2_rev1\\WEEK_3\\IP-HCK86\\server\\models\\user.js","statementMap":{"0":{"start":{"line":2,"column":23},"end":{"line":2,"column":52}},"1":{"start":{"line":5,"column":4},"end":{"line":5,"column":24}},"2":{"start":{"line":6,"column":0},"end":{"line":57,"column":2}},"3":{"start":{"line":14,"column":6},"end":{"line":14,"column":55}},"4":{"start":{"line":17,"column":2},"end":{"line":51,"column":5}},"5":{"start":{"line":53,"column":2},"end":{"line":55,"column":4}},"6":{"start":{"line":54,"column":4},"end":{"line":54,"column":47}},"7":{"start":{"line":56,"column":2},"end":{"line":56,"column":14}}},"fnMap":{"0":{"name":"(anonymous_0)","decl":{"start":{"line":6,"column":17},"end":{"line":6,"column":18}},"loc":{"start":{"line":6,"column":43},"end":{"line":57,"column":1}},"line":6},"1":{"name":"(anonymous_1)","decl":{"start":{"line":13,"column":4},"end":{"line":13,"column":5}},"loc":{"start":{"line":13,"column":29},"end":{"line":15,"column":5}},"line":13},"2":{"name":"(anonymous_2)","decl":{"start":{"line":53,"column":20},"end":{"line":53,"column":21}},"loc":{"start":{"line":53,"column":28},"end":{"line":55,"column":3}},"line":53}},"branchMap":{},"s":{"0":28,"1":28,"2":28,"3":28,"4":28,"5":28,"6":19,"7":28},"f":{"0":28,"1":28,"2":19},"b":{},"_coverageSchema":"1a1c01bbd47fc00a2c39e90264f33305004495a9","hash":"03ea16b390de01477848fadca8a2d87e5ae40475"}
,"D:\\Hacktiv8\\phase_2_rev1\\WEEK_3\\IP-HCK86\\server\\services\\emsifa.js": {"path":"D:\\Hacktiv8\\phase_2_rev1\\WEEK_3\\IP-HCK86\\server\\services\\emsifa.js","statementMap":{"0":{"start":{"line":2,"column":14},"end":{"line":2,"column":30}},"1":{"start":{"line":6,"column":2},"end":{"line":12,"column":3}},"2":{"start":{"line":7,"column":21},"end":{"line":7,"column":75}},"3":{"start":{"line":8,"column":4},"end":{"line":8,"column":25}},"4":{"start":{"line":10,"column":4},"end":{"line":10,"column":44}},"5":{"start":{"line":11,"column":4},"end":{"line":11,"column":49}},"6":{"start":{"line":17,"column":2},"end":{"line":23,"column":3}},"7":{"start":{"line":18,"column":21},"end":{"line":18,"column":89}},"8":{"start":{"line":19,"column":4},"end":{"line":19,"column":25}},"9":{"start":{"line":21,"column":4},"end":{"line":21,"column":44}},"10":{"start":{"line":22,"column":4},"end":{"line":22,"column":49}},"11":{"start":{"line":26,"column":0},"end":{"line":26,"column":48}}},"fnMap":{"0":{"name":"getProvinces","decl":{"start":{"line":5,"column":15},"end":{"line":5,"column":27}},"loc":{"start":{"line":5,"column":30},"end":{"line":13,"column":1}},"line":5},"1":{"name":"getRegencies","decl":{"start":{"line":16,"column":15},"end":{"line":16,"column":27}},"loc":{"start":{"line":16,"column":40},"end":{"line":24,"column":1}},"line":16}},"branchMap":{},"s":{"0":22,"1":2,"2":2,"3":1,"4":1,"5":1,"6":2,"7":2,"8":1,"9":1,"10":1,"11":22},"f":{"0":2,"1":2},"b":{},"_coverageSchema":"1a1c01bbd47fc00a2c39e90264f33305004495a9","hash":"614cfd7a9718b211394ef90b3b2eb76c8e28893f"}
,"D:\\Hacktiv8\\phase_2_rev1\\WEEK_3\\IP-HCK86\\server\\services\\gemini.js": {"path":"D:\\Hacktiv8\\phase_2_rev1\\WEEK_3\\IP-HCK86\\server\\services\\gemini.js","statementMap":{"0":{"start":{"line":1,"column":0},"end":{"line":1,"column":27}},"1":{"start":{"line":2,"column":31},"end":{"line":2,"column":63}},"2":{"start":{"line":4,"column":14},"end":{"line":4,"column":64}},"3":{"start":{"line":7,"column":2},"end":{"line":83,"column":3}},"4":{"start":{"line":8,"column":19},"end":{"line":38,"column":109}},"5":{"start":{"line":12,"column":101},"end":{"line":12,"column":202}},"6":{"start":{"line":40,"column":18},"end":{"line":40,"column":73}},"7":{"start":{"line":41,"column":19},"end":{"line":41,"column":54}},"8":{"start":{"line":42,"column":21},"end":{"line":42,"column":42}},"9":{"start":{"line":43,"column":17},"end":{"line":43,"column":32}},"10":{"start":{"line":46,"column":4},"end":{"line":53,"column":5}},"11":{"start":{"line":47,"column":24},"end":{"line":47,"column":49}},"12":{"start":{"line":48,"column":6},"end":{"line":50,"column":7}},"13":{"start":{"line":49,"column":8},"end":{"line":49,"column":40}},"14":{"start":{"line":52,"column":6},"end":{"line":52,"column":80}},"15":{"start":{"line":56,"column":6},"end":{"line":66,"column":8}},"16":{"start":{"line":69,"column":4},"end":{"line":69,"column":45}},"17":{"start":{"line":72,"column":4},"end":{"line":82,"column":6}},"18":{"start":{"line":73,"column":59},"end":{"line":81,"column":9}},"19":{"start":{"line":86,"column":0},"end":{"line":86,"column":39}}},"fnMap":{"0":{"name":"generateItinerary","decl":{"start":{"line":6,"column":15},"end":{"line":6,"column":32}},"loc":{"start":{"line":6,"column":78},"end":{"line":84,"column":1}},"line":6},"1":{"name":"(anonymous_1)","decl":{"start":{"line":12,"column":98},"end":{"line":12,"column":99}},"loc":{"start":{"line":12,"column":101},"end":{"line":12,"column":202}},"line":12},"2":{"name":"(anonymous_2)","decl":{"start":{"line":73,"column":48},"end":{"line":73,"column":49}},"loc":{"start":{"line":73,"column":59},"end":{"line":81,"column":9}},"line":73}},"branchMap":{"0":{"loc":{"start":{"line":6,"column":65},"end":{"line":6,"column":76}},"type":"default-arg","locations":[{"start":{"line":6,"column":74},"end":{"line":6,"column":76}}],"line":6},"1":{"loc":{"start":{"line":12,"column":37},"end":{"line":12,"column":234}},"type":"cond-expr","locations":[{"start":{"line":12,"column":73},"end":{"line":12,"column":215}},{"start":{"line":12,"column":218},"end":{"line":12,"column":234}}],"line":12},"2":{"loc":{"start":{"line":12,"column":38},"end":{"line":12,"column":69}},"type":"binary-expr","locations":[{"start":{"line":12,"column":38},"end":{"line":12,"column":45}},{"start":{"line":12,"column":49},"end":{"line":12,"column":69}}],"line":12},"3":{"loc":{"start":{"line":13,"column":2},"end":{"line":13,"column":92}},"type":"cond-expr","locations":[{"start":{"line":13,"column":22},"end":{"line":13,"column":87}},{"start":{"line":13,"column":90},"end":{"line":13,"column":92}}],"line":13},"4":{"loc":{"start":{"line":48,"column":6},"end":{"line":50,"column":7}},"type":"if","locations":[{"start":{"line":48,"column":6},"end":{"line":50,"column":7}},{"start":{},"end":{}}],"line":48}},"s":{"0":18,"1":18,"2":18,"3":2,"4":2,"5":0,"6":2,"7":2,"8":1,"9":1,"10":1,"11":1,"12":1,"13":1,"14":0,"15":0,"16":1,"17":1,"18":2,"19":18},"f":{"0":2,"1":0,"2":2},"b":{"0":[2],"1":[2,0],"2":[2,2],"3":[0,2],"4":[1,0]},"_coverageSchema":"1a1c01bbd47fc00a2c39e90264f33305004495a9","hash":"70e71db8c88e29f298ed1f1ce2f238bd82794627"}
,"D:\\Hacktiv8\\phase_2_rev1\\WEEK_3\\IP-HCK86\\server\\services\\geocode.js": {"path":"D:\\Hacktiv8\\phase_2_rev1\\WEEK_3\\IP-HCK86\\server\\services\\geocode.js","statementMap":{"0":{"start":{"line":1,"column":14},"end":{"line":1,"column":30}},"1":{"start":{"line":5,"column":2},"end":{"line":5,"column":51}},"2":{"start":{"line":5,"column":13},"end":{"line":5,"column":51}},"3":{"start":{"line":6,"column":14},"end":{"line":6,"column":62}},"4":{"start":{"line":7,"column":17},"end":{"line":7,"column":67}},"5":{"start":{"line":8,"column":19},"end":{"line":8,"column":51}},"6":{"start":{"line":9,"column":2},"end":{"line":9,"column":57}},"7":{"start":{"line":9,"column":45},"end":{"line":9,"column":57}},"8":{"start":{"line":10,"column":15},"end":{"line":10,"column":81}},"9":{"start":{"line":10,"column":38},"end":{"line":10,"column":61}},"10":{"start":{"line":11,"column":2},"end":{"line":17,"column":4}},"11":{"start":{"line":20,"column":0},"end":{"line":20,"column":33}}},"fnMap":{"0":{"name":"geocodeCity","decl":{"start":{"line":4,"column":15},"end":{"line":4,"column":26}},"loc":{"start":{"line":4,"column":33},"end":{"line":18,"column":1}},"line":4},"1":{"name":"(anonymous_1)","decl":{"start":{"line":10,"column":33},"end":{"line":10,"column":34}},"loc":{"start":{"line":10,"column":38},"end":{"line":10,"column":61}},"line":10}},"branchMap":{"0":{"loc":{"start":{"line":5,"column":2},"end":{"line":5,"column":51}},"type":"if","locations":[{"start":{"line":5,"column":2},"end":{"line":5,"column":51}},{"start":{},"end":{}}],"line":5},"1":{"loc":{"start":{"line":9,"column":2},"end":{"line":9,"column":57}},"type":"if","locations":[{"start":{"line":9,"column":2},"end":{"line":9,"column":57}},{"start":{},"end":{}}],"line":9},"2":{"loc":{"start":{"line":9,"column":6},"end":{"line":9,"column":43}},"type":"binary-expr","locations":[{"start":{"line":9,"column":6},"end":{"line":9,"column":19}},{"start":{"line":9,"column":23},"end":{"line":9,"column":43}}],"line":9},"3":{"loc":{"start":{"line":10,"column":15},"end":{"line":10,"column":81}},"type":"binary-expr","locations":[{"start":{"line":10,"column":15},"end":{"line":10,"column":62}},{"start":{"line":10,"column":66},"end":{"line":10,"column":81}}],"line":10}},"s":{"0":20,"1":13,"2":0,"3":13,"4":13,"5":13,"6":13,"7":0,"8":13,"9":23,"10":13,"11":20},"f":{"0":13,"1":23},"b":{"0":[0,13],"1":[0,13],"2":[13,13],"3":[13,0]},"_coverageSchema":"1a1c01bbd47fc00a2c39e90264f33305004495a9","hash":"bee47c5b1a413d0a1547275241789ea8d96f0bc7"}
,"D:\\Hacktiv8\\phase_2_rev1\\WEEK_3\\IP-HCK86\\server\\services\\openMeteo.js": {"path":"D:\\Hacktiv8\\phase_2_rev1\\WEEK_3\\IP-HCK86\\server\\services\\openMeteo.js","statementMap":{"0":{"start":{"line":2,"column":14},"end":{"line":2,"column":30}},"1":{"start":{"line":6,"column":12},"end":{"line":6,"column":61}},"2":{"start":{"line":7,"column":12},"end":{"line":7,"column":24}},"3":{"start":{"line":9,"column":13},"end":{"line":9,"column":24}},"4":{"start":{"line":9,"column":37},"end":{"line":9,"column":48}},"5":{"start":{"line":10,"column":17},"end":{"line":10,"column":51}},"6":{"start":{"line":11,"column":2},"end":{"line":17,"column":3}},"7":{"start":{"line":13,"column":23},"end":{"line":13,"column":35}},"8":{"start":{"line":14,"column":4},"end":{"line":14,"column":50}},"9":{"start":{"line":15,"column":4},"end":{"line":15,"column":51}},"10":{"start":{"line":16,"column":4},"end":{"line":16,"column":18}},"11":{"start":{"line":18,"column":2},"end":{"line":75,"column":3}},"12":{"start":{"line":19,"column":21},"end":{"line":29,"column":6}},"13":{"start":{"line":30,"column":17},"end":{"line":30,"column":30}},"14":{"start":{"line":31,"column":4},"end":{"line":57,"column":46}},"15":{"start":{"line":32,"column":20},"end":{"line":32,"column":50}},"16":{"start":{"line":33,"column":19},"end":{"line":33,"column":56}},"17":{"start":{"line":34,"column":19},"end":{"line":34,"column":56}},"18":{"start":{"line":35,"column":19},"end":{"line":35,"column":55}},"19":{"start":{"line":36,"column":20},"end":{"line":36,"column":43}},"20":{"start":{"line":37,"column":27},"end":{"line":49,"column":7}},"21":{"start":{"line":50,"column":6},"end":{"line":56,"column":10}},"22":{"start":{"line":50,"column":44},"end":{"line":56,"column":7}},"23":{"start":{"line":58,"column":4},"end":{"line":58,"column":16}},"24":{"start":{"line":60,"column":4},"end":{"line":60,"column":95}},"25":{"start":{"line":62,"column":21},"end":{"line":62,"column":23}},"26":{"start":{"line":63,"column":4},"end":{"line":73,"column":5}},"27":{"start":{"line":63,"column":15},"end":{"line":63,"column":16}},"28":{"start":{"line":64,"column":16},"end":{"line":64,"column":28}},"29":{"start":{"line":65,"column":6},"end":{"line":65,"column":31}},"30":{"start":{"line":66,"column":6},"end":{"line":72,"column":9}},"31":{"start":{"line":74,"column":4},"end":{"line":74,"column":88}},"32":{"start":{"line":78,"column":0},"end":{"line":78,"column":32}}},"fnMap":{"0":{"name":"getWeather","decl":{"start":{"line":5,"column":15},"end":{"line":5,"column":25}},"loc":{"start":{"line":5,"column":56},"end":{"line":76,"column":1}},"line":5},"1":{"name":"(anonymous_1)","decl":{"start":{"line":50,"column":36},"end":{"line":50,"column":37}},"loc":{"start":{"line":50,"column":44},"end":{"line":56,"column":7}},"line":50}},"branchMap":{"0":{"loc":{"start":{"line":6,"column":12},"end":{"line":6,"column":61}},"type":"binary-expr","locations":[{"start":{"line":6,"column":12},"end":{"line":6,"column":21}},{"start":{"line":6,"column":25},"end":{"line":6,"column":61}}],"line":6},"1":{"loc":{"start":{"line":7,"column":12},"end":{"line":7,"column":24}},"type":"binary-expr","locations":[{"start":{"line":7,"column":12},"end":{"line":7,"column":19}},{"start":{"line":7,"column":23},"end":{"line":7,"column":24}}],"line":7},"2":{"loc":{"start":{"line":11,"column":2},"end":{"line":17,"column":3}},"type":"if","locations":[{"start":{"line":11,"column":2},"end":{"line":17,"column":3}},{"start":{},"end":{}}],"line":11},"3":{"loc":{"start":{"line":32,"column":20},"end":{"line":32,"column":50}},"type":"binary-expr","locations":[{"start":{"line":32,"column":20},"end":{"line":32,"column":44}},{"start":{"line":32,"column":48},"end":{"line":32,"column":50}}],"line":32},"4":{"loc":{"start":{"line":33,"column":19},"end":{"line":33,"column":56}},"type":"binary-expr","locations":[{"start":{"line":33,"column":19},"end":{"line":33,"column":50}},{"start":{"line":33,"column":54},"end":{"line":33,"column":56}}],"line":33},"5":{"loc":{"start":{"line":34,"column":19},"end":{"line":34,"column":56}},"type":"binary-expr","locations":[{"start":{"line":34,"column":19},"end":{"line":34,"column":50}},{"start":{"line":34,"column":54},"end":{"line":34,"column":56}}],"line":34},"6":{"loc":{"start":{"line":35,"column":19},"end":{"line":35,"column":55}},"type":"binary-expr","locations":[{"start":{"line":35,"column":19},"end":{"line":35,"column":49}},{"start":{"line":35,"column":53},"end":{"line":35,"column":55}}],"line":35},"7":{"loc":{"start":{"line":36,"column":20},"end":{"line":36,"column":43}},"type":"binary-expr","locations":[{"start":{"line":36,"column":20},"end":{"line":36,"column":37}},{"start":{"line":36,"column":41},"end":{"line":36,"column":43}}],"line":36},"8":{"loc":{"start":{"line":52,"column":19},"end":{"line":52,"column":62}},"type":"binary-expr","locations":[{"start":{"line":52,"column":19},"end":{"line":52,"column":41}},{"start":{"line":52,"column":45},"end":{"line":52,"column":62}}],"line":52},"9":{"loc":{"start":{"line":60,"column":59},"end":{"line":60,"column":93}},"type":"binary-expr","locations":[{"start":{"line":60,"column":59},"end":{"line":60,"column":78}},{"start":{"line":60,"column":82},"end":{"line":60,"column":93}}],"line":60}},"s":{"0":18,"1":3,"2":3,"3":3,"4":3,"5":3,"6":3,"7":1,"8":1,"9":1,"10":1,"11":3,"12":3,"13":2,"14":2,"15":2,"16":2,"17":2,"18":2,"19":2,"20":2,"21":2,"22":2,"23":2,"24":1,"25":1,"26":1,"27":1,"28":1,"29":1,"30":1,"31":1,"32":18},"f":{"0":3,"1":2},"b":{"0":[3,0],"1":[3,0],"2":[1,2],"3":[2,0],"4":[2,0],"5":[2,0],"6":[2,0],"7":[2,0],"8":[2,0],"9":[1,1]},"_coverageSchema":"1a1c01bbd47fc00a2c39e90264f33305004495a9","hash":"2520eafab4e004e90fe87b99c5b98afdb99d0607"}
}
