{"D:\\Hacktiv8\\phase_2_rev1\\WEEK_3\\IP-HCK86\\server\\app.js": {"path":"D:\\Hacktiv8\\phase_2_rev1\\WEEK_3\\IP-HCK86\\server\\app.js","statementMap":{"0":{"start":{"line":1,"column":0},"end":{"line":3,"column":1}},"1":{"start":{"line":2,"column":4},"end":{"line":2,"column":31}},"2":{"start":{"line":4,"column":15},"end":{"line":4,"column":32}},"3":{"start":{"line":6,"column":0},"end":{"line":6,"column":15}},"4":{"start":{"line":8,"column":16},"end":{"line":8,"column":34}},"5":{"start":{"line":9,"column":12},"end":{"line":9,"column":21}},"6":{"start":{"line":10,"column":23},"end":{"line":10,"column":63}},"7":{"start":{"line":11,"column":22},"end":{"line":11,"column":62}},"8":{"start":{"line":12,"column":22},"end":{"line":12,"column":61}},"9":{"start":{"line":13,"column":23},"end":{"line":13,"column":62}},"10":{"start":{"line":14,"column":32},"end":{"line":14,"column":80}},"11":{"start":{"line":15,"column":15},"end":{"line":15,"column":35}},"12":{"start":{"line":16,"column":21},"end":{"line":16,"column":58}},"13":{"start":{"line":17,"column":27},"end":{"line":17,"column":70}},"14":{"start":{"line":18,"column":31},"end":{"line":18,"column":52}},"15":{"start":{"line":19,"column":13},"end":{"line":19,"column":29}},"16":{"start":{"line":22,"column":0},"end":{"line":22,"column":45}},"17":{"start":{"line":23,"column":0},"end":{"line":23,"column":23}},"18":{"start":{"line":24,"column":0},"end":{"line":24,"column":15}},"19":{"start":{"line":27,"column":0},"end":{"line":27,"column":51}},"20":{"start":{"line":28,"column":0},"end":{"line":28,"column":44}},"21":{"start":{"line":29,"column":0},"end":{"line":29,"column":57}},"22":{"start":{"line":31,"column":0},"end":{"line":31,"column":60}},"23":{"start":{"line":32,"column":0},"end":{"line":32,"column":68}},"24":{"start":{"line":33,"column":0},"end":{"line":33,"column":67}},"25":{"start":{"line":34,"column":0},"end":{"line":34,"column":72}},"26":{"start":{"line":35,"column":0},"end":{"line":35,"column":107}},"27":{"start":{"line":36,"column":0},"end":{"line":36,"column":110}},"28":{"start":{"line":39,"column":0},"end":{"line":56,"column":3}},"29":{"start":{"line":40,"column":1},"end":{"line":55,"column":27}},"30":{"start":{"line":41,"column":19},"end":{"line":41,"column":38}},"31":{"start":{"line":42,"column":15},"end":{"line":42,"column":74}},"32":{"start":{"line":43,"column":2},"end":{"line":43,"column":79}},"33":{"start":{"line":43,"column":21},"end":{"line":43,"column":48}},"34":{"start":{"line":43,"column":50},"end":{"line":43,"column":68}},"35":{"start":{"line":43,"column":69},"end":{"line":43,"column":77}},"36":{"start":{"line":44,"column":2},"end":{"line":54,"column":5}},"37":{"start":{"line":55,"column":15},"end":{"line":55,"column":25}},"38":{"start":{"line":59,"column":0},"end":{"line":59,"column":85}},"39":{"start":{"line":60,"column":0},"end":{"line":60,"column":85}},"40":{"start":{"line":61,"column":0},"end":{"line":61,"column":94}},"41":{"start":{"line":67,"column":0},"end":{"line":67,"column":76}},"42":{"start":{"line":68,"column":0},"end":{"line":68,"column":82}},"43":{"start":{"line":69,"column":0},"end":{"line":69,"column":94}},"44":{"start":{"line":72,"column":0},"end":{"line":72,"column":22}},"45":{"start":{"line":74,"column":0},"end":{"line":74,"column":20}}},"fnMap":{"0":{"name":"(anonymous_0)","decl":{"start":{"line":39,"column":35},"end":{"line":39,"column":36}},"loc":{"start":{"line":39,"column":57},"end":{"line":56,"column":1}},"line":39}},"branchMap":{"0":{"loc":{"start":{"line":1,"column":0},"end":{"line":3,"column":1}},"type":"if","locations":[{"start":{"line":1,"column":0},"end":{"line":3,"column":1}},{"start":{},"end":{}}],"line":1},"1":{"loc":{"start":{"line":43,"column":2},"end":{"line":43,"column":79}},"type":"if","locations":[{"start":{"line":43,"column":2},"end":{"line":43,"column":79}},{"start":{},"end":{}}],"line":43}},"s":{"0":21,"1":21,"2":21,"3":21,"4":21,"5":21,"6":21,"7":21,"8":21,"9":21,"10":21,"11":21,"12":21,"13":21,"14":21,"15":21,"16":21,"17":21,"18":21,"19":21,"20":21,"21":21,"22":21,"23":21,"24":21,"25":21,"26":21,"27":21,"28":21,"29":1,"30":1,"31":1,"32":1,"33":0,"34":0,"35":0,"36":1,"37":0,"38":21,"39":21,"40":21,"41":21,"42":21,"43":21,"44":21,"45":21},"f":{"0":1},"b":{"0":[21,0],"1":[0,1]},"_coverageSchema":"1a1c01bbd47fc00a2c39e90264f33305004495a9","hash":"7aeb3c2ab87605c6cd1de0e7bf415f9a50081dbf"}
,"D:\\Hacktiv8\\phase_2_rev1\\WEEK_3\\IP-HCK86\\server\\controllers\\AuthController.js": {"path":"D:\\Hacktiv8\\phase_2_rev1\\WEEK_3\\IP-HCK86\\server\\controllers\\AuthController.js","statementMap":{"0":{"start":{"line":1,"column":28},"end":{"line":1,"column":56}},"1":{"start":{"line":2,"column":22},"end":{"line":2,"column":47}},"2":{"start":{"line":3,"column":17},"end":{"line":3,"column":38}},"3":{"start":{"line":4,"column":25},"end":{"line":4,"column":55}},"4":{"start":{"line":5,"column":0},"end":{"line":5,"column":27}},"5":{"start":{"line":6,"column":22},"end":{"line":6,"column":50}},"6":{"start":{"line":7,"column":15},"end":{"line":7,"column":46}},"7":{"start":{"line":11,"column":4},"end":{"line":17,"column":5}},"8":{"start":{"line":12,"column":44},"end":{"line":12,"column":52}},"9":{"start":{"line":13,"column":19},"end":{"line":13,"column":67}},"10":{"start":{"line":14,"column":6},"end":{"line":14,"column":71}},"11":{"start":{"line":16,"column":6},"end":{"line":16,"column":18}},"12":{"start":{"line":21,"column":4},"end":{"line":44,"column":5}},"13":{"start":{"line":22,"column":34},"end":{"line":22,"column":42}},"14":{"start":{"line":23,"column":6},"end":{"line":25,"column":7}},"15":{"start":{"line":24,"column":8},"end":{"line":24,"column":67}},"16":{"start":{"line":26,"column":6},"end":{"line":28,"column":7}},"17":{"start":{"line":27,"column":8},"end":{"line":27,"column":70}},"18":{"start":{"line":30,"column":19},"end":{"line":30,"column":59}},"19":{"start":{"line":31,"column":6},"end":{"line":33,"column":7}},"20":{"start":{"line":32,"column":8},"end":{"line":32,"column":74}},"21":{"start":{"line":35,"column":30},"end":{"line":35,"column":70}},"22":{"start":{"line":36,"column":6},"end":{"line":38,"column":7}},"23":{"start":{"line":37,"column":8},"end":{"line":37,"column":74}},"24":{"start":{"line":40,"column":27},"end":{"line":40,"column":53}},"25":{"start":{"line":41,"column":6},"end":{"line":41,"column":45}},"26":{"start":{"line":43,"column":6},"end":{"line":43,"column":18}},"27":{"start":{"line":48,"column":4},"end":{"line":76,"column":5}},"28":{"start":{"line":49,"column":22},"end":{"line":49,"column":66}},"29":{"start":{"line":50,"column":6},"end":{"line":52,"column":7}},"30":{"start":{"line":51,"column":8},"end":{"line":51,"column":70}},"31":{"start":{"line":54,"column":21},"end":{"line":57,"column":8}},"32":{"start":{"line":58,"column":22},"end":{"line":58,"column":41}},"33":{"start":{"line":59,"column":43},"end":{"line":59,"column":50}},"34":{"start":{"line":61,"column":17},"end":{"line":61,"column":57}},"35":{"start":{"line":62,"column":6},"end":{"line":69,"column":7}},"36":{"start":{"line":63,"column":36},"end":{"line":63,"column":70}},"37":{"start":{"line":64,"column":8},"end":{"line":68,"column":11}},"38":{"start":{"line":71,"column":27},"end":{"line":71,"column":53}},"39":{"start":{"line":72,"column":6},"end":{"line":72,"column":45}},"40":{"start":{"line":74,"column":6},"end":{"line":74,"column":49}},"41":{"start":{"line":75,"column":6},"end":{"line":75,"column":18}},"42":{"start":{"line":80,"column":4},"end":{"line":85,"column":5}},"43":{"start":{"line":81,"column":19},"end":{"line":81,"column":51}},"44":{"start":{"line":82,"column":6},"end":{"line":82,"column":40}},"45":{"start":{"line":84,"column":6},"end":{"line":84,"column":18}},"46":{"start":{"line":89,"column":0},"end":{"line":89,"column":32}}},"fnMap":{"0":{"name":"(anonymous_0)","decl":{"start":{"line":10,"column":2},"end":{"line":10,"column":3}},"loc":{"start":{"line":10,"column":40},"end":{"line":18,"column":3}},"line":10},"1":{"name":"(anonymous_1)","decl":{"start":{"line":20,"column":2},"end":{"line":20,"column":3}},"loc":{"start":{"line":20,"column":37},"end":{"line":45,"column":3}},"line":20},"2":{"name":"(anonymous_2)","decl":{"start":{"line":47,"column":2},"end":{"line":47,"column":3}},"loc":{"start":{"line":47,"column":43},"end":{"line":77,"column":3}},"line":47},"3":{"name":"(anonymous_3)","decl":{"start":{"line":79,"column":2},"end":{"line":79,"column":3}},"loc":{"start":{"line":79,"column":34},"end":{"line":86,"column":3}},"line":79}},"branchMap":{"0":{"loc":{"start":{"line":23,"column":6},"end":{"line":25,"column":7}},"type":"if","locations":[{"start":{"line":23,"column":6},"end":{"line":25,"column":7}},{"start":{},"end":{}}],"line":23},"1":{"loc":{"start":{"line":26,"column":6},"end":{"line":28,"column":7}},"type":"if","locations":[{"start":{"line":26,"column":6},"end":{"line":28,"column":7}},{"start":{},"end":{}}],"line":26},"2":{"loc":{"start":{"line":31,"column":6},"end":{"line":33,"column":7}},"type":"if","locations":[{"start":{"line":31,"column":6},"end":{"line":33,"column":7}},{"start":{},"end":{}}],"line":31},"3":{"loc":{"start":{"line":36,"column":6},"end":{"line":38,"column":7}},"type":"if","locations":[{"start":{"line":36,"column":6},"end":{"line":38,"column":7}},{"start":{},"end":{}}],"line":36},"4":{"loc":{"start":{"line":49,"column":22},"end":{"line":49,"column":66}},"type":"binary-expr","locations":[{"start":{"line":49,"column":22},"end":{"line":49,"column":39}},{"start":{"line":49,"column":43},"end":{"line":49,"column":66}}],"line":49},"5":{"loc":{"start":{"line":50,"column":6},"end":{"line":52,"column":7}},"type":"if","locations":[{"start":{"line":50,"column":6},"end":{"line":52,"column":7}},{"start":{},"end":{}}],"line":50},"6":{"loc":{"start":{"line":62,"column":6},"end":{"line":69,"column":7}},"type":"if","locations":[{"start":{"line":62,"column":6},"end":{"line":69,"column":7}},{"start":{},"end":{}}],"line":62},"7":{"loc":{"start":{"line":65,"column":20},"end":{"line":65,"column":47}},"type":"binary-expr","locations":[{"start":{"line":65,"column":20},"end":{"line":65,"column":24}},{"start":{"line":65,"column":28},"end":{"line":65,"column":47}}],"line":65}},"s":{"0":21,"1":21,"2":21,"3":21,"4":21,"5":21,"6":21,"7":16,"8":16,"9":16,"10":14,"11":2,"12":17,"13":17,"14":17,"15":1,"16":16,"17":1,"18":15,"19":15,"20":0,"21":15,"22":15,"23":1,"24":14,"25":14,"26":3,"27":2,"28":2,"29":2,"30":1,"31":1,"32":1,"33":1,"34":1,"35":1,"36":1,"37":1,"38":1,"39":1,"40":1,"41":1,"42":1,"43":1,"44":1,"45":0,"46":21},"f":{"0":16,"1":17,"2":2,"3":1},"b":{"0":[1,16],"1":[1,15],"2":[0,15],"3":[1,14],"4":[2,1],"5":[1,1],"6":[1,0],"7":[1,0]},"_coverageSchema":"1a1c01bbd47fc00a2c39e90264f33305004495a9","hash":"16839943f04029ee418f968e41720d5fe40ab1c3"}
,"D:\\Hacktiv8\\phase_2_rev1\\WEEK_3\\IP-HCK86\\server\\controllers\\FavouriteTripController.js": {"path":"D:\\Hacktiv8\\phase_2_rev1\\WEEK_3\\IP-HCK86\\server\\controllers\\FavouriteTripController.js","statementMap":{"0":{"start":{"line":1,"column":32},"end":{"line":1,"column":52}},"1":{"start":{"line":5,"column":4},"end":{"line":29,"column":5}},"2":{"start":{"line":6,"column":31},"end":{"line":6,"column":39}},"3":{"start":{"line":7,"column":6},"end":{"line":11,"column":7}},"4":{"start":{"line":8,"column":18},"end":{"line":8,"column":46}},"5":{"start":{"line":9,"column":8},"end":{"line":9,"column":30}},"6":{"start":{"line":10,"column":8},"end":{"line":10,"column":16}},"7":{"start":{"line":12,"column":19},"end":{"line":12,"column":46}},"8":{"start":{"line":13,"column":6},"end":{"line":17,"column":7}},"9":{"start":{"line":14,"column":18},"end":{"line":14,"column":45}},"10":{"start":{"line":15,"column":8},"end":{"line":15,"column":28}},"11":{"start":{"line":16,"column":8},"end":{"line":16,"column":16}},"12":{"start":{"line":18,"column":29},"end":{"line":21,"column":8}},"13":{"start":{"line":22,"column":6},"end":{"line":25,"column":7}},"14":{"start":{"line":23,"column":8},"end":{"line":23,"column":24}},"15":{"start":{"line":24,"column":8},"end":{"line":24,"column":25}},"16":{"start":{"line":26,"column":6},"end":{"line":26,"column":48}},"17":{"start":{"line":28,"column":6},"end":{"line":28,"column":16}},"18":{"start":{"line":33,"column":4},"end":{"line":53,"column":5}},"19":{"start":{"line":34,"column":19},"end":{"line":49,"column":8}},"20":{"start":{"line":50,"column":6},"end":{"line":50,"column":21}},"21":{"start":{"line":52,"column":6},"end":{"line":52,"column":16}},"22":{"start":{"line":57,"column":4},"end":{"line":68,"column":5}},"23":{"start":{"line":58,"column":18},"end":{"line":58,"column":61}},"24":{"start":{"line":59,"column":6},"end":{"line":63,"column":7}},"25":{"start":{"line":60,"column":18},"end":{"line":60,"column":71}},"26":{"start":{"line":61,"column":8},"end":{"line":61,"column":28}},"27":{"start":{"line":62,"column":8},"end":{"line":62,"column":16}},"28":{"start":{"line":64,"column":6},"end":{"line":64,"column":26}},"29":{"start":{"line":65,"column":6},"end":{"line":65,"column":28}},"30":{"start":{"line":67,"column":6},"end":{"line":67,"column":16}},"31":{"start":{"line":72,"column":0},"end":{"line":72,"column":41}}},"fnMap":{"0":{"name":"(anonymous_0)","decl":{"start":{"line":4,"column":2},"end":{"line":4,"column":3}},"loc":{"start":{"line":4,"column":35},"end":{"line":30,"column":3}},"line":4},"1":{"name":"(anonymous_1)","decl":{"start":{"line":32,"column":2},"end":{"line":32,"column":3}},"loc":{"start":{"line":32,"column":36},"end":{"line":54,"column":3}},"line":32},"2":{"name":"(anonymous_2)","decl":{"start":{"line":56,"column":2},"end":{"line":56,"column":3}},"loc":{"start":{"line":56,"column":38},"end":{"line":69,"column":3}},"line":56}},"branchMap":{"0":{"loc":{"start":{"line":7,"column":6},"end":{"line":11,"column":7}},"type":"if","locations":[{"start":{"line":7,"column":6},"end":{"line":11,"column":7}},{"start":{},"end":{}}],"line":7},"1":{"loc":{"start":{"line":13,"column":6},"end":{"line":17,"column":7}},"type":"if","locations":[{"start":{"line":13,"column":6},"end":{"line":17,"column":7}},{"start":{},"end":{}}],"line":13},"2":{"loc":{"start":{"line":20,"column":26},"end":{"line":20,"column":38}},"type":"binary-expr","locations":[{"start":{"line":20,"column":26},"end":{"line":20,"column":30}},{"start":{"line":20,"column":34},"end":{"line":20,"column":38}}],"line":20},"3":{"loc":{"start":{"line":22,"column":6},"end":{"line":25,"column":7}},"type":"if","locations":[{"start":{"line":22,"column":6},"end":{"line":25,"column":7}},{"start":{},"end":{}}],"line":22},"4":{"loc":{"start":{"line":22,"column":10},"end":{"line":22,"column":40}},"type":"binary-expr","locations":[{"start":{"line":22,"column":10},"end":{"line":22,"column":18}},{"start":{"line":22,"column":22},"end":{"line":22,"column":40}}],"line":22},"5":{"loc":{"start":{"line":26,"column":17},"end":{"line":26,"column":36}},"type":"cond-expr","locations":[{"start":{"line":26,"column":27},"end":{"line":26,"column":30}},{"start":{"line":26,"column":33},"end":{"line":26,"column":36}}],"line":26},"6":{"loc":{"start":{"line":59,"column":6},"end":{"line":63,"column":7}},"type":"if","locations":[{"start":{"line":59,"column":6},"end":{"line":63,"column":7}},{"start":{},"end":{}}],"line":59},"7":{"loc":{"start":{"line":59,"column":10},"end":{"line":59,"column":44}},"type":"binary-expr","locations":[{"start":{"line":59,"column":10},"end":{"line":59,"column":14}},{"start":{"line":59,"column":18},"end":{"line":59,"column":44}}],"line":59}},"s":{"0":21,"1":4,"2":4,"3":4,"4":1,"5":1,"6":1,"7":3,"8":3,"9":0,"10":0,"11":0,"12":3,"13":3,"14":1,"15":1,"16":3,"17":1,"18":1,"19":1,"20":1,"21":0,"22":2,"23":2,"24":2,"25":1,"26":1,"27":1,"28":1,"29":1,"30":1,"31":21},"f":{"0":4,"1":1,"2":2},"b":{"0":[1,3],"1":[0,3],"2":[3,0],"3":[1,2],"4":[3,1],"5":[2,1],"6":[1,1],"7":[2,1]},"_coverageSchema":"1a1c01bbd47fc00a2c39e90264f33305004495a9","hash":"d872af31fddb16085b98948fc68028ee21053866"}
,"D:\\Hacktiv8\\phase_2_rev1\\WEEK_3\\IP-HCK86\\server\\controllers\\LocationController.js": {"path":"D:\\Hacktiv8\\phase_2_rev1\\WEEK_3\\IP-HCK86\\server\\controllers\\LocationController.js","statementMap":{"0":{"start":{"line":1,"column":24},"end":{"line":1,"column":54}},"1":{"start":{"line":2,"column":39},"end":{"line":2,"column":68}},"2":{"start":{"line":6,"column":4},"end":{"line":14,"column":5}},"3":{"start":{"line":7,"column":20},"end":{"line":7,"column":29}},"4":{"start":{"line":8,"column":6},"end":{"line":8,"column":75}},"5":{"start":{"line":8,"column":14},"end":{"line":8,"column":75}},"6":{"start":{"line":9,"column":18},"end":{"line":9,"column":38}},"7":{"start":{"line":10,"column":6},"end":{"line":10,"column":79}},"8":{"start":{"line":10,"column":16},"end":{"line":10,"column":79}},"9":{"start":{"line":11,"column":6},"end":{"line":11,"column":20}},"10":{"start":{"line":13,"column":6},"end":{"line":13,"column":14}},"11":{"start":{"line":18,"column":4},"end":{"line":23,"column":5}},"12":{"start":{"line":19,"column":19},"end":{"line":19,"column":39}},"13":{"start":{"line":20,"column":6},"end":{"line":20,"column":21}},"14":{"start":{"line":22,"column":6},"end":{"line":22,"column":14}},"15":{"start":{"line":27,"column":4},"end":{"line":35,"column":5}},"16":{"start":{"line":28,"column":29},"end":{"line":28,"column":39}},"17":{"start":{"line":29,"column":6},"end":{"line":30,"column":78}},"18":{"start":{"line":30,"column":8},"end":{"line":30,"column":78}},"19":{"start":{"line":31,"column":19},"end":{"line":31,"column":49}},"20":{"start":{"line":32,"column":6},"end":{"line":32,"column":21}},"21":{"start":{"line":34,"column":6},"end":{"line":34,"column":14}},"22":{"start":{"line":39,"column":0},"end":{"line":39,"column":36}}},"fnMap":{"0":{"name":"(anonymous_0)","decl":{"start":{"line":5,"column":2},"end":{"line":5,"column":3}},"loc":{"start":{"line":5,"column":38},"end":{"line":15,"column":3}},"line":5},"1":{"name":"(anonymous_1)","decl":{"start":{"line":17,"column":2},"end":{"line":17,"column":3}},"loc":{"start":{"line":17,"column":41},"end":{"line":24,"column":3}},"line":17},"2":{"name":"(anonymous_2)","decl":{"start":{"line":26,"column":2},"end":{"line":26,"column":3}},"loc":{"start":{"line":26,"column":41},"end":{"line":36,"column":3}},"line":26}},"branchMap":{"0":{"loc":{"start":{"line":8,"column":6},"end":{"line":8,"column":75}},"type":"if","locations":[{"start":{"line":8,"column":6},"end":{"line":8,"column":75}},{"start":{},"end":{}}],"line":8},"1":{"loc":{"start":{"line":10,"column":6},"end":{"line":10,"column":79}},"type":"if","locations":[{"start":{"line":10,"column":6},"end":{"line":10,"column":79}},{"start":{},"end":{}}],"line":10},"2":{"loc":{"start":{"line":29,"column":6},"end":{"line":30,"column":78}},"type":"if","locations":[{"start":{"line":29,"column":6},"end":{"line":30,"column":78}},{"start":{},"end":{}}],"line":29}},"s":{"0":21,"1":21,"2":3,"3":3,"4":3,"5":1,"6":2,"7":2,"8":1,"9":1,"10":0,"11":1,"12":1,"13":0,"14":1,"15":1,"16":1,"17":1,"18":0,"19":1,"20":0,"21":1,"22":21},"f":{"0":3,"1":1,"2":1},"b":{"0":[1,2],"1":[1,1],"2":[0,1]},"_coverageSchema":"1a1c01bbd47fc00a2c39e90264f33305004495a9","hash":"9bda1ab373265dcf01d290c9188ad29d0fc529d9"}
,"D:\\Hacktiv8\\phase_2_rev1\\WEEK_3\\IP-HCK86\\server\\controllers\\TripController.js": {"path":"D:\\Hacktiv8\\phase_2_rev1\\WEEK_3\\IP-HCK86\\server\\controllers\\TripController.js","statementMap":{"0":{"start":{"line":2,"column":0},"end":{"line":2,"column":27}},"1":{"start":{"line":4,"column":17},"end":{"line":4,"column":37}},"2":{"start":{"line":5,"column":30},"end":{"line":5,"column":59}},"3":{"start":{"line":6,"column":23},"end":{"line":6,"column":55}},"4":{"start":{"line":7,"column":24},"end":{"line":7,"column":54}},"5":{"start":{"line":11,"column":4},"end":{"line":147,"column":5}},"6":{"start":{"line":23,"column":10},"end":{"line":23,"column":18}},"7":{"start":{"line":24,"column":21},"end":{"line":24,"column":32}},"8":{"start":{"line":26,"column":6},"end":{"line":30,"column":7}},"9":{"start":{"line":27,"column":20},"end":{"line":27,"column":47}},"10":{"start":{"line":28,"column":8},"end":{"line":28,"column":32}},"11":{"start":{"line":29,"column":8},"end":{"line":29,"column":18}},"12":{"start":{"line":33,"column":25},"end":{"line":33,"column":27}},"13":{"start":{"line":34,"column":6},"end":{"line":39,"column":27}},"14":{"start":{"line":34,"column":36},"end":{"line":34,"column":61}},"15":{"start":{"line":35,"column":11},"end":{"line":39,"column":27}},"16":{"start":{"line":36,"column":8},"end":{"line":39,"column":27}},"17":{"start":{"line":38,"column":22},"end":{"line":38,"column":30}},"18":{"start":{"line":40,"column":6},"end":{"line":44,"column":7}},"19":{"start":{"line":41,"column":20},"end":{"line":41,"column":51}},"20":{"start":{"line":42,"column":8},"end":{"line":42,"column":32}},"21":{"start":{"line":43,"column":8},"end":{"line":43,"column":18}},"22":{"start":{"line":46,"column":22},"end":{"line":46,"column":38}},"23":{"start":{"line":47,"column":21},"end":{"line":47,"column":24}},"24":{"start":{"line":48,"column":22},"end":{"line":48,"column":25}},"25":{"start":{"line":50,"column":6},"end":{"line":61,"column":7}},"26":{"start":{"line":51,"column":8},"end":{"line":60,"column":9}},"27":{"start":{"line":52,"column":22},"end":{"line":52,"column":50}},"28":{"start":{"line":53,"column":10},"end":{"line":57,"column":11}},"29":{"start":{"line":54,"column":12},"end":{"line":54,"column":31}},"30":{"start":{"line":55,"column":12},"end":{"line":55,"column":32}},"31":{"start":{"line":56,"column":12},"end":{"line":56,"column":33}},"32":{"start":{"line":63,"column":6},"end":{"line":69,"column":7}},"33":{"start":{"line":64,"column":20},"end":{"line":66,"column":9}},"34":{"start":{"line":67,"column":8},"end":{"line":67,"column":32}},"35":{"start":{"line":68,"column":8},"end":{"line":68,"column":18}},"36":{"start":{"line":72,"column":35},"end":{"line":72,"column":43}},"37":{"start":{"line":73,"column":6},"end":{"line":77,"column":7}},"38":{"start":{"line":74,"column":20},"end":{"line":74,"column":63}},"39":{"start":{"line":75,"column":8},"end":{"line":75,"column":32}},"40":{"start":{"line":76,"column":8},"end":{"line":76,"column":18}},"41":{"start":{"line":78,"column":17},"end":{"line":78,"column":36}},"42":{"start":{"line":79,"column":17},"end":{"line":79,"column":34}},"43":{"start":{"line":80,"column":6},"end":{"line":84,"column":7}},"44":{"start":{"line":81,"column":20},"end":{"line":81,"column":51}},"45":{"start":{"line":82,"column":8},"end":{"line":82,"column":32}},"46":{"start":{"line":83,"column":8},"end":{"line":83,"column":18}},"47":{"start":{"line":85,"column":20},"end":{"line":85,"column":30}},"48":{"start":{"line":86,"column":6},"end":{"line":86,"column":33}},"49":{"start":{"line":87,"column":6},"end":{"line":91,"column":7}},"50":{"start":{"line":88,"column":20},"end":{"line":88,"column":64}},"51":{"start":{"line":89,"column":8},"end":{"line":89,"column":32}},"52":{"start":{"line":90,"column":8},"end":{"line":90,"column":18}},"53":{"start":{"line":92,"column":27},"end":{"line":92,"column":63}},"54":{"start":{"line":95,"column":20},"end":{"line":95,"column":24}},"55":{"start":{"line":96,"column":22},"end":{"line":96,"column":26}},"56":{"start":{"line":97,"column":6},"end":{"line":116,"column":7}},"57":{"start":{"line":98,"column":8},"end":{"line":98,"column":51}},"58":{"start":{"line":99,"column":8},"end":{"line":99,"column":23}},"59":{"start":{"line":101,"column":8},"end":{"line":105,"column":9}},"60":{"start":{"line":102,"column":10},"end":{"line":102,"column":78}},"61":{"start":{"line":104,"column":10},"end":{"line":104,"column":53}},"62":{"start":{"line":106,"column":8},"end":{"line":115,"column":9}},"63":{"start":{"line":107,"column":10},"end":{"line":112,"column":12}},"64":{"start":{"line":114,"column":10},"end":{"line":114,"column":27}},"65":{"start":{"line":120,"column":8},"end":{"line":125,"column":46}},"66":{"start":{"line":126,"column":19},"end":{"line":142,"column":8}},"67":{"start":{"line":144,"column":6},"end":{"line":144,"column":33}},"68":{"start":{"line":146,"column":6},"end":{"line":146,"column":18}},"69":{"start":{"line":152,"column":4},"end":{"line":157,"column":5}},"70":{"start":{"line":153,"column":20},"end":{"line":153,"column":74}},"71":{"start":{"line":154,"column":6},"end":{"line":154,"column":22}},"72":{"start":{"line":156,"column":6},"end":{"line":156,"column":18}},"73":{"start":{"line":162,"column":4},"end":{"line":172,"column":5}},"74":{"start":{"line":163,"column":19},"end":{"line":163,"column":53}},"75":{"start":{"line":164,"column":6},"end":{"line":168,"column":7}},"76":{"start":{"line":165,"column":22},"end":{"line":165,"column":65}},"77":{"start":{"line":166,"column":8},"end":{"line":166,"column":32}},"78":{"start":{"line":167,"column":8},"end":{"line":167,"column":20}},"79":{"start":{"line":169,"column":6},"end":{"line":169,"column":21}},"80":{"start":{"line":171,"column":6},"end":{"line":171,"column":18}},"81":{"start":{"line":177,"column":4},"end":{"line":297,"column":5}},"82":{"start":{"line":189,"column":10},"end":{"line":189,"column":18}},"83":{"start":{"line":191,"column":19},"end":{"line":191,"column":53}},"84":{"start":{"line":192,"column":6},"end":{"line":196,"column":7}},"85":{"start":{"line":193,"column":22},"end":{"line":193,"column":65}},"86":{"start":{"line":194,"column":8},"end":{"line":194,"column":32}},"87":{"start":{"line":195,"column":8},"end":{"line":195,"column":20}},"88":{"start":{"line":199,"column":21},"end":{"line":199,"column":61}},"89":{"start":{"line":203,"column":6},"end":{"line":209,"column":40}},"90":{"start":{"line":203,"column":36},"end":{"line":203,"column":61}},"91":{"start":{"line":204,"column":11},"end":{"line":209,"column":40}},"92":{"start":{"line":205,"column":8},"end":{"line":208,"column":27}},"93":{"start":{"line":207,"column":22},"end":{"line":207,"column":30}},"94":{"start":{"line":209,"column":11},"end":{"line":209,"column":40}},"95":{"start":{"line":212,"column":20},"end":{"line":212,"column":67}},"96":{"start":{"line":213,"column":19},"end":{"line":213,"column":75}},"97":{"start":{"line":214,"column":19},"end":{"line":214,"column":75}},"98":{"start":{"line":217,"column":6},"end":{"line":228,"column":7}},"99":{"start":{"line":218,"column":8},"end":{"line":227,"column":9}},"100":{"start":{"line":219,"column":22},"end":{"line":219,"column":48}},"101":{"start":{"line":220,"column":10},"end":{"line":224,"column":11}},"102":{"start":{"line":221,"column":12},"end":{"line":221,"column":29}},"103":{"start":{"line":222,"column":12},"end":{"line":222,"column":29}},"104":{"start":{"line":223,"column":12},"end":{"line":223,"column":31}},"105":{"start":{"line":233,"column":8},"end":{"line":233,"column":76}},"106":{"start":{"line":235,"column":8},"end":{"line":235,"column":75}},"107":{"start":{"line":237,"column":25},"end":{"line":237,"column":39}},"108":{"start":{"line":238,"column":23},"end":{"line":238,"column":35}},"109":{"start":{"line":239,"column":6},"end":{"line":239,"column":60}},"110":{"start":{"line":239,"column":35},"end":{"line":239,"column":60}},"111":{"start":{"line":240,"column":6},"end":{"line":240,"column":54}},"112":{"start":{"line":240,"column":33},"end":{"line":240,"column":54}},"113":{"start":{"line":242,"column":18},"end":{"line":242,"column":40}},"114":{"start":{"line":243,"column":18},"end":{"line":243,"column":38}},"115":{"start":{"line":244,"column":6},"end":{"line":248,"column":7}},"116":{"start":{"line":245,"column":20},"end":{"line":245,"column":51}},"117":{"start":{"line":246,"column":8},"end":{"line":246,"column":32}},"118":{"start":{"line":247,"column":8},"end":{"line":247,"column":18}},"119":{"start":{"line":249,"column":21},"end":{"line":249,"column":31}},"120":{"start":{"line":250,"column":6},"end":{"line":250,"column":34}},"121":{"start":{"line":251,"column":6},"end":{"line":255,"column":7}},"122":{"start":{"line":252,"column":20},"end":{"line":252,"column":64}},"123":{"start":{"line":253,"column":8},"end":{"line":253,"column":32}},"124":{"start":{"line":254,"column":8},"end":{"line":254,"column":18}},"125":{"start":{"line":256,"column":30},"end":{"line":256,"column":68}},"126":{"start":{"line":258,"column":20},"end":{"line":258,"column":32}},"127":{"start":{"line":259,"column":22},"end":{"line":259,"column":36}},"128":{"start":{"line":262,"column":8},"end":{"line":262,"column":70}},"129":{"start":{"line":263,"column":6},"end":{"line":279,"column":7}},"130":{"start":{"line":264,"column":8},"end":{"line":268,"column":9}},"131":{"start":{"line":265,"column":10},"end":{"line":265,"column":79}},"132":{"start":{"line":267,"column":10},"end":{"line":267,"column":53}},"133":{"start":{"line":269,"column":8},"end":{"line":278,"column":9}},"134":{"start":{"line":270,"column":10},"end":{"line":275,"column":12}},"135":{"start":{"line":277,"column":10},"end":{"line":277,"column":60}},"136":{"start":{"line":281,"column":6},"end":{"line":281,"column":28}},"137":{"start":{"line":282,"column":6},"end":{"line":282,"column":35}},"138":{"start":{"line":283,"column":6},"end":{"line":283,"column":26}},"139":{"start":{"line":284,"column":6},"end":{"line":284,"column":24}},"140":{"start":{"line":285,"column":6},"end":{"line":285,"column":24}},"141":{"start":{"line":286,"column":6},"end":{"line":286,"column":36}},"142":{"start":{"line":287,"column":6},"end":{"line":287,"column":32}},"143":{"start":{"line":288,"column":6},"end":{"line":288,"column":76}},"144":{"start":{"line":288,"column":40},"end":{"line":288,"column":76}},"145":{"start":{"line":289,"column":6},"end":{"line":289,"column":64}},"146":{"start":{"line":289,"column":36},"end":{"line":289,"column":64}},"147":{"start":{"line":290,"column":6},"end":{"line":290,"column":29}},"148":{"start":{"line":291,"column":6},"end":{"line":291,"column":33}},"149":{"start":{"line":293,"column":6},"end":{"line":293,"column":24}},"150":{"start":{"line":294,"column":6},"end":{"line":294,"column":21}},"151":{"start":{"line":296,"column":6},"end":{"line":296,"column":18}},"152":{"start":{"line":302,"column":4},"end":{"line":314,"column":5}},"153":{"start":{"line":303,"column":19},"end":{"line":303,"column":53}},"154":{"start":{"line":304,"column":6},"end":{"line":308,"column":7}},"155":{"start":{"line":305,"column":22},"end":{"line":305,"column":65}},"156":{"start":{"line":306,"column":8},"end":{"line":306,"column":32}},"157":{"start":{"line":307,"column":8},"end":{"line":307,"column":20}},"158":{"start":{"line":310,"column":6},"end":{"line":310,"column":27}},"159":{"start":{"line":311,"column":6},"end":{"line":311,"column":70}},"160":{"start":{"line":313,"column":6},"end":{"line":313,"column":18}},"161":{"start":{"line":318,"column":0},"end":{"line":318,"column":32}}},"fnMap":{"0":{"name":"(anonymous_0)","decl":{"start":{"line":10,"column":2},"end":{"line":10,"column":3}},"loc":{"start":{"line":10,"column":38},"end":{"line":148,"column":3}},"line":10},"1":{"name":"(anonymous_1)","decl":{"start":{"line":38,"column":15},"end":{"line":38,"column":16}},"loc":{"start":{"line":38,"column":22},"end":{"line":38,"column":30}},"line":38},"2":{"name":"(anonymous_2)","decl":{"start":{"line":151,"column":2},"end":{"line":151,"column":3}},"loc":{"start":{"line":151,"column":38},"end":{"line":158,"column":3}},"line":151},"3":{"name":"(anonymous_3)","decl":{"start":{"line":161,"column":2},"end":{"line":161,"column":3}},"loc":{"start":{"line":161,"column":38},"end":{"line":173,"column":3}},"line":161},"4":{"name":"(anonymous_4)","decl":{"start":{"line":176,"column":2},"end":{"line":176,"column":3}},"loc":{"start":{"line":176,"column":38},"end":{"line":298,"column":3}},"line":176},"5":{"name":"(anonymous_5)","decl":{"start":{"line":207,"column":15},"end":{"line":207,"column":16}},"loc":{"start":{"line":207,"column":22},"end":{"line":207,"column":30}},"line":207},"6":{"name":"(anonymous_6)","decl":{"start":{"line":301,"column":2},"end":{"line":301,"column":3}},"loc":{"start":{"line":301,"column":38},"end":{"line":315,"column":3}},"line":301}},"branchMap":{"0":{"loc":{"start":{"line":26,"column":6},"end":{"line":30,"column":7}},"type":"if","locations":[{"start":{"line":26,"column":6},"end":{"line":30,"column":7}},{"start":{},"end":{}}],"line":26},"1":{"loc":{"start":{"line":34,"column":6},"end":{"line":39,"column":27}},"type":"if","locations":[{"start":{"line":34,"column":6},"end":{"line":39,"column":27}},{"start":{"line":35,"column":11},"end":{"line":39,"column":27}}],"line":34},"2":{"loc":{"start":{"line":35,"column":11},"end":{"line":39,"column":27}},"type":"if","locations":[{"start":{"line":35,"column":11},"end":{"line":39,"column":27}},{"start":{},"end":{}}],"line":35},"3":{"loc":{"start":{"line":40,"column":6},"end":{"line":44,"column":7}},"type":"if","locations":[{"start":{"line":40,"column":6},"end":{"line":44,"column":7}},{"start":{},"end":{}}],"line":40},"4":{"loc":{"start":{"line":46,"column":22},"end":{"line":46,"column":38}},"type":"binary-expr","locations":[{"start":{"line":46,"column":22},"end":{"line":46,"column":26}},{"start":{"line":46,"column":30},"end":{"line":46,"column":38}}],"line":46},"5":{"loc":{"start":{"line":50,"column":6},"end":{"line":61,"column":7}},"type":"if","locations":[{"start":{"line":50,"column":6},"end":{"line":61,"column":7}},{"start":{},"end":{}}],"line":50},"6":{"loc":{"start":{"line":50,"column":10},"end":{"line":50,"column":48}},"type":"binary-expr","locations":[{"start":{"line":50,"column":11},"end":{"line":50,"column":20}},{"start":{"line":50,"column":24},"end":{"line":50,"column":34}},{"start":{"line":50,"column":39},"end":{"line":50,"column":48}}],"line":50},"7":{"loc":{"start":{"line":53,"column":10},"end":{"line":57,"column":11}},"type":"if","locations":[{"start":{"line":53,"column":10},"end":{"line":57,"column":11}},{"start":{},"end":{}}],"line":53},"8":{"loc":{"start":{"line":63,"column":6},"end":{"line":69,"column":7}},"type":"if","locations":[{"start":{"line":63,"column":6},"end":{"line":69,"column":7}},{"start":{},"end":{}}],"line":63},"9":{"loc":{"start":{"line":63,"column":10},"end":{"line":63,"column":61}},"type":"binary-expr","locations":[{"start":{"line":63,"column":10},"end":{"line":63,"column":20}},{"start":{"line":63,"column":24},"end":{"line":63,"column":40}},{"start":{"line":63,"column":44},"end":{"line":63,"column":61}}],"line":63},"10":{"loc":{"start":{"line":73,"column":6},"end":{"line":77,"column":7}},"type":"if","locations":[{"start":{"line":73,"column":6},"end":{"line":77,"column":7}},{"start":{},"end":{}}],"line":73},"11":{"loc":{"start":{"line":73,"column":10},"end":{"line":73,"column":32}},"type":"binary-expr","locations":[{"start":{"line":73,"column":10},"end":{"line":73,"column":20}},{"start":{"line":73,"column":24},"end":{"line":73,"column":32}}],"line":73},"12":{"loc":{"start":{"line":80,"column":6},"end":{"line":84,"column":7}},"type":"if","locations":[{"start":{"line":80,"column":6},"end":{"line":84,"column":7}},{"start":{},"end":{}}],"line":80},"13":{"loc":{"start":{"line":80,"column":10},"end":{"line":80,"column":43}},"type":"binary-expr","locations":[{"start":{"line":80,"column":10},"end":{"line":80,"column":19}},{"start":{"line":80,"column":23},"end":{"line":80,"column":32}},{"start":{"line":80,"column":36},"end":{"line":80,"column":43}}],"line":80},"14":{"loc":{"start":{"line":87,"column":6},"end":{"line":91,"column":7}},"type":"if","locations":[{"start":{"line":87,"column":6},"end":{"line":91,"column":7}},{"start":{},"end":{}}],"line":87},"15":{"loc":{"start":{"line":97,"column":6},"end":{"line":116,"column":7}},"type":"if","locations":[{"start":{"line":97,"column":6},"end":{"line":116,"column":7}},{"start":{"line":100,"column":13},"end":{"line":116,"column":7}}],"line":97},"16":{"loc":{"start":{"line":120,"column":9},"end":{"line":120,"column":27}},"type":"binary-expr","locations":[{"start":{"line":120,"column":9},"end":{"line":120,"column":14}},{"start":{"line":120,"column":18},"end":{"line":120,"column":27}}],"line":120},"17":{"loc":{"start":{"line":129,"column":20},"end":{"line":129,"column":38}},"type":"binary-expr","locations":[{"start":{"line":129,"column":20},"end":{"line":129,"column":30}},{"start":{"line":129,"column":34},"end":{"line":129,"column":38}}],"line":129},"18":{"loc":{"start":{"line":130,"column":19},"end":{"line":130,"column":36}},"type":"binary-expr","locations":[{"start":{"line":130,"column":19},"end":{"line":130,"column":28}},{"start":{"line":130,"column":32},"end":{"line":130,"column":36}}],"line":130},"19":{"loc":{"start":{"line":134,"column":17},"end":{"line":134,"column":32}},"type":"binary-expr","locations":[{"start":{"line":134,"column":17},"end":{"line":134,"column":24}},{"start":{"line":134,"column":28},"end":{"line":134,"column":32}}],"line":134},"20":{"loc":{"start":{"line":135,"column":19},"end":{"line":135,"column":36}},"type":"binary-expr","locations":[{"start":{"line":135,"column":19},"end":{"line":135,"column":28}},{"start":{"line":135,"column":32},"end":{"line":135,"column":36}}],"line":135},"21":{"loc":{"start":{"line":136,"column":23},"end":{"line":136,"column":45}},"type":"binary-expr","locations":[{"start":{"line":136,"column":23},"end":{"line":136,"column":37}},{"start":{"line":136,"column":41},"end":{"line":136,"column":45}}],"line":136},"22":{"loc":{"start":{"line":137,"column":19},"end":{"line":137,"column":37}},"type":"binary-expr","locations":[{"start":{"line":137,"column":19},"end":{"line":137,"column":29}},{"start":{"line":137,"column":33},"end":{"line":137,"column":37}}],"line":137},"23":{"loc":{"start":{"line":164,"column":6},"end":{"line":168,"column":7}},"type":"if","locations":[{"start":{"line":164,"column":6},"end":{"line":168,"column":7}},{"start":{},"end":{}}],"line":164},"24":{"loc":{"start":{"line":164,"column":10},"end":{"line":164,"column":46}},"type":"binary-expr","locations":[{"start":{"line":164,"column":10},"end":{"line":164,"column":15}},{"start":{"line":164,"column":19},"end":{"line":164,"column":46}}],"line":164},"25":{"loc":{"start":{"line":192,"column":6},"end":{"line":196,"column":7}},"type":"if","locations":[{"start":{"line":192,"column":6},"end":{"line":196,"column":7}},{"start":{},"end":{}}],"line":192},"26":{"loc":{"start":{"line":192,"column":10},"end":{"line":192,"column":46}},"type":"binary-expr","locations":[{"start":{"line":192,"column":10},"end":{"line":192,"column":15}},{"start":{"line":192,"column":19},"end":{"line":192,"column":46}}],"line":192},"27":{"loc":{"start":{"line":199,"column":21},"end":{"line":199,"column":61}},"type":"cond-expr","locations":[{"start":{"line":199,"column":43},"end":{"line":199,"column":48}},{"start":{"line":199,"column":51},"end":{"line":199,"column":61}}],"line":199},"28":{"loc":{"start":{"line":203,"column":6},"end":{"line":209,"column":40}},"type":"if","locations":[{"start":{"line":203,"column":6},"end":{"line":209,"column":40}},{"start":{"line":204,"column":11},"end":{"line":209,"column":40}}],"line":203},"29":{"loc":{"start":{"line":204,"column":11},"end":{"line":209,"column":40}},"type":"if","locations":[{"start":{"line":204,"column":11},"end":{"line":209,"column":40}},{"start":{"line":209,"column":11},"end":{"line":209,"column":40}}],"line":204},"30":{"loc":{"start":{"line":212,"column":20},"end":{"line":212,"column":67}},"type":"cond-expr","locations":[{"start":{"line":212,"column":39},"end":{"line":212,"column":55}},{"start":{"line":212,"column":58},"end":{"line":212,"column":67}}],"line":212},"31":{"loc":{"start":{"line":212,"column":20},"end":{"line":212,"column":36}},"type":"binary-expr","locations":[{"start":{"line":212,"column":20},"end":{"line":212,"column":24}},{"start":{"line":212,"column":28},"end":{"line":212,"column":36}}],"line":212},"32":{"loc":{"start":{"line":212,"column":39},"end":{"line":212,"column":55}},"type":"binary-expr","locations":[{"start":{"line":212,"column":39},"end":{"line":212,"column":43}},{"start":{"line":212,"column":47},"end":{"line":212,"column":55}}],"line":212},"33":{"loc":{"start":{"line":213,"column":19},"end":{"line":213,"column":75}},"type":"cond-expr","locations":[{"start":{"line":213,"column":53},"end":{"line":213,"column":64}},{"start":{"line":213,"column":67},"end":{"line":213,"column":75}}],"line":213},"34":{"loc":{"start":{"line":213,"column":19},"end":{"line":213,"column":50}},"type":"binary-expr","locations":[{"start":{"line":213,"column":19},"end":{"line":213,"column":36}},{"start":{"line":213,"column":40},"end":{"line":213,"column":50}}],"line":213},"35":{"loc":{"start":{"line":214,"column":19},"end":{"line":214,"column":75}},"type":"cond-expr","locations":[{"start":{"line":214,"column":53},"end":{"line":214,"column":64}},{"start":{"line":214,"column":67},"end":{"line":214,"column":75}}],"line":214},"36":{"loc":{"start":{"line":214,"column":19},"end":{"line":214,"column":50}},"type":"binary-expr","locations":[{"start":{"line":214,"column":19},"end":{"line":214,"column":36}},{"start":{"line":214,"column":40},"end":{"line":214,"column":50}}],"line":214},"37":{"loc":{"start":{"line":217,"column":6},"end":{"line":228,"column":7}},"type":"if","locations":[{"start":{"line":217,"column":6},"end":{"line":228,"column":7}},{"start":{},"end":{}}],"line":217},"38":{"loc":{"start":{"line":217,"column":10},"end":{"line":217,"column":70}},"type":"binary-expr","locations":[{"start":{"line":217,"column":11},"end":{"line":217,"column":15}},{"start":{"line":217,"column":19},"end":{"line":217,"column":27}},{"start":{"line":217,"column":32},"end":{"line":217,"column":49}},{"start":{"line":217,"column":53},"end":{"line":217,"column":70}}],"line":217},"39":{"loc":{"start":{"line":220,"column":10},"end":{"line":224,"column":11}},"type":"if","locations":[{"start":{"line":220,"column":10},"end":{"line":224,"column":11}},{"start":{},"end":{}}],"line":220},"40":{"loc":{"start":{"line":233,"column":56},"end":{"line":233,"column":75}},"type":"binary-expr","locations":[{"start":{"line":233,"column":56},"end":{"line":233,"column":69}},{"start":{"line":233,"column":73},"end":{"line":233,"column":75}}],"line":233},"41":{"loc":{"start":{"line":235,"column":8},"end":{"line":235,"column":75}},"type":"binary-expr","locations":[{"start":{"line":235,"column":8},"end":{"line":235,"column":29}},{"start":{"line":235,"column":33},"end":{"line":235,"column":52}},{"start":{"line":235,"column":56},"end":{"line":235,"column":75}}],"line":235},"42":{"loc":{"start":{"line":239,"column":6},"end":{"line":239,"column":60}},"type":"if","locations":[{"start":{"line":239,"column":6},"end":{"line":239,"column":60}},{"start":{},"end":{}}],"line":239},"43":{"loc":{"start":{"line":240,"column":6},"end":{"line":240,"column":54}},"type":"if","locations":[{"start":{"line":240,"column":6},"end":{"line":240,"column":54}},{"start":{},"end":{}}],"line":240},"44":{"loc":{"start":{"line":244,"column":6},"end":{"line":248,"column":7}},"type":"if","locations":[{"start":{"line":244,"column":6},"end":{"line":248,"column":7}},{"start":{},"end":{}}],"line":244},"45":{"loc":{"start":{"line":244,"column":10},"end":{"line":244,"column":47}},"type":"binary-expr","locations":[{"start":{"line":244,"column":10},"end":{"line":244,"column":20}},{"start":{"line":244,"column":24},"end":{"line":244,"column":34}},{"start":{"line":244,"column":38},"end":{"line":244,"column":47}}],"line":244},"46":{"loc":{"start":{"line":251,"column":6},"end":{"line":255,"column":7}},"type":"if","locations":[{"start":{"line":251,"column":6},"end":{"line":255,"column":7}},{"start":{},"end":{}}],"line":251},"47":{"loc":{"start":{"line":262,"column":8},"end":{"line":262,"column":70}},"type":"binary-expr","locations":[{"start":{"line":262,"column":8},"end":{"line":262,"column":39}},{"start":{"line":262,"column":43},"end":{"line":262,"column":70}}],"line":262},"48":{"loc":{"start":{"line":263,"column":6},"end":{"line":279,"column":7}},"type":"if","locations":[{"start":{"line":263,"column":6},"end":{"line":279,"column":7}},{"start":{},"end":{}}],"line":263},"49":{"loc":{"start":{"line":263,"column":10},"end":{"line":263,"column":60}},"type":"binary-expr","locations":[{"start":{"line":263,"column":10},"end":{"line":263,"column":26}},{"start":{"line":263,"column":30},"end":{"line":263,"column":45}},{"start":{"line":263,"column":49},"end":{"line":263,"column":60}}],"line":263},"50":{"loc":{"start":{"line":288,"column":6},"end":{"line":288,"column":76}},"type":"if","locations":[{"start":{"line":288,"column":6},"end":{"line":288,"column":76}},{"start":{},"end":{}}],"line":288},"51":{"loc":{"start":{"line":289,"column":6},"end":{"line":289,"column":64}},"type":"if","locations":[{"start":{"line":289,"column":6},"end":{"line":289,"column":64}},{"start":{},"end":{}}],"line":289},"52":{"loc":{"start":{"line":304,"column":6},"end":{"line":308,"column":7}},"type":"if","locations":[{"start":{"line":304,"column":6},"end":{"line":308,"column":7}},{"start":{},"end":{}}],"line":304},"53":{"loc":{"start":{"line":304,"column":10},"end":{"line":304,"column":46}},"type":"binary-expr","locations":[{"start":{"line":304,"column":10},"end":{"line":304,"column":15}},{"start":{"line":304,"column":19},"end":{"line":304,"column":46}}],"line":304}},"s":{"0":21,"1":21,"2":21,"3":21,"4":21,"5":14,"6":14,"7":14,"8":14,"9":1,"10":1,"11":1,"12":13,"13":13,"14":0,"15":13,"16":12,"17":12,"18":13,"19":1,"20":1,"21":1,"22":12,"23":12,"24":12,"25":12,"26":11,"27":11,"28":11,"29":11,"30":11,"31":11,"32":12,"33":1,"34":1,"35":1,"36":11,"37":11,"38":0,"39":0,"40":0,"41":11,"42":11,"43":11,"44":1,"45":1,"46":1,"47":10,"48":10,"49":10,"50":1,"51":1,"52":1,"53":9,"54":9,"55":9,"56":9,"57":9,"58":9,"59":0,"60":0,"61":0,"62":0,"63":0,"64":0,"65":9,"66":9,"67":9,"68":5,"69":1,"70":1,"71":1,"72":0,"73":2,"74":2,"75":2,"76":1,"77":1,"78":1,"79":1,"80":1,"81":9,"82":9,"83":9,"84":9,"85":0,"86":0,"87":0,"88":9,"89":9,"90":1,"91":8,"92":1,"93":2,"94":7,"95":9,"96":9,"97":9,"98":9,"99":1,"100":1,"101":1,"102":1,"103":1,"104":1,"105":9,"106":9,"107":9,"108":9,"109":9,"110":2,"111":9,"112":2,"113":9,"114":9,"115":9,"116":1,"117":1,"118":1,"119":8,"120":8,"121":8,"122":0,"123":0,"124":0,"125":8,"126":8,"127":8,"128":8,"129":8,"130":4,"131":4,"132":0,"133":4,"134":4,"135":1,"136":8,"137":8,"138":8,"139":8,"140":8,"141":8,"142":8,"143":8,"144":1,"145":8,"146":1,"147":8,"148":8,"149":8,"150":8,"151":1,"152":1,"153":1,"154":1,"155":0,"156":0,"157":0,"158":1,"159":1,"160":0,"161":21},"f":{"0":14,"1":12,"2":1,"3":2,"4":9,"5":2,"6":1},"b":{"0":[1,13],"1":[0,13],"2":[12,1],"3":[1,12],"4":[12,1],"5":[11,1],"6":[12,0,12],"7":[11,0],"8":[1,11],"9":[12,11,11],"10":[0,11],"11":[11,11],"12":[1,10],"13":[11,11,11],"14":[1,9],"15":[9,0],"16":[9,0],"17":[9,9],"18":[9,9],"19":[9,0],"20":[9,0],"21":[9,9],"22":[9,9],"23":[1,1],"24":[2,1],"25":[0,9],"26":[9,9],"27":[3,6],"28":[1,8],"29":[1,7],"30":[1,8],"31":[9,8],"32":[1,0],"33":[0,9],"34":[9,0],"35":[0,9],"36":[9,0],"37":[1,8],"38":[9,8,1,1],"39":[1,0],"40":[9,0],"41":[9,8,8],"42":[2,7],"43":[2,7],"44":[1,8],"45":[9,9,9],"46":[0,8],"47":[8,7],"48":[4,4],"49":[8,6,5],"50":[1,7],"51":[1,7],"52":[0,1],"53":[1,1]},"_coverageSchema":"1a1c01bbd47fc00a2c39e90264f33305004495a9","hash":"b2a80927b83d68467bedffafeb45d589fb5cd043"}
,"D:\\Hacktiv8\\phase_2_rev1\\WEEK_3\\IP-HCK86\\server\\helpers\\bcrypt.js": {"path":"D:\\Hacktiv8\\phase_2_rev1\\WEEK_3\\IP-HCK86\\server\\helpers\\bcrypt.js","statementMap":{"0":{"start":{"line":1,"column":15},"end":{"line":1,"column":34}},"1":{"start":{"line":3,"column":21},"end":{"line":5,"column":1}},"2":{"start":{"line":4,"column":2},"end":{"line":4,"column":39}},"3":{"start":{"line":7,"column":24},"end":{"line":9,"column":1}},"4":{"start":{"line":8,"column":2},"end":{"line":8,"column":54}},"5":{"start":{"line":11,"column":0},"end":{"line":14,"column":2}}},"fnMap":{"0":{"name":"(anonymous_0)","decl":{"start":{"line":3,"column":21},"end":{"line":3,"column":22}},"loc":{"start":{"line":3,"column":35},"end":{"line":5,"column":1}},"line":3},"1":{"name":"(anonymous_1)","decl":{"start":{"line":7,"column":24},"end":{"line":7,"column":25}},"loc":{"start":{"line":7,"column":54},"end":{"line":9,"column":1}},"line":7}},"branchMap":{},"s":{"0":28,"1":28,"2":19,"3":28,"4":15,"5":28},"f":{"0":19,"1":15},"b":{},"_coverageSchema":"1a1c01bbd47fc00a2c39e90264f33305004495a9","hash":"a53f127342f5367d457bac0138187a98ffa42777"}
,"D:\\Hacktiv8\\phase_2_rev1\\WEEK_3\\IP-HCK86\\server\\helpers\\jwt.js": {"path":"D:\\Hacktiv8\\phase_2_rev1\\WEEK_3\\IP-HCK86\\server\\helpers\\jwt.js","statementMap":{"0":{"start":{"line":1,"column":0},"end":{"line":1,"column":27}},"1":{"start":{"line":2,"column":12},"end":{"line":2,"column":35}},"2":{"start":{"line":4,"column":17},"end":{"line":4,"column":39}},"3":{"start":{"line":5,"column":0},"end":{"line":14,"column":1}},"4":{"start":{"line":7,"column":2},"end":{"line":13,"column":3}},"5":{"start":{"line":8,"column":16},"end":{"line":8,"column":71}},"6":{"start":{"line":9,"column":4},"end":{"line":9,"column":29}},"7":{"start":{"line":10,"column":4},"end":{"line":10,"column":14}},"8":{"start":{"line":12,"column":4},"end":{"line":12,"column":29}},"9":{"start":{"line":16,"column":18},"end":{"line":18,"column":1}},"10":{"start":{"line":17,"column":2},"end":{"line":17,"column":36}},"11":{"start":{"line":20,"column":20},"end":{"line":22,"column":1}},"12":{"start":{"line":21,"column":2},"end":{"line":21,"column":39}},"13":{"start":{"line":24,"column":0},"end":{"line":27,"column":2}}},"fnMap":{"0":{"name":"(anonymous_0)","decl":{"start":{"line":16,"column":18},"end":{"line":16,"column":19}},"loc":{"start":{"line":16,"column":28},"end":{"line":18,"column":1}},"line":16},"1":{"name":"(anonymous_1)","decl":{"start":{"line":20,"column":20},"end":{"line":20,"column":21}},"loc":{"start":{"line":20,"column":31},"end":{"line":22,"column":1}},"line":20}},"branchMap":{"0":{"loc":{"start":{"line":5,"column":0},"end":{"line":14,"column":1}},"type":"if","locations":[{"start":{"line":5,"column":0},"end":{"line":14,"column":1}},{"start":{},"end":{}}],"line":5},"1":{"loc":{"start":{"line":7,"column":2},"end":{"line":13,"column":3}},"type":"if","locations":[{"start":{"line":7,"column":2},"end":{"line":13,"column":3}},{"start":{"line":11,"column":9},"end":{"line":13,"column":3}}],"line":7}},"s":{"0":23,"1":23,"2":23,"3":23,"4":1,"5":1,"6":1,"7":1,"8":0,"9":22,"10":19,"11":22,"12":45,"13":22},"f":{"0":19,"1":45},"b":{"0":[1,22],"1":[1,0]},"_coverageSchema":"1a1c01bbd47fc00a2c39e90264f33305004495a9","hash":"9a152362c74ba5396b6064e18e75a932b1d9b68f"}
,"D:\\Hacktiv8\\phase_2_rev1\\WEEK_3\\IP-HCK86\\server\\middlewares\\authentication.js": {"path":"D:\\Hacktiv8\\phase_2_rev1\\WEEK_3\\IP-HCK86\\server\\middlewares\\authentication.js","statementMap":{"0":{"start":{"line":2,"column":22},"end":{"line":2,"column":48}},"1":{"start":{"line":5,"column":2},"end":{"line":23,"column":4}},"2":{"start":{"line":6,"column":18},"end":{"line":6,"column":58}},"3":{"start":{"line":8,"column":4},"end":{"line":14,"column":5}},"4":{"start":{"line":9,"column":6},"end":{"line":11,"column":7}},"5":{"start":{"line":10,"column":8},"end":{"line":10,"column":89}},"6":{"start":{"line":12,"column":6},"end":{"line":12,"column":22}},"7":{"start":{"line":13,"column":6},"end":{"line":13,"column":20}},"8":{"start":{"line":16,"column":4},"end":{"line":22,"column":5}},"9":{"start":{"line":17,"column":22},"end":{"line":17,"column":40}},"10":{"start":{"line":18,"column":6},"end":{"line":18,"column":25}},"11":{"start":{"line":19,"column":6},"end":{"line":19,"column":13}},"12":{"start":{"line":21,"column":6},"end":{"line":21,"column":87}},"13":{"start":{"line":26,"column":0},"end":{"line":26,"column":26}}},"fnMap":{"0":{"name":"auth","decl":{"start":{"line":4,"column":9},"end":{"line":4,"column":13}},"loc":{"start":{"line":4,"column":31},"end":{"line":24,"column":1}},"line":4},"1":{"name":"(anonymous_1)","decl":{"start":{"line":5,"column":9},"end":{"line":5,"column":10}},"loc":{"start":{"line":5,"column":29},"end":{"line":23,"column":3}},"line":5}},"branchMap":{"0":{"loc":{"start":{"line":4,"column":14},"end":{"line":4,"column":29}},"type":"default-arg","locations":[{"start":{"line":4,"column":25},"end":{"line":4,"column":29}}],"line":4},"1":{"loc":{"start":{"line":8,"column":4},"end":{"line":14,"column":5}},"type":"if","locations":[{"start":{"line":8,"column":4},"end":{"line":14,"column":5}},{"start":{},"end":{}}],"line":8},"2":{"loc":{"start":{"line":9,"column":6},"end":{"line":11,"column":7}},"type":"if","locations":[{"start":{"line":9,"column":6},"end":{"line":11,"column":7}},{"start":{},"end":{}}],"line":9}},"s":{"0":21,"1":252,"2":46,"3":46,"4":2,"5":2,"6":0,"7":0,"8":44,"9":44,"10":42,"11":42,"12":2,"13":21},"f":{"0":252,"1":46},"b":{"0":[252],"1":[2,44],"2":[2,0]},"_coverageSchema":"1a1c01bbd47fc00a2c39e90264f33305004495a9","hash":"70aec5565e8bd942be05a17986924062e49c2329"}
,"D:\\Hacktiv8\\phase_2_rev1\\WEEK_3\\IP-HCK86\\server\\middlewares\\authorization.js": {"path":"D:\\Hacktiv8\\phase_2_rev1\\WEEK_3\\IP-HCK86\\server\\middlewares\\authorization.js","statementMap":{"0":{"start":{"line":2,"column":2},"end":{"line":24,"column":1}},"1":{"start":{"line":3,"column":19},"end":{"line":3,"column":29}},"2":{"start":{"line":4,"column":19},"end":{"line":4,"column":48}},"3":{"start":{"line":6,"column":4},"end":{"line":8,"column":5}},"4":{"start":{"line":7,"column":6},"end":{"line":7,"column":61}},"5":{"start":{"line":10,"column":4},"end":{"line":23,"column":3}},"6":{"start":{"line":11,"column":23},"end":{"line":11,"column":47}},"7":{"start":{"line":12,"column":6},"end":{"line":14,"column":7}},"8":{"start":{"line":13,"column":8},"end":{"line":13,"column":69}},"9":{"start":{"line":16,"column":6},"end":{"line":18,"column":7}},"10":{"start":{"line":17,"column":8},"end":{"line":17,"column":75}},"11":{"start":{"line":20,"column":6},"end":{"line":20,"column":13}},"12":{"start":{"line":22,"column":6},"end":{"line":22,"column":16}},"13":{"start":{"line":27,"column":0},"end":{"line":27,"column":35}}},"fnMap":{"0":{"name":"authorization","decl":{"start":{"line":1,"column":9},"end":{"line":1,"column":22}},"loc":{"start":{"line":1,"column":30},"end":{"line":25,"column":1}},"line":1},"1":{"name":"(anonymous_1)","decl":{"start":{"line":2,"column":9},"end":{"line":2,"column":10}},"loc":{"start":{"line":2,"column":35},"end":{"line":24,"column":1}},"line":2}},"branchMap":{"0":{"loc":{"start":{"line":4,"column":19},"end":{"line":4,"column":48}},"type":"cond-expr","locations":[{"start":{"line":4,"column":30},"end":{"line":4,"column":41}},{"start":{"line":4,"column":44},"end":{"line":4,"column":48}}],"line":4},"1":{"loc":{"start":{"line":6,"column":4},"end":{"line":8,"column":5}},"type":"if","locations":[{"start":{"line":6,"column":4},"end":{"line":8,"column":5}},{"start":{},"end":{}}],"line":6},"2":{"loc":{"start":{"line":12,"column":6},"end":{"line":14,"column":7}},"type":"if","locations":[{"start":{"line":12,"column":6},"end":{"line":14,"column":7}},{"start":{},"end":{}}],"line":12},"3":{"loc":{"start":{"line":16,"column":6},"end":{"line":18,"column":7}},"type":"if","locations":[{"start":{"line":16,"column":6},"end":{"line":18,"column":7}},{"start":{},"end":{}}],"line":16}},"s":{"0":42,"1":12,"2":12,"3":12,"4":0,"5":12,"6":12,"7":12,"8":0,"9":12,"10":2,"11":10,"12":0,"13":21},"f":{"0":42,"1":12},"b":{"0":[12,0],"1":[0,12],"2":[0,12],"3":[2,10]},"_coverageSchema":"1a1c01bbd47fc00a2c39e90264f33305004495a9","hash":"146ea24c78d1114f937e5afc2b82c5be02c68d38"}
,"D:\\Hacktiv8\\phase_2_rev1\\WEEK_3\\IP-HCK86\\server\\middlewares\\errorHandler.js": {"path":"D:\\Hacktiv8\\phase_2_rev1\\WEEK_3\\IP-HCK86\\server\\middlewares\\errorHandler.js","statementMap":{"0":{"start":{"line":2,"column":15},"end":{"line":2,"column":18}},"1":{"start":{"line":3,"column":16},"end":{"line":3,"column":39}},"2":{"start":{"line":5,"column":2},"end":{"line":55,"column":3}},"3":{"start":{"line":7,"column":6},"end":{"line":7,"column":19}},"4":{"start":{"line":8,"column":6},"end":{"line":8,"column":40}},"5":{"start":{"line":9,"column":6},"end":{"line":9,"column":12}},"6":{"start":{"line":12,"column":6},"end":{"line":12,"column":19}},"7":{"start":{"line":13,"column":6},"end":{"line":13,"column":40}},"8":{"start":{"line":14,"column":6},"end":{"line":14,"column":12}},"9":{"start":{"line":17,"column":6},"end":{"line":17,"column":19}},"10":{"start":{"line":18,"column":6},"end":{"line":18,"column":30}},"11":{"start":{"line":19,"column":6},"end":{"line":19,"column":12}},"12":{"start":{"line":22,"column":6},"end":{"line":22,"column":19}},"13":{"start":{"line":23,"column":6},"end":{"line":23,"column":30}},"14":{"start":{"line":24,"column":6},"end":{"line":24,"column":12}},"15":{"start":{"line":27,"column":6},"end":{"line":27,"column":19}},"16":{"start":{"line":28,"column":6},"end":{"line":28,"column":30}},"17":{"start":{"line":29,"column":6},"end":{"line":29,"column":12}},"18":{"start":{"line":32,"column":6},"end":{"line":32,"column":19}},"19":{"start":{"line":33,"column":6},"end":{"line":33,"column":30}},"20":{"start":{"line":34,"column":6},"end":{"line":34,"column":12}},"21":{"start":{"line":36,"column":6},"end":{"line":36,"column":19}},"22":{"start":{"line":37,"column":6},"end":{"line":37,"column":30}},"23":{"start":{"line":38,"column":6},"end":{"line":38,"column":12}},"24":{"start":{"line":41,"column":6},"end":{"line":41,"column":19}},"25":{"start":{"line":42,"column":6},"end":{"line":42,"column":32}},"26":{"start":{"line":43,"column":6},"end":{"line":43,"column":12}},"27":{"start":{"line":46,"column":6},"end":{"line":46,"column":19}},"28":{"start":{"line":47,"column":6},"end":{"line":47,"column":32}},"29":{"start":{"line":48,"column":6},"end":{"line":48,"column":12}},"30":{"start":{"line":51,"column":6},"end":{"line":51,"column":47}},"31":{"start":{"line":52,"column":6},"end":{"line":52,"column":19}},"32":{"start":{"line":53,"column":6},"end":{"line":53,"column":57}},"33":{"start":{"line":54,"column":6},"end":{"line":54,"column":12}},"34":{"start":{"line":57,"column":2},"end":{"line":60,"column":5}},"35":{"start":{"line":63,"column":0},"end":{"line":63,"column":30}}},"fnMap":{"0":{"name":"errorHandler","decl":{"start":{"line":1,"column":9},"end":{"line":1,"column":21}},"loc":{"start":{"line":1,"column":45},"end":{"line":61,"column":1}},"line":1}},"branchMap":{"0":{"loc":{"start":{"line":5,"column":2},"end":{"line":55,"column":3}},"type":"switch","locations":[{"start":{"line":6,"column":4},"end":{"line":9,"column":12}},{"start":{"line":11,"column":4},"end":{"line":14,"column":12}},{"start":{"line":16,"column":4},"end":{"line":19,"column":12}},{"start":{"line":21,"column":4},"end":{"line":24,"column":12}},{"start":{"line":26,"column":4},"end":{"line":29,"column":12}},{"start":{"line":31,"column":4},"end":{"line":34,"column":12}},{"start":{"line":35,"column":4},"end":{"line":38,"column":12}},{"start":{"line":40,"column":4},"end":{"line":43,"column":12}},{"start":{"line":45,"column":4},"end":{"line":48,"column":12}},{"start":{"line":50,"column":4},"end":{"line":54,"column":12}}],"line":5},"1":{"loc":{"start":{"line":53,"column":16},"end":{"line":53,"column":56}},"type":"binary-expr","locations":[{"start":{"line":53,"column":16},"end":{"line":53,"column":29}},{"start":{"line":53,"column":33},"end":{"line":53,"column":56}}],"line":53},"2":{"loc":{"start":{"line":59,"column":8},"end":{"line":59,"column":72}},"type":"binary-expr","locations":[{"start":{"line":59,"column":8},"end":{"line":59,"column":46}},{"start":{"line":59,"column":50},"end":{"line":59,"column":72}}],"line":59}},"s":{"0":21,"1":21,"2":21,"3":1,"4":1,"5":1,"6":1,"7":1,"8":1,"9":10,"10":10,"11":10,"12":1,"13":1,"14":1,"15":1,"16":1,"17":1,"18":2,"19":2,"20":2,"21":1,"22":1,"23":1,"24":1,"25":1,"26":1,"27":0,"28":0,"29":0,"30":3,"31":3,"32":3,"33":3,"34":21,"35":22},"f":{"0":21},"b":{"0":[1,1,10,1,1,2,1,1,0,3],"1":[3,0],"2":[21,0]},"_coverageSchema":"1a1c01bbd47fc00a2c39e90264f33305004495a9","hash":"291ed61f7c1ba72a5083fc847557decb8f2a3ce1"}
,"D:\\Hacktiv8\\phase_2_rev1\\WEEK_3\\IP-HCK86\\server\\models\\favouriteplace.js": {"path":"D:\\Hacktiv8\\phase_2_rev1\\WEEK_3\\IP-HCK86\\server\\models\\favouriteplace.js","statementMap":{"0":{"start":{"line":4,"column":4},"end":{"line":4,"column":24}},"1":{"start":{"line":5,"column":0},"end":{"line":30,"column":2}},"2":{"start":{"line":13,"column":6},"end":{"line":13,"column":67}},"3":{"start":{"line":16,"column":2},"end":{"line":28,"column":5}},"4":{"start":{"line":29,"column":2},"end":{"line":29,"column":24}}},"fnMap":{"0":{"name":"(anonymous_0)","decl":{"start":{"line":5,"column":17},"end":{"line":5,"column":18}},"loc":{"start":{"line":5,"column":43},"end":{"line":30,"column":1}},"line":5},"1":{"name":"(anonymous_1)","decl":{"start":{"line":12,"column":4},"end":{"line":12,"column":5}},"loc":{"start":{"line":12,"column":29},"end":{"line":14,"column":5}},"line":12}},"branchMap":{},"s":{"0":28,"1":28,"2":28,"3":28,"4":28},"f":{"0":28,"1":28},"b":{},"_coverageSchema":"1a1c01bbd47fc00a2c39e90264f33305004495a9","hash":"d175412aad0350914919e1efd98ab1406fa34fbc"}
,"D:\\Hacktiv8\\phase_2_rev1\\WEEK_3\\IP-HCK86\\server\\models\\favouritetrip.js": {"path":"D:\\Hacktiv8\\phase_2_rev1\\WEEK_3\\IP-HCK86\\server\\models\\favouritetrip.js","statementMap":{"0":{"start":{"line":2,"column":18},"end":{"line":2,"column":38}},"1":{"start":{"line":3,"column":0},"end":{"line":16,"column":2}},"2":{"start":{"line":6,"column":6},"end":{"line":6,"column":69}},"3":{"start":{"line":7,"column":6},"end":{"line":7,"column":69}},"4":{"start":{"line":10,"column":2},"end":{"line":14,"column":48}},"5":{"start":{"line":15,"column":2},"end":{"line":15,"column":23}}},"fnMap":{"0":{"name":"(anonymous_0)","decl":{"start":{"line":3,"column":17},"end":{"line":3,"column":18}},"loc":{"start":{"line":3,"column":43},"end":{"line":16,"column":1}},"line":3},"1":{"name":"(anonymous_1)","decl":{"start":{"line":5,"column":4},"end":{"line":5,"column":5}},"loc":{"start":{"line":5,"column":29},"end":{"line":8,"column":5}},"line":5}},"branchMap":{},"s":{"0":28,"1":28,"2":28,"3":28,"4":28,"5":28},"f":{"0":28,"1":28},"b":{},"_coverageSchema":"1a1c01bbd47fc00a2c39e90264f33305004495a9","hash":"922b2e0b0060f400b6bbfec019e31b788ca7d4b6"}
,"D:\\Hacktiv8\\phase_2_rev1\\WEEK_3\\IP-HCK86\\server\\models\\index.js": {"path":"D:\\Hacktiv8\\phase_2_rev1\\WEEK_3\\IP-HCK86\\server\\models\\index.js","statementMap":{"0":{"start":{"line":3,"column":11},"end":{"line":3,"column":24}},"1":{"start":{"line":4,"column":13},"end":{"line":4,"column":28}},"2":{"start":{"line":5,"column":18},"end":{"line":5,"column":38}},"3":{"start":{"line":6,"column":16},"end":{"line":6,"column":34}},"4":{"start":{"line":7,"column":17},"end":{"line":7,"column":42}},"5":{"start":{"line":8,"column":12},"end":{"line":8,"column":49}},"6":{"start":{"line":9,"column":15},"end":{"line":9,"column":65}},"7":{"start":{"line":10,"column":11},"end":{"line":10,"column":13}},"8":{"start":{"line":13,"column":0},"end":{"line":17,"column":1}},"9":{"start":{"line":14,"column":2},"end":{"line":14,"column":74}},"10":{"start":{"line":16,"column":2},"end":{"line":16,"column":87}},"11":{"start":{"line":19,"column":0},"end":{"line":32,"column":5}},"12":{"start":{"line":22,"column":4},"end":{"line":27,"column":6}},"13":{"start":{"line":30,"column":18},"end":{"line":30,"column":85}},"14":{"start":{"line":31,"column":4},"end":{"line":31,"column":27}},"15":{"start":{"line":34,"column":0},"end":{"line":38,"column":3}},"16":{"start":{"line":35,"column":2},"end":{"line":37,"column":3}},"17":{"start":{"line":36,"column":4},"end":{"line":36,"column":32}},"18":{"start":{"line":40,"column":0},"end":{"line":40,"column":25}},"19":{"start":{"line":41,"column":0},"end":{"line":41,"column":25}},"20":{"start":{"line":43,"column":0},"end":{"line":43,"column":20}}},"fnMap":{"0":{"name":"(anonymous_0)","decl":{"start":{"line":21,"column":10},"end":{"line":21,"column":11}},"loc":{"start":{"line":21,"column":18},"end":{"line":28,"column":3}},"line":21},"1":{"name":"(anonymous_1)","decl":{"start":{"line":29,"column":11},"end":{"line":29,"column":12}},"loc":{"start":{"line":29,"column":19},"end":{"line":32,"column":3}},"line":29},"2":{"name":"(anonymous_2)","decl":{"start":{"line":34,"column":24},"end":{"line":34,"column":25}},"loc":{"start":{"line":34,"column":37},"end":{"line":38,"column":1}},"line":34}},"branchMap":{"0":{"loc":{"start":{"line":8,"column":12},"end":{"line":8,"column":49}},"type":"binary-expr","locations":[{"start":{"line":8,"column":12},"end":{"line":8,"column":32}},{"start":{"line":8,"column":36},"end":{"line":8,"column":49}}],"line":8},"1":{"loc":{"start":{"line":13,"column":0},"end":{"line":17,"column":1}},"type":"if","locations":[{"start":{"line":13,"column":0},"end":{"line":17,"column":1}},{"start":{"line":15,"column":7},"end":{"line":17,"column":1}}],"line":13},"2":{"loc":{"start":{"line":23,"column":6},"end":{"line":26,"column":37}},"type":"binary-expr","locations":[{"start":{"line":23,"column":6},"end":{"line":23,"column":29}},{"start":{"line":24,"column":6},"end":{"line":24,"column":23}},{"start":{"line":25,"column":6},"end":{"line":25,"column":30}},{"start":{"line":26,"column":6},"end":{"line":26,"column":37}}],"line":23},"3":{"loc":{"start":{"line":35,"column":2},"end":{"line":37,"column":3}},"type":"if","locations":[{"start":{"line":35,"column":2},"end":{"line":37,"column":3}},{"start":{},"end":{}}],"line":35}},"s":{"0":28,"1":28,"2":28,"3":28,"4":28,"5":28,"6":28,"7":28,"8":28,"9":0,"10":28,"11":28,"12":140,"13":112,"14":112,"15":28,"16":112,"17":112,"18":28,"19":28,"20":28},"f":{"0":140,"1":112,"2":112},"b":{"0":[28,0],"1":[0,28],"2":[140,140,112,112],"3":[112,0]},"_coverageSchema":"1a1c01bbd47fc00a2c39e90264f33305004495a9","hash":"8e24e9554cada1e942612f94f6b94a83317e7a05"}
,"D:\\Hacktiv8\\phase_2_rev1\\WEEK_3\\IP-HCK86\\server\\models\\trip.js": {"path":"D:\\Hacktiv8\\phase_2_rev1\\WEEK_3\\IP-HCK86\\server\\models\\trip.js","statementMap":{"0":{"start":{"line":4,"column":4},"end":{"line":4,"column":24}},"1":{"start":{"line":5,"column":0},"end":{"line":38,"column":2}},"2":{"start":{"line":13,"column":6},"end":{"line":13,"column":56}},"3":{"start":{"line":16,"column":2},"end":{"line":36,"column":5}},"4":{"start":{"line":37,"column":2},"end":{"line":37,"column":14}}},"fnMap":{"0":{"name":"(anonymous_0)","decl":{"start":{"line":5,"column":17},"end":{"line":5,"column":18}},"loc":{"start":{"line":5,"column":43},"end":{"line":38,"column":1}},"line":5},"1":{"name":"(anonymous_1)","decl":{"start":{"line":12,"column":4},"end":{"line":12,"column":5}},"loc":{"start":{"line":12,"column":29},"end":{"line":14,"column":5}},"line":12}},"branchMap":{},"s":{"0":28,"1":28,"2":28,"3":28,"4":28},"f":{"0":28,"1":28},"b":{},"_coverageSchema":"1a1c01bbd47fc00a2c39e90264f33305004495a9","hash":"f81d8365a6e07d22fb5429a63fa89ddcaf448567"}
,"D:\\Hacktiv8\\phase_2_rev1\\WEEK_3\\IP-HCK86\\server\\models\\user.js": {"path":"D:\\Hacktiv8\\phase_2_rev1\\WEEK_3\\IP-HCK86\\server\\models\\user.js","statementMap":{"0":{"start":{"line":2,"column":23},"end":{"line":2,"column":52}},"1":{"start":{"line":5,"column":4},"end":{"line":5,"column":24}},"2":{"start":{"line":6,"column":0},"end":{"line":57,"column":2}},"3":{"start":{"line":14,"column":6},"end":{"line":14,"column":55}},"4":{"start":{"line":17,"column":2},"end":{"line":51,"column":5}},"5":{"start":{"line":53,"column":2},"end":{"line":55,"column":4}},"6":{"start":{"line":54,"column":4},"end":{"line":54,"column":47}},"7":{"start":{"line":56,"column":2},"end":{"line":56,"column":14}}},"fnMap":{"0":{"name":"(anonymous_0)","decl":{"start":{"line":6,"column":17},"end":{"line":6,"column":18}},"loc":{"start":{"line":6,"column":43},"end":{"line":57,"column":1}},"line":6},"1":{"name":"(anonymous_1)","decl":{"start":{"line":13,"column":4},"end":{"line":13,"column":5}},"loc":{"start":{"line":13,"column":29},"end":{"line":15,"column":5}},"line":13},"2":{"name":"(anonymous_2)","decl":{"start":{"line":53,"column":20},"end":{"line":53,"column":21}},"loc":{"start":{"line":53,"column":28},"end":{"line":55,"column":3}},"line":53}},"branchMap":{},"s":{"0":28,"1":28,"2":28,"3":28,"4":28,"5":28,"6":19,"7":28},"f":{"0":28,"1":28,"2":19},"b":{},"_coverageSchema":"1a1c01bbd47fc00a2c39e90264f33305004495a9","hash":"03ea16b390de01477848fadca8a2d87e5ae40475"}
,"D:\\Hacktiv8\\phase_2_rev1\\WEEK_3\\IP-HCK86\\server\\services\\emsifa.js": {"path":"D:\\Hacktiv8\\phase_2_rev1\\WEEK_3\\IP-HCK86\\server\\services\\emsifa.js","statementMap":{"0":{"start":{"line":2,"column":14},"end":{"line":2,"column":30}},"1":{"start":{"line":6,"column":2},"end":{"line":12,"column":3}},"2":{"start":{"line":7,"column":21},"end":{"line":7,"column":75}},"3":{"start":{"line":8,"column":4},"end":{"line":8,"column":25}},"4":{"start":{"line":10,"column":4},"end":{"line":10,"column":44}},"5":{"start":{"line":11,"column":4},"end":{"line":11,"column":49}},"6":{"start":{"line":17,"column":2},"end":{"line":23,"column":3}},"7":{"start":{"line":18,"column":21},"end":{"line":18,"column":89}},"8":{"start":{"line":19,"column":4},"end":{"line":19,"column":25}},"9":{"start":{"line":21,"column":4},"end":{"line":21,"column":44}},"10":{"start":{"line":22,"column":4},"end":{"line":22,"column":49}},"11":{"start":{"line":26,"column":0},"end":{"line":26,"column":48}}},"fnMap":{"0":{"name":"getProvinces","decl":{"start":{"line":5,"column":15},"end":{"line":5,"column":27}},"loc":{"start":{"line":5,"column":30},"end":{"line":13,"column":1}},"line":5},"1":{"name":"getRegencies","decl":{"start":{"line":16,"column":15},"end":{"line":16,"column":27}},"loc":{"start":{"line":16,"column":40},"end":{"line":24,"column":1}},"line":16}},"branchMap":{},"s":{"0":22,"1":2,"2":2,"3":1,"4":1,"5":1,"6":2,"7":2,"8":1,"9":1,"10":1,"11":22},"f":{"0":2,"1":2},"b":{},"_coverageSchema":"1a1c01bbd47fc00a2c39e90264f33305004495a9","hash":"614cfd7a9718b211394ef90b3b2eb76c8e28893f"}
,"D:\\Hacktiv8\\phase_2_rev1\\WEEK_3\\IP-HCK86\\server\\services\\gemini.js": {"path":"D:\\Hacktiv8\\phase_2_rev1\\WEEK_3\\IP-HCK86\\server\\services\\gemini.js","statementMap":{"0":{"start":{"line":1,"column":0},"end":{"line":1,"column":27}},"1":{"start":{"line":2,"column":31},"end":{"line":2,"column":63}},"2":{"start":{"line":4,"column":14},"end":{"line":4,"column":64}},"3":{"start":{"line":7,"column":2},"end":{"line":83,"column":3}},"4":{"start":{"line":8,"column":19},"end":{"line":38,"column":109}},"5":{"start":{"line":12,"column":101},"end":{"line":12,"column":202}},"6":{"start":{"line":40,"column":18},"end":{"line":40,"column":73}},"7":{"start":{"line":41,"column":19},"end":{"line":41,"column":54}},"8":{"start":{"line":42,"column":21},"end":{"line":42,"column":42}},"9":{"start":{"line":43,"column":17},"end":{"line":43,"column":32}},"10":{"start":{"line":46,"column":4},"end":{"line":53,"column":5}},"11":{"start":{"line":47,"column":24},"end":{"line":47,"column":49}},"12":{"start":{"line":48,"column":6},"end":{"line":50,"column":7}},"13":{"start":{"line":49,"column":8},"end":{"line":49,"column":40}},"14":{"start":{"line":52,"column":6},"end":{"line":52,"column":80}},"15":{"start":{"line":56,"column":6},"end":{"line":66,"column":8}},"16":{"start":{"line":69,"column":4},"end":{"line":69,"column":45}},"17":{"start":{"line":72,"column":4},"end":{"line":82,"column":6}},"18":{"start":{"line":73,"column":59},"end":{"line":81,"column":9}},"19":{"start":{"line":86,"column":0},"end":{"line":86,"column":39}}},"fnMap":{"0":{"name":"generateItinerary","decl":{"start":{"line":6,"column":15},"end":{"line":6,"column":32}},"loc":{"start":{"line":6,"column":78},"end":{"line":84,"column":1}},"line":6},"1":{"name":"(anonymous_1)","decl":{"start":{"line":12,"column":98},"end":{"line":12,"column":99}},"loc":{"start":{"line":12,"column":101},"end":{"line":12,"column":202}},"line":12},"2":{"name":"(anonymous_2)","decl":{"start":{"line":73,"column":48},"end":{"line":73,"column":49}},"loc":{"start":{"line":73,"column":59},"end":{"line":81,"column":9}},"line":73}},"branchMap":{"0":{"loc":{"start":{"line":6,"column":65},"end":{"line":6,"column":76}},"type":"default-arg","locations":[{"start":{"line":6,"column":74},"end":{"line":6,"column":76}}],"line":6},"1":{"loc":{"start":{"line":12,"column":37},"end":{"line":12,"column":234}},"type":"cond-expr","locations":[{"start":{"line":12,"column":73},"end":{"line":12,"column":215}},{"start":{"line":12,"column":218},"end":{"line":12,"column":234}}],"line":12},"2":{"loc":{"start":{"line":12,"column":38},"end":{"line":12,"column":69}},"type":"binary-expr","locations":[{"start":{"line":12,"column":38},"end":{"line":12,"column":45}},{"start":{"line":12,"column":49},"end":{"line":12,"column":69}}],"line":12},"3":{"loc":{"start":{"line":13,"column":2},"end":{"line":13,"column":92}},"type":"cond-expr","locations":[{"start":{"line":13,"column":22},"end":{"line":13,"column":87}},{"start":{"line":13,"column":90},"end":{"line":13,"column":92}}],"line":13},"4":{"loc":{"start":{"line":48,"column":6},"end":{"line":50,"column":7}},"type":"if","locations":[{"start":{"line":48,"column":6},"end":{"line":50,"column":7}},{"start":{},"end":{}}],"line":48}},"s":{"0":18,"1":18,"2":18,"3":2,"4":2,"5":0,"6":2,"7":2,"8":1,"9":1,"10":1,"11":1,"12":1,"13":1,"14":0,"15":0,"16":1,"17":1,"18":2,"19":18},"f":{"0":2,"1":0,"2":2},"b":{"0":[2],"1":[2,0],"2":[2,2],"3":[0,2],"4":[1,0]},"_coverageSchema":"1a1c01bbd47fc00a2c39e90264f33305004495a9","hash":"70e71db8c88e29f298ed1f1ce2f238bd82794627"}
,"D:\\Hacktiv8\\phase_2_rev1\\WEEK_3\\IP-HCK86\\server\\services\\geocode.js": {"path":"D:\\Hacktiv8\\phase_2_rev1\\WEEK_3\\IP-HCK86\\server\\services\\geocode.js","statementMap":{"0":{"start":{"line":1,"column":14},"end":{"line":1,"column":30}},"1":{"start":{"line":5,"column":2},"end":{"line":5,"column":51}},"2":{"start":{"line":5,"column":13},"end":{"line":5,"column":51}},"3":{"start":{"line":6,"column":14},"end":{"line":6,"column":62}},"4":{"start":{"line":7,"column":17},"end":{"line":7,"column":67}},"5":{"start":{"line":8,"column":19},"end":{"line":8,"column":51}},"6":{"start":{"line":9,"column":2},"end":{"line":9,"column":57}},"7":{"start":{"line":9,"column":45},"end":{"line":9,"column":57}},"8":{"start":{"line":10,"column":15},"end":{"line":10,"column":81}},"9":{"start":{"line":10,"column":38},"end":{"line":10,"column":61}},"10":{"start":{"line":11,"column":2},"end":{"line":17,"column":4}},"11":{"start":{"line":20,"column":0},"end":{"line":20,"column":33}}},"fnMap":{"0":{"name":"geocodeCity","decl":{"start":{"line":4,"column":15},"end":{"line":4,"column":26}},"loc":{"start":{"line":4,"column":33},"end":{"line":18,"column":1}},"line":4},"1":{"name":"(anonymous_1)","decl":{"start":{"line":10,"column":33},"end":{"line":10,"column":34}},"loc":{"start":{"line":10,"column":38},"end":{"line":10,"column":61}},"line":10}},"branchMap":{"0":{"loc":{"start":{"line":5,"column":2},"end":{"line":5,"column":51}},"type":"if","locations":[{"start":{"line":5,"column":2},"end":{"line":5,"column":51}},{"start":{},"end":{}}],"line":5},"1":{"loc":{"start":{"line":9,"column":2},"end":{"line":9,"column":57}},"type":"if","locations":[{"start":{"line":9,"column":2},"end":{"line":9,"column":57}},{"start":{},"end":{}}],"line":9},"2":{"loc":{"start":{"line":9,"column":6},"end":{"line":9,"column":43}},"type":"binary-expr","locations":[{"start":{"line":9,"column":6},"end":{"line":9,"column":19}},{"start":{"line":9,"column":23},"end":{"line":9,"column":43}}],"line":9},"3":{"loc":{"start":{"line":10,"column":15},"end":{"line":10,"column":81}},"type":"binary-expr","locations":[{"start":{"line":10,"column":15},"end":{"line":10,"column":62}},{"start":{"line":10,"column":66},"end":{"line":10,"column":81}}],"line":10}},"s":{"0":20,"1":13,"2":0,"3":13,"4":13,"5":13,"6":13,"7":0,"8":13,"9":23,"10":13,"11":20},"f":{"0":13,"1":23},"b":{"0":[0,13],"1":[0,13],"2":[13,13],"3":[13,0]},"_coverageSchema":"1a1c01bbd47fc00a2c39e90264f33305004495a9","hash":"bee47c5b1a413d0a1547275241789ea8d96f0bc7"}
,"D:\\Hacktiv8\\phase_2_rev1\\WEEK_3\\IP-HCK86\\server\\services\\openMeteo.js": {"path":"D:\\Hacktiv8\\phase_2_rev1\\WEEK_3\\IP-HCK86\\server\\services\\openMeteo.js","statementMap":{"0":{"start":{"line":2,"column":14},"end":{"line":2,"column":30}},"1":{"start":{"line":6,"column":12},"end":{"line":6,"column":61}},"2":{"start":{"line":7,"column":12},"end":{"line":7,"column":24}},"3":{"start":{"line":9,"column":13},"end":{"line":9,"column":24}},"4":{"start":{"line":9,"column":37},"end":{"line":9,"column":48}},"5":{"start":{"line":10,"column":17},"end":{"line":10,"column":51}},"6":{"start":{"line":11,"column":2},"end":{"line":17,"column":3}},"7":{"start":{"line":13,"column":23},"end":{"line":13,"column":35}},"8":{"start":{"line":14,"column":4},"end":{"line":14,"column":50}},"9":{"start":{"line":15,"column":4},"end":{"line":15,"column":51}},"10":{"start":{"line":16,"column":4},"end":{"line":16,"column":18}},"11":{"start":{"line":18,"column":2},"end":{"line":75,"column":3}},"12":{"start":{"line":19,"column":21},"end":{"line":29,"column":6}},"13":{"start":{"line":30,"column":17},"end":{"line":30,"column":30}},"14":{"start":{"line":31,"column":4},"end":{"line":57,"column":46}},"15":{"start":{"line":32,"column":20},"end":{"line":32,"column":50}},"16":{"start":{"line":33,"column":19},"end":{"line":33,"column":56}},"17":{"start":{"line":34,"column":19},"end":{"line":34,"column":56}},"18":{"start":{"line":35,"column":19},"end":{"line":35,"column":55}},"19":{"start":{"line":36,"column":20},"end":{"line":36,"column":43}},"20":{"start":{"line":37,"column":27},"end":{"line":49,"column":7}},"21":{"start":{"line":50,"column":6},"end":{"line":56,"column":10}},"22":{"start":{"line":50,"column":44},"end":{"line":56,"column":7}},"23":{"start":{"line":58,"column":4},"end":{"line":58,"column":16}},"24":{"start":{"line":60,"column":4},"end":{"line":60,"column":95}},"25":{"start":{"line":62,"column":21},"end":{"line":62,"column":23}},"26":{"start":{"line":63,"column":4},"end":{"line":73,"column":5}},"27":{"start":{"line":63,"column":15},"end":{"line":63,"column":16}},"28":{"start":{"line":64,"column":16},"end":{"line":64,"column":28}},"29":{"start":{"line":65,"column":6},"end":{"line":65,"column":31}},"30":{"start":{"line":66,"column":6},"end":{"line":72,"column":9}},"31":{"start":{"line":74,"column":4},"end":{"line":74,"column":88}},"32":{"start":{"line":78,"column":0},"end":{"line":78,"column":32}}},"fnMap":{"0":{"name":"getWeather","decl":{"start":{"line":5,"column":15},"end":{"line":5,"column":25}},"loc":{"start":{"line":5,"column":56},"end":{"line":76,"column":1}},"line":5},"1":{"name":"(anonymous_1)","decl":{"start":{"line":50,"column":36},"end":{"line":50,"column":37}},"loc":{"start":{"line":50,"column":44},"end":{"line":56,"column":7}},"line":50}},"branchMap":{"0":{"loc":{"start":{"line":6,"column":12},"end":{"line":6,"column":61}},"type":"binary-expr","locations":[{"start":{"line":6,"column":12},"end":{"line":6,"column":21}},{"start":{"line":6,"column":25},"end":{"line":6,"column":61}}],"line":6},"1":{"loc":{"start":{"line":7,"column":12},"end":{"line":7,"column":24}},"type":"binary-expr","locations":[{"start":{"line":7,"column":12},"end":{"line":7,"column":19}},{"start":{"line":7,"column":23},"end":{"line":7,"column":24}}],"line":7},"2":{"loc":{"start":{"line":11,"column":2},"end":{"line":17,"column":3}},"type":"if","locations":[{"start":{"line":11,"column":2},"end":{"line":17,"column":3}},{"start":{},"end":{}}],"line":11},"3":{"loc":{"start":{"line":32,"column":20},"end":{"line":32,"column":50}},"type":"binary-expr","locations":[{"start":{"line":32,"column":20},"end":{"line":32,"column":44}},{"start":{"line":32,"column":48},"end":{"line":32,"column":50}}],"line":32},"4":{"loc":{"start":{"line":33,"column":19},"end":{"line":33,"column":56}},"type":"binary-expr","locations":[{"start":{"line":33,"column":19},"end":{"line":33,"column":50}},{"start":{"line":33,"column":54},"end":{"line":33,"column":56}}],"line":33},"5":{"loc":{"start":{"line":34,"column":19},"end":{"line":34,"column":56}},"type":"binary-expr","locations":[{"start":{"line":34,"column":19},"end":{"line":34,"column":50}},{"start":{"line":34,"column":54},"end":{"line":34,"column":56}}],"line":34},"6":{"loc":{"start":{"line":35,"column":19},"end":{"line":35,"column":55}},"type":"binary-expr","locations":[{"start":{"line":35,"column":19},"end":{"line":35,"column":49}},{"start":{"line":35,"column":53},"end":{"line":35,"column":55}}],"line":35},"7":{"loc":{"start":{"line":36,"column":20},"end":{"line":36,"column":43}},"type":"binary-expr","locations":[{"start":{"line":36,"column":20},"end":{"line":36,"column":37}},{"start":{"line":36,"column":41},"end":{"line":36,"column":43}}],"line":36},"8":{"loc":{"start":{"line":52,"column":19},"end":{"line":52,"column":62}},"type":"binary-expr","locations":[{"start":{"line":52,"column":19},"end":{"line":52,"column":41}},{"start":{"line":52,"column":45},"end":{"line":52,"column":62}}],"line":52},"9":{"loc":{"start":{"line":60,"column":59},"end":{"line":60,"column":93}},"type":"binary-expr","locations":[{"start":{"line":60,"column":59},"end":{"line":60,"column":78}},{"start":{"line":60,"column":82},"end":{"line":60,"column":93}}],"line":60}},"s":{"0":18,"1":3,"2":3,"3":3,"4":3,"5":3,"6":3,"7":1,"8":1,"9":1,"10":1,"11":3,"12":3,"13":2,"14":2,"15":2,"16":2,"17":2,"18":2,"19":2,"20":2,"21":2,"22":2,"23":2,"24":1,"25":1,"26":1,"27":1,"28":1,"29":1,"30":1,"31":1,"32":18},"f":{"0":3,"1":2},"b":{"0":[3,0],"1":[3,0],"2":[1,2],"3":[2,0],"4":[2,0],"5":[2,0],"6":[2,0],"7":[2,0],"8":[2,0],"9":[1,1]},"_coverageSchema":"1a1c01bbd47fc00a2c39e90264f33305004495a9","hash":"2520eafab4e004e90fe87b99c5b98afdb99d0607"}
}
