TN:
SF:app.js
FN:39,(anonymous_0)
FNF:1
FNH:1
FNDA:1,(anonymous_0)
DA:1,21
DA:2,21
DA:4,21
DA:6,21
DA:8,21
DA:9,21
DA:10,21
DA:11,21
DA:12,21
DA:13,21
DA:14,21
DA:15,21
DA:16,21
DA:17,21
DA:18,21
DA:19,21
DA:22,21
DA:23,21
DA:24,21
DA:27,21
DA:28,21
DA:29,21
DA:31,21
DA:32,21
DA:33,21
DA:34,21
DA:35,21
DA:36,21
DA:39,21
DA:40,1
DA:41,1
DA:42,1
DA:43,1
DA:44,1
DA:55,0
DA:59,21
DA:60,21
DA:61,21
DA:67,21
DA:68,21
DA:69,21
DA:72,21
DA:74,21
LF:43
LH:42
BRDA:1,0,0,21
BRDA:1,0,1,0
BRDA:43,1,0,0
BRDA:43,1,1,1
BRF:4
BRH:2
end_of_record
TN:
SF:controllers\AuthController.js
FN:10,(anonymous_0)
FN:20,(anonymous_1)
FN:47,(anonymous_2)
FN:79,(anonymous_3)
FNF:4
FNH:4
FNDA:16,(anonymous_0)
FNDA:17,(anonymous_1)
FNDA:2,(anonymous_2)
FNDA:1,(anonymous_3)
DA:1,21
DA:2,21
DA:3,21
DA:4,21
DA:5,21
DA:6,21
DA:7,21
DA:11,16
DA:12,16
DA:13,16
DA:14,14
DA:16,2
DA:21,17
DA:22,17
DA:23,17
DA:24,1
DA:26,16
DA:27,1
DA:30,15
DA:31,15
DA:32,0
DA:35,15
DA:36,15
DA:37,1
DA:40,14
DA:41,14
DA:43,3
DA:48,2
DA:49,2
DA:50,2
DA:51,1
DA:54,1
DA:58,1
DA:59,1
DA:61,1
DA:62,1
DA:63,1
DA:64,1
DA:71,1
DA:72,1
DA:74,1
DA:75,1
DA:80,1
DA:81,1
DA:82,1
DA:84,0
DA:89,21
LF:47
LH:45
BRDA:23,0,0,1
BRDA:23,0,1,16
BRDA:26,1,0,1
BRDA:26,1,1,15
BRDA:31,2,0,0
BRDA:31,2,1,15
BRDA:36,3,0,1
BRDA:36,3,1,14
BRDA:49,4,0,2
BRDA:49,4,1,1
BRDA:50,5,0,1
BRDA:50,5,1,1
BRDA:62,6,0,1
BRDA:62,6,1,0
BRDA:65,7,0,1
BRDA:65,7,1,0
BRF:16
BRH:13
end_of_record
TN:
SF:controllers\FavouriteTripController.js
FN:4,(anonymous_0)
FN:32,(anonymous_1)
FN:56,(anonymous_2)
FNF:3
FNH:3
FNDA:4,(anonymous_0)
FNDA:1,(anonymous_1)
FNDA:2,(anonymous_2)
DA:1,21
DA:5,4
DA:6,4
DA:7,4
DA:8,1
DA:9,1
DA:10,1
DA:12,3
DA:13,3
DA:14,0
DA:15,0
DA:16,0
DA:18,3
DA:22,3
DA:23,1
DA:24,1
DA:26,3
DA:28,1
DA:33,1
DA:34,1
DA:50,1
DA:52,0
DA:57,2
DA:58,2
DA:59,2
DA:60,1
DA:61,1
DA:62,1
DA:64,1
DA:65,1
DA:67,1
DA:72,21
LF:32
LH:28
BRDA:7,0,0,1
BRDA:7,0,1,3
BRDA:13,1,0,0
BRDA:13,1,1,3
BRDA:20,2,0,3
BRDA:20,2,1,0
BRDA:22,3,0,1
BRDA:22,3,1,2
BRDA:22,4,0,3
BRDA:22,4,1,1
BRDA:26,5,0,2
BRDA:26,5,1,1
BRDA:59,6,0,1
BRDA:59,6,1,1
BRDA:59,7,0,2
BRDA:59,7,1,1
BRF:16
BRH:14
end_of_record
TN:
SF:controllers\LocationController.js
FN:5,(anonymous_0)
FN:17,(anonymous_1)
FN:26,(anonymous_2)
FNF:3
FNH:3
FNDA:3,(anonymous_0)
FNDA:1,(anonymous_1)
FNDA:1,(anonymous_2)
DA:1,21
DA:2,21
DA:6,3
DA:7,3
DA:8,3
DA:9,2
DA:10,2
DA:11,1
DA:13,0
DA:18,1
DA:19,1
DA:20,0
DA:22,1
DA:27,1
DA:28,1
DA:29,1
DA:30,0
DA:31,1
DA:32,0
DA:34,1
DA:39,21
LF:21
LH:17
BRDA:8,0,0,1
BRDA:8,0,1,2
BRDA:10,1,0,1
BRDA:10,1,1,1
BRDA:29,2,0,0
BRDA:29,2,1,1
BRF:6
BRH:5
end_of_record
TN:
SF:controllers\TripController.js
FN:10,(anonymous_0)
FN:38,(anonymous_1)
FN:151,(anonymous_2)
FN:161,(anonymous_3)
FN:176,(anonymous_4)
FN:207,(anonymous_5)
FN:301,(anonymous_6)
FNF:7
FNH:7
FNDA:14,(anonymous_0)
FNDA:12,(anonymous_1)
FNDA:1,(anonymous_2)
FNDA:2,(anonymous_3)
FNDA:9,(anonymous_4)
FNDA:2,(anonymous_5)
FNDA:1,(anonymous_6)
DA:2,21
DA:4,21
DA:5,21
DA:6,21
DA:7,21
DA:11,14
DA:23,14
DA:24,14
DA:26,14
DA:27,1
DA:28,1
DA:29,1
DA:33,13
DA:34,13
DA:35,13
DA:36,12
DA:38,12
DA:40,13
DA:41,1
DA:42,1
DA:43,1
DA:46,12
DA:47,12
DA:48,12
DA:50,12
DA:51,11
DA:52,11
DA:53,11
DA:54,11
DA:55,11
DA:56,11
DA:63,12
DA:64,1
DA:67,1
DA:68,1
DA:72,11
DA:73,11
DA:74,0
DA:75,0
DA:76,0
DA:78,11
DA:79,11
DA:80,11
DA:81,1
DA:82,1
DA:83,1
DA:85,10
DA:86,10
DA:87,10
DA:88,1
DA:89,1
DA:90,1
DA:92,9
DA:95,9
DA:96,9
DA:97,9
DA:98,9
DA:99,9
DA:101,0
DA:102,0
DA:104,0
DA:106,0
DA:107,0
DA:114,0
DA:120,9
DA:126,9
DA:144,9
DA:146,5
DA:152,1
DA:153,1
DA:154,1
DA:156,0
DA:162,2
DA:163,2
DA:164,2
DA:165,1
DA:166,1
DA:167,1
DA:169,1
DA:171,1
DA:177,9
DA:189,9
DA:191,9
DA:192,9
DA:193,0
DA:194,0
DA:195,0
DA:199,9
DA:203,9
DA:204,8
DA:205,1
DA:207,2
DA:209,7
DA:212,9
DA:213,9
DA:214,9
DA:217,9
DA:218,1
DA:219,1
DA:220,1
DA:221,1
DA:222,1
DA:223,1
DA:233,9
DA:235,9
DA:237,9
DA:238,9
DA:239,9
DA:240,9
DA:242,9
DA:243,9
DA:244,9
DA:245,1
DA:246,1
DA:247,1
DA:249,8
DA:250,8
DA:251,8
DA:252,0
DA:253,0
DA:254,0
DA:256,8
DA:258,8
DA:259,8
DA:262,8
DA:263,8
DA:264,4
DA:265,4
DA:267,0
DA:269,4
DA:270,4
DA:277,1
DA:281,8
DA:282,8
DA:283,8
DA:284,8
DA:285,8
DA:286,8
DA:287,8
DA:288,8
DA:289,8
DA:290,8
DA:291,8
DA:293,8
DA:294,8
DA:296,1
DA:302,1
DA:303,1
DA:304,1
DA:305,0
DA:306,0
DA:307,0
DA:310,1
DA:311,1
DA:313,0
DA:318,21
LF:156
LH:135
BRDA:26,0,0,1
BRDA:26,0,1,13
BRDA:34,1,0,0
BRDA:34,1,1,13
BRDA:35,2,0,12
BRDA:35,2,1,1
BRDA:40,3,0,1
BRDA:40,3,1,12
BRDA:46,4,0,12
BRDA:46,4,1,1
BRDA:50,5,0,11
BRDA:50,5,1,1
BRDA:50,6,0,12
BRDA:50,6,1,0
BRDA:50,6,2,12
BRDA:53,7,0,11
BRDA:53,7,1,0
BRDA:63,8,0,1
BRDA:63,8,1,11
BRDA:63,9,0,12
BRDA:63,9,1,11
BRDA:63,9,2,11
BRDA:73,10,0,0
BRDA:73,10,1,11
BRDA:73,11,0,11
BRDA:73,11,1,11
BRDA:80,12,0,1
BRDA:80,12,1,10
BRDA:80,13,0,11
BRDA:80,13,1,11
BRDA:80,13,2,11
BRDA:87,14,0,1
BRDA:87,14,1,9
BRDA:97,15,0,9
BRDA:97,15,1,0
BRDA:120,16,0,9
BRDA:120,16,1,0
BRDA:129,17,0,9
BRDA:129,17,1,9
BRDA:130,18,0,9
BRDA:130,18,1,9
BRDA:134,19,0,9
BRDA:134,19,1,0
BRDA:135,20,0,9
BRDA:135,20,1,0
BRDA:136,21,0,9
BRDA:136,21,1,9
BRDA:137,22,0,9
BRDA:137,22,1,9
BRDA:164,23,0,1
BRDA:164,23,1,1
BRDA:164,24,0,2
BRDA:164,24,1,1
BRDA:192,25,0,0
BRDA:192,25,1,9
BRDA:192,26,0,9
BRDA:192,26,1,9
BRDA:199,27,0,3
BRDA:199,27,1,6
BRDA:203,28,0,1
BRDA:203,28,1,8
BRDA:204,29,0,1
BRDA:204,29,1,7
BRDA:212,30,0,1
BRDA:212,30,1,8
BRDA:212,31,0,9
BRDA:212,31,1,8
BRDA:212,32,0,1
BRDA:212,32,1,0
BRDA:213,33,0,0
BRDA:213,33,1,9
BRDA:213,34,0,9
BRDA:213,34,1,0
BRDA:214,35,0,0
BRDA:214,35,1,9
BRDA:214,36,0,9
BRDA:214,36,1,0
BRDA:217,37,0,1
BRDA:217,37,1,8
BRDA:217,38,0,9
BRDA:217,38,1,8
BRDA:217,38,2,1
BRDA:217,38,3,1
BRDA:220,39,0,1
BRDA:220,39,1,0
BRDA:233,40,0,9
BRDA:233,40,1,0
BRDA:235,41,0,9
BRDA:235,41,1,8
BRDA:235,41,2,8
BRDA:239,42,0,2
BRDA:239,42,1,7
BRDA:240,43,0,2
BRDA:240,43,1,7
BRDA:244,44,0,1
BRDA:244,44,1,8
BRDA:244,45,0,9
BRDA:244,45,1,9
BRDA:244,45,2,9
BRDA:251,46,0,0
BRDA:251,46,1,8
BRDA:262,47,0,8
BRDA:262,47,1,7
BRDA:263,48,0,4
BRDA:263,48,1,4
BRDA:263,49,0,8
BRDA:263,49,1,6
BRDA:263,49,2,5
BRDA:288,50,0,1
BRDA:288,50,1,7
BRDA:289,51,0,1
BRDA:289,51,1,7
BRDA:304,52,0,0
BRDA:304,52,1,1
BRDA:304,53,0,1
BRDA:304,53,1,1
BRF:116
BRH:98
end_of_record
TN:
SF:helpers\bcrypt.js
FN:3,(anonymous_0)
FN:7,(anonymous_1)
FNF:2
FNH:2
FNDA:19,(anonymous_0)
FNDA:15,(anonymous_1)
DA:1,28
DA:3,28
DA:4,19
DA:7,28
DA:8,15
DA:11,28
LF:6
LH:6
BRF:0
BRH:0
end_of_record
TN:
SF:helpers\jwt.js
FN:16,(anonymous_0)
FN:20,(anonymous_1)
FNF:2
FNH:2
FNDA:19,(anonymous_0)
FNDA:45,(anonymous_1)
DA:1,23
DA:2,23
DA:4,23
DA:5,23
DA:7,1
DA:8,1
DA:9,1
DA:10,1
DA:12,0
DA:16,22
DA:17,19
DA:20,22
DA:21,45
DA:24,22
LF:14
LH:13
BRDA:5,0,0,1
BRDA:5,0,1,22
BRDA:7,1,0,1
BRDA:7,1,1,0
BRF:4
BRH:3
end_of_record
TN:
SF:middlewares\authentication.js
FN:4,auth
FN:5,(anonymous_1)
FNF:2
FNH:2
FNDA:252,auth
FNDA:46,(anonymous_1)
DA:2,21
DA:5,252
DA:6,46
DA:8,46
DA:9,2
DA:10,2
DA:12,0
DA:13,0
DA:16,44
DA:17,44
DA:18,42
DA:19,42
DA:21,2
DA:26,21
LF:14
LH:12
BRDA:4,0,0,252
BRDA:8,1,0,2
BRDA:8,1,1,44
BRDA:9,2,0,2
BRDA:9,2,1,0
BRF:5
BRH:4
end_of_record
TN:
SF:middlewares\authorization.js
FN:1,authorization
FN:2,(anonymous_1)
FNF:2
FNH:2
FNDA:42,authorization
FNDA:12,(anonymous_1)
DA:2,42
DA:3,12
DA:4,12
DA:6,12
DA:7,0
DA:10,12
DA:11,12
DA:12,12
DA:13,0
DA:16,12
DA:17,2
DA:20,10
DA:22,0
DA:27,21
LF:14
LH:11
BRDA:4,0,0,12
BRDA:4,0,1,0
BRDA:6,1,0,0
BRDA:6,1,1,12
BRDA:12,2,0,0
BRDA:12,2,1,12
BRDA:16,3,0,2
BRDA:16,3,1,10
BRF:8
BRH:5
end_of_record
TN:
SF:middlewares\errorHandler.js
FN:1,errorHandler
FNF:1
FNH:1
FNDA:21,errorHandler
DA:2,21
DA:3,21
DA:5,21
DA:7,1
DA:8,1
DA:9,1
DA:12,1
DA:13,1
DA:14,1
DA:17,10
DA:18,10
DA:19,10
DA:22,1
DA:23,1
DA:24,1
DA:27,1
DA:28,1
DA:29,1
DA:32,2
DA:33,2
DA:34,2
DA:36,1
DA:37,1
DA:38,1
DA:41,1
DA:42,1
DA:43,1
DA:46,0
DA:47,0
DA:48,0
DA:51,3
DA:52,3
DA:53,3
DA:54,3
DA:57,21
DA:63,22
LF:36
LH:33
BRDA:5,0,0,1
BRDA:5,0,1,1
BRDA:5,0,2,10
BRDA:5,0,3,1
BRDA:5,0,4,1
BRDA:5,0,5,2
BRDA:5,0,6,1
BRDA:5,0,7,1
BRDA:5,0,8,0
BRDA:5,0,9,3
BRDA:53,1,0,3
BRDA:53,1,1,0
BRDA:59,2,0,21
BRDA:59,2,1,0
BRF:14
BRH:11
end_of_record
TN:
SF:models\favouriteplace.js
FN:5,(anonymous_0)
FN:12,(anonymous_1)
FNF:2
FNH:2
FNDA:28,(anonymous_0)
FNDA:28,(anonymous_1)
DA:4,28
DA:5,28
DA:13,28
DA:16,28
DA:29,28
LF:5
LH:5
BRF:0
BRH:0
end_of_record
TN:
SF:models\favouritetrip.js
FN:3,(anonymous_0)
FN:5,(anonymous_1)
FNF:2
FNH:2
FNDA:28,(anonymous_0)
FNDA:28,(anonymous_1)
DA:2,28
DA:3,28
DA:6,28
DA:7,28
DA:10,28
DA:15,28
LF:6
LH:6
BRF:0
BRH:0
end_of_record
TN:
SF:models\index.js
FN:21,(anonymous_0)
FN:29,(anonymous_1)
FN:34,(anonymous_2)
FNF:3
FNH:3
FNDA:140,(anonymous_0)
FNDA:112,(anonymous_1)
FNDA:112,(anonymous_2)
DA:3,28
DA:4,28
DA:5,28
DA:6,28
DA:7,28
DA:8,28
DA:9,28
DA:10,28
DA:13,28
DA:14,0
DA:16,28
DA:19,28
DA:22,140
DA:30,112
DA:31,112
DA:34,28
DA:35,112
DA:36,112
DA:40,28
DA:41,28
DA:43,28
LF:21
LH:20
BRDA:8,0,0,28
BRDA:8,0,1,0
BRDA:13,1,0,0
BRDA:13,1,1,28
BRDA:23,2,0,140
BRDA:23,2,1,140
BRDA:23,2,2,112
BRDA:23,2,3,112
BRDA:35,3,0,112
BRDA:35,3,1,0
BRF:10
BRH:7
end_of_record
TN:
SF:models\trip.js
FN:5,(anonymous_0)
FN:12,(anonymous_1)
FNF:2
FNH:2
FNDA:28,(anonymous_0)
FNDA:28,(anonymous_1)
DA:4,28
DA:5,28
DA:13,28
DA:16,28
DA:37,28
LF:5
LH:5
BRF:0
BRH:0
end_of_record
TN:
SF:models\user.js
FN:6,(anonymous_0)
FN:13,(anonymous_1)
FN:53,(anonymous_2)
FNF:3
FNH:3
FNDA:28,(anonymous_0)
FNDA:28,(anonymous_1)
FNDA:19,(anonymous_2)
DA:2,28
DA:5,28
DA:6,28
DA:14,28
DA:17,28
DA:53,28
DA:54,19
DA:56,28
LF:8
LH:8
BRF:0
BRH:0
end_of_record
TN:
SF:services\emsifa.js
FN:5,getProvinces
FN:16,getRegencies
FNF:2
FNH:2
FNDA:2,getProvinces
FNDA:2,getRegencies
DA:2,22
DA:6,2
DA:7,2
DA:8,1
DA:10,1
DA:11,1
DA:17,2
DA:18,2
DA:19,1
DA:21,1
DA:22,1
DA:26,22
LF:12
LH:12
BRF:0
BRH:0
end_of_record
TN:
SF:services\gemini.js
FN:6,generateItinerary
FN:12,(anonymous_1)
FN:73,(anonymous_2)
FNF:3
FNH:2
FNDA:2,generateItinerary
FNDA:0,(anonymous_1)
FNDA:2,(anonymous_2)
DA:1,18
DA:2,18
DA:4,18
DA:7,2
DA:8,2
DA:12,0
DA:40,2
DA:41,2
DA:42,1
DA:43,1
DA:46,1
DA:47,1
DA:48,1
DA:49,1
DA:52,0
DA:56,0
DA:69,1
DA:72,1
DA:73,2
DA:86,18
LF:20
LH:17
BRDA:6,0,0,2
BRDA:12,1,0,2
BRDA:12,1,1,0
BRDA:12,2,0,2
BRDA:12,2,1,2
BRDA:13,3,0,0
BRDA:13,3,1,2
BRDA:48,4,0,1
BRDA:48,4,1,0
BRF:9
BRH:6
end_of_record
TN:
SF:services\geocode.js
FN:4,geocodeCity
FN:10,(anonymous_1)
FNF:2
FNH:2
FNDA:13,geocodeCity
FNDA:23,(anonymous_1)
DA:1,20
DA:5,13
DA:6,13
DA:7,13
DA:8,13
DA:9,13
DA:10,23
DA:11,13
DA:20,20
LF:9
LH:9
BRDA:5,0,0,0
BRDA:5,0,1,13
BRDA:9,1,0,0
BRDA:9,1,1,13
BRDA:9,2,0,13
BRDA:9,2,1,13
BRDA:10,3,0,13
BRDA:10,3,1,0
BRF:8
BRH:5
end_of_record
TN:
SF:services\openMeteo.js
FN:5,getWeather
FN:50,(anonymous_1)
FNF:2
FNH:2
FNDA:3,getWeather
FNDA:2,(anonymous_1)
DA:2,18
DA:6,3
DA:7,3
DA:9,3
DA:10,3
DA:11,3
DA:13,1
DA:14,1
DA:15,1
DA:16,1
DA:18,3
DA:19,3
DA:30,2
DA:31,2
DA:32,2
DA:33,2
DA:34,2
DA:35,2
DA:36,2
DA:37,2
DA:50,2
DA:58,2
DA:60,1
DA:62,1
DA:63,1
DA:64,1
DA:65,1
DA:66,1
DA:74,1
DA:78,18
LF:30
LH:30
BRDA:6,0,0,3
BRDA:6,0,1,0
BRDA:7,1,0,3
BRDA:7,1,1,0
BRDA:11,2,0,1
BRDA:11,2,1,2
BRDA:32,3,0,2
BRDA:32,3,1,0
BRDA:33,4,0,2
BRDA:33,4,1,0
BRDA:34,5,0,2
BRDA:34,5,1,0
BRDA:35,6,0,2
BRDA:35,6,1,0
BRDA:36,7,0,2
BRDA:36,7,1,0
BRDA:52,8,0,2
BRDA:52,8,1,0
BRDA:60,9,0,1
BRDA:60,9,1,1
BRF:20
BRH:12
end_of_record
