TN:
SF:app.js
FN:32,(anonymous_0)
FNF:1
FNH:1
FNDA:1,(anonymous_0)
DA:1,21
DA:2,21
DA:3,21
DA:4,21
DA:5,21
DA:6,21
DA:7,21
DA:8,21
DA:9,21
DA:10,21
DA:11,21
DA:12,21
DA:15,21
DA:16,21
DA:17,21
DA:20,21
DA:21,21
DA:22,21
DA:24,21
DA:25,21
DA:26,21
DA:27,21
DA:28,21
DA:29,21
DA:32,21
DA:33,1
DA:34,1
DA:35,1
DA:36,1
DA:37,1
DA:48,0
DA:52,21
DA:53,21
DA:54,21
DA:60,21
DA:61,21
DA:62,21
DA:65,21
DA:67,21
LF:39
LH:38
BRDA:36,0,0,0
BRDA:36,0,1,1
BRF:2
BRH:1
end_of_record
TN:
SF:controllers\AuthController.js
FN:11,register
FN:30,login
FN:63,googleLogin
FN:98,me
FNF:4
FNH:4
FNDA:16,register
FNDA:17,login
FNDA:2,googleLogin
FNDA:1,me
DA:1,21
DA:2,21
DA:3,21
DA:4,21
DA:5,21
DA:6,21
DA:7,21
DA:12,16
DA:13,16
DA:15,16
DA:21,14
DA:26,2
DA:31,17
DA:32,17
DA:34,17
DA:35,1
DA:37,16
DA:38,1
DA:41,15
DA:45,15
DA:46,0
DA:49,15
DA:51,15
DA:52,1
DA:55,14
DA:57,14
DA:59,3
DA:64,2
DA:66,2
DA:67,2
DA:68,1
DA:71,1
DA:76,1
DA:77,1
DA:79,1
DA:80,1
DA:82,1
DA:83,1
DA:90,1
DA:91,1
DA:93,1
DA:94,1
DA:99,1
DA:100,1
DA:101,1
DA:103,0
DA:107,21
LF:47
LH:45
BRDA:34,0,0,1
BRDA:34,0,1,16
BRDA:37,1,0,1
BRDA:37,1,1,15
BRDA:45,2,0,0
BRDA:45,2,1,15
BRDA:51,3,0,1
BRDA:51,3,1,14
BRDA:66,4,0,2
BRDA:66,4,1,1
BRDA:67,5,0,1
BRDA:67,5,1,1
BRDA:80,6,0,1
BRDA:80,6,1,0
BRDA:84,7,0,1
BRDA:84,7,1,0
BRF:16
BRH:13
end_of_record
TN:
SF:controllers\FavouriteTripController.js
FN:3,add
FN:18,list
FN:25,remove
FNF:3
FNH:3
FNDA:4,add
FNDA:1,list
FNDA:2,remove
DA:1,21
DA:4,4
DA:5,4
DA:6,4
DA:7,3
DA:8,3
DA:9,3
DA:13,3
DA:14,3
DA:15,1
DA:19,1
DA:20,1
DA:21,1
DA:22,0
DA:26,2
DA:27,2
DA:28,2
DA:29,1
DA:30,1
DA:31,1
DA:34,21
LF:21
LH:20
BRDA:6,0,0,1
BRDA:6,0,1,3
BRDA:8,1,0,0
BRDA:8,1,1,3
BRDA:11,2,0,3
BRDA:11,2,1,0
BRDA:13,3,0,1
BRDA:13,3,1,2
BRDA:13,4,0,3
BRDA:13,4,1,1
BRDA:14,5,0,2
BRDA:14,5,1,1
BRDA:28,6,0,1
BRDA:28,6,1,1
BRDA:28,7,0,2
BRDA:28,7,1,1
BRF:16
BRH:14
end_of_record
TN:
SF:controllers\LocationController.js
FN:4,search
FN:14,provinces
FN:21,regencies
FNF:3
FNH:3
FNDA:3,search
FNDA:1,provinces
FNDA:1,regencies
DA:1,21
DA:2,21
DA:5,3
DA:6,3
DA:7,3
DA:8,2
DA:9,2
DA:10,1
DA:11,0
DA:15,1
DA:16,1
DA:17,0
DA:18,1
DA:22,1
DA:23,1
DA:24,1
DA:25,1
DA:26,0
DA:27,1
DA:30,21
LF:20
LH:17
BRDA:7,0,0,1
BRDA:7,0,1,2
BRDA:9,1,0,1
BRDA:9,1,1,1
BRDA:24,2,0,0
BRDA:24,2,1,1
BRF:6
BRH:5
end_of_record
TN:
SF:controllers\TripController.js
FN:10,create
FN:31,(anonymous_1)
FN:96,getAll
FN:106,getOne
FN:121,update
FN:149,(anonymous_5)
FN:216,remove
FNF:7
FNH:7
FNDA:14,create
FNDA:12,(anonymous_1)
FNDA:1,getAll
FNDA:2,getOne
FNDA:9,update
FNDA:2,(anonymous_5)
FNDA:1,remove
DA:2,21
DA:4,21
DA:5,21
DA:6,21
DA:7,21
DA:11,14
DA:23,14
DA:24,14
DA:26,14
DA:29,13
DA:30,13
DA:31,13
DA:32,13
DA:34,12
DA:35,12
DA:36,12
DA:38,12
DA:39,11
DA:40,11
DA:41,11
DA:45,12
DA:46,1
DA:47,1
DA:51,11
DA:52,11
DA:53,11
DA:54,11
DA:55,10
DA:56,10
DA:57,9
DA:60,9
DA:61,9
DA:62,9
DA:63,9
DA:65,0
DA:66,0
DA:70,9
DA:71,9
DA:89,9
DA:91,5
DA:97,1
DA:98,1
DA:99,1
DA:101,0
DA:107,2
DA:108,2
DA:109,2
DA:110,1
DA:111,1
DA:112,1
DA:114,1
DA:116,1
DA:122,9
DA:134,9
DA:136,9
DA:137,9
DA:138,0
DA:139,0
DA:140,0
DA:144,9
DA:148,9
DA:149,8
DA:150,7
DA:153,9
DA:154,9
DA:155,9
DA:158,9
DA:159,1
DA:160,1
DA:161,1
DA:167,9
DA:168,9
DA:170,9
DA:171,9
DA:172,9
DA:173,9
DA:175,9
DA:176,9
DA:177,8
DA:178,8
DA:179,8
DA:181,8
DA:182,8
DA:184,8
DA:185,8
DA:186,4
DA:187,4
DA:188,0
DA:189,4
DA:190,4
DA:192,1
DA:196,8
DA:197,8
DA:198,8
DA:199,8
DA:200,8
DA:201,8
DA:202,8
DA:203,8
DA:204,8
DA:205,8
DA:206,8
DA:208,8
DA:209,8
DA:211,1
DA:217,1
DA:218,1
DA:219,1
DA:220,0
DA:221,0
DA:222,0
DA:225,1
DA:226,1
DA:228,0
DA:232,21
LF:115
LH:104
BRDA:26,0,0,1
BRDA:26,0,1,13
BRDA:30,1,0,0
BRDA:30,1,1,13
BRDA:31,2,0,12
BRDA:31,2,1,1
BRDA:32,3,0,1
BRDA:32,3,1,12
BRDA:34,4,0,12
BRDA:34,4,1,1
BRDA:38,5,0,11
BRDA:38,5,1,1
BRDA:38,6,0,12
BRDA:38,6,1,0
BRDA:38,6,2,12
BRDA:41,7,0,11
BRDA:41,7,1,0
BRDA:45,8,0,1
BRDA:45,8,1,11
BRDA:45,9,0,12
BRDA:45,9,1,11
BRDA:45,9,2,11
BRDA:52,10,0,0
BRDA:52,10,1,11
BRDA:52,11,0,11
BRDA:52,11,1,11
BRDA:54,12,0,1
BRDA:54,12,1,10
BRDA:54,13,0,11
BRDA:54,13,1,11
BRDA:54,13,2,11
BRDA:56,14,0,1
BRDA:56,14,1,9
BRDA:61,15,0,9
BRDA:61,15,1,0
BRDA:70,16,0,9
BRDA:70,16,1,0
BRDA:74,17,0,9
BRDA:74,17,1,9
BRDA:75,18,0,9
BRDA:75,18,1,9
BRDA:79,19,0,9
BRDA:79,19,1,0
BRDA:80,20,0,9
BRDA:80,20,1,0
BRDA:81,21,0,9
BRDA:81,21,1,9
BRDA:82,22,0,9
BRDA:82,22,1,9
BRDA:109,23,0,1
BRDA:109,23,1,1
BRDA:109,24,0,2
BRDA:109,24,1,1
BRDA:137,25,0,0
BRDA:137,25,1,9
BRDA:137,26,0,9
BRDA:137,26,1,9
BRDA:144,27,0,3
BRDA:144,27,1,6
BRDA:148,28,0,1
BRDA:148,28,1,8
BRDA:149,29,0,1
BRDA:149,29,1,7
BRDA:153,30,0,1
BRDA:153,30,1,8
BRDA:153,31,0,9
BRDA:153,31,1,8
BRDA:153,32,0,1
BRDA:153,32,1,0
BRDA:154,33,0,0
BRDA:154,33,1,9
BRDA:154,34,0,9
BRDA:154,34,1,0
BRDA:155,35,0,0
BRDA:155,35,1,9
BRDA:155,36,0,9
BRDA:155,36,1,0
BRDA:158,37,0,1
BRDA:158,37,1,8
BRDA:158,38,0,9
BRDA:158,38,1,8
BRDA:158,38,2,1
BRDA:158,38,3,1
BRDA:161,39,0,1
BRDA:161,39,1,0
BRDA:167,40,0,9
BRDA:167,40,1,0
BRDA:168,41,0,9
BRDA:168,41,1,8
BRDA:168,41,2,8
BRDA:172,42,0,2
BRDA:172,42,1,7
BRDA:173,43,0,2
BRDA:173,43,1,7
BRDA:176,44,0,1
BRDA:176,44,1,8
BRDA:176,45,0,9
BRDA:176,45,1,9
BRDA:176,45,2,9
BRDA:178,46,0,0
BRDA:178,46,1,8
BRDA:184,47,0,8
BRDA:184,47,1,7
BRDA:185,48,0,4
BRDA:185,48,1,4
BRDA:185,49,0,8
BRDA:185,49,1,6
BRDA:185,49,2,5
BRDA:203,50,0,1
BRDA:203,50,1,7
BRDA:204,51,0,1
BRDA:204,51,1,7
BRDA:219,52,0,0
BRDA:219,52,1,1
BRDA:219,53,0,1
BRDA:219,53,1,1
BRF:116
BRH:98
end_of_record
TN:
SF:helpers\bcrypt.js
FN:3,(anonymous_0)
FN:7,(anonymous_1)
FNF:2
FNH:2
FNDA:19,(anonymous_0)
FNDA:15,(anonymous_1)
DA:1,28
DA:3,28
DA:4,19
DA:7,28
DA:8,15
DA:11,28
LF:6
LH:6
BRF:0
BRH:0
end_of_record
TN:
SF:helpers\jwt.js
FN:16,(anonymous_0)
FN:20,(anonymous_1)
FNF:2
FNH:2
FNDA:19,(anonymous_0)
FNDA:45,(anonymous_1)
DA:1,23
DA:2,23
DA:4,23
DA:5,23
DA:7,1
DA:8,1
DA:9,1
DA:10,1
DA:12,0
DA:16,22
DA:17,19
DA:20,22
DA:21,45
DA:24,22
LF:14
LH:13
BRDA:5,0,0,1
BRDA:5,0,1,22
BRDA:7,1,0,1
BRDA:7,1,1,0
BRF:4
BRH:3
end_of_record
TN:
SF:middlewares\authentication.js
FN:4,auth
FN:5,(anonymous_1)
FNF:2
FNH:2
FNDA:252,auth
FNDA:46,(anonymous_1)
DA:2,21
DA:5,252
DA:6,46
DA:8,46
DA:9,2
DA:10,2
DA:12,0
DA:13,0
DA:16,44
DA:17,44
DA:18,42
DA:19,42
DA:21,2
DA:26,21
LF:14
LH:12
BRDA:4,0,0,252
BRDA:8,1,0,2
BRDA:8,1,1,44
BRDA:9,2,0,2
BRDA:9,2,1,0
BRF:5
BRH:4
end_of_record
TN:
SF:middlewares\authorization.js
FN:1,authorization
FN:2,(anonymous_1)
FNF:2
FNH:2
FNDA:42,authorization
FNDA:12,(anonymous_1)
DA:2,42
DA:3,12
DA:4,12
DA:6,12
DA:7,0
DA:10,12
DA:11,12
DA:12,12
DA:13,0
DA:16,12
DA:17,2
DA:20,10
DA:22,0
DA:27,21
LF:14
LH:11
BRDA:4,0,0,12
BRDA:4,0,1,0
BRDA:6,1,0,0
BRDA:6,1,1,12
BRDA:12,2,0,0
BRDA:12,2,1,12
BRDA:16,3,0,2
BRDA:16,3,1,10
BRF:8
BRH:5
end_of_record
TN:
SF:middlewares\errorHandler.js
FN:1,errorHandler
FNF:1
FNH:1
FNDA:21,errorHandler
DA:2,21
DA:3,21
DA:5,21
DA:7,1
DA:8,1
DA:9,1
DA:12,1
DA:13,1
DA:14,1
DA:17,10
DA:18,10
DA:19,10
DA:22,1
DA:23,1
DA:24,1
DA:27,1
DA:28,1
DA:29,1
DA:32,2
DA:33,2
DA:34,2
DA:36,1
DA:37,1
DA:38,1
DA:41,1
DA:42,1
DA:43,1
DA:46,0
DA:47,0
DA:48,0
DA:51,3
DA:52,3
DA:53,3
DA:54,3
DA:57,21
DA:63,22
LF:36
LH:33
BRDA:5,0,0,1
BRDA:5,0,1,1
BRDA:5,0,2,10
BRDA:5,0,3,1
BRDA:5,0,4,1
BRDA:5,0,5,2
BRDA:5,0,6,1
BRDA:5,0,7,1
BRDA:5,0,8,0
BRDA:5,0,9,3
BRDA:53,1,0,3
BRDA:53,1,1,0
BRDA:59,2,0,21
BRDA:59,2,1,0
BRF:14
BRH:11
end_of_record
TN:
SF:models\favouriteplace.js
FN:5,(anonymous_0)
FN:12,(anonymous_1)
FNF:2
FNH:2
FNDA:28,(anonymous_0)
FNDA:28,(anonymous_1)
DA:4,28
DA:5,28
DA:13,28
DA:16,28
DA:29,28
LF:5
LH:5
BRF:0
BRH:0
end_of_record
TN:
SF:models\favouritetrip.js
FN:3,(anonymous_0)
FN:5,(anonymous_1)
FNF:2
FNH:2
FNDA:28,(anonymous_0)
FNDA:28,(anonymous_1)
DA:2,28
DA:3,28
DA:6,28
DA:7,28
DA:10,28
DA:15,28
LF:6
LH:6
BRF:0
BRH:0
end_of_record
TN:
SF:models\index.js
FN:21,(anonymous_0)
FN:29,(anonymous_1)
FN:34,(anonymous_2)
FNF:3
FNH:3
FNDA:140,(anonymous_0)
FNDA:112,(anonymous_1)
FNDA:112,(anonymous_2)
DA:3,28
DA:4,28
DA:5,28
DA:6,28
DA:7,28
DA:8,28
DA:9,28
DA:10,28
DA:13,28
DA:14,0
DA:16,28
DA:19,28
DA:22,140
DA:30,112
DA:31,112
DA:34,28
DA:35,112
DA:36,112
DA:40,28
DA:41,28
DA:43,28
LF:21
LH:20
BRDA:8,0,0,28
BRDA:8,0,1,0
BRDA:13,1,0,0
BRDA:13,1,1,28
BRDA:23,2,0,140
BRDA:23,2,1,140
BRDA:23,2,2,112
BRDA:23,2,3,112
BRDA:35,3,0,112
BRDA:35,3,1,0
BRF:10
BRH:7
end_of_record
TN:
SF:models\trip.js
FN:5,(anonymous_0)
FN:12,(anonymous_1)
FNF:2
FNH:2
FNDA:28,(anonymous_0)
FNDA:28,(anonymous_1)
DA:4,28
DA:5,28
DA:13,28
DA:16,28
DA:37,28
LF:5
LH:5
BRF:0
BRH:0
end_of_record
TN:
SF:models\user.js
FN:6,(anonymous_0)
FN:13,(anonymous_1)
FN:53,(anonymous_2)
FNF:3
FNH:3
FNDA:28,(anonymous_0)
FNDA:28,(anonymous_1)
FNDA:19,(anonymous_2)
DA:2,28
DA:5,28
DA:6,28
DA:14,28
DA:17,28
DA:53,28
DA:54,19
DA:56,28
LF:8
LH:8
BRF:0
BRH:0
end_of_record
TN:
SF:services\emsifa.js
FN:5,getProvinces
FN:16,getRegencies
FNF:2
FNH:2
FNDA:2,getProvinces
FNDA:2,getRegencies
DA:2,22
DA:6,2
DA:7,2
DA:8,1
DA:10,1
DA:11,1
DA:17,2
DA:18,2
DA:19,1
DA:21,1
DA:22,1
DA:26,22
LF:12
LH:12
BRF:0
BRH:0
end_of_record
TN:
SF:services\gemini.js
FN:6,generateItinerary
FN:12,(anonymous_1)
FN:73,(anonymous_2)
FNF:3
FNH:2
FNDA:2,generateItinerary
FNDA:0,(anonymous_1)
FNDA:2,(anonymous_2)
DA:1,18
DA:2,18
DA:4,18
DA:7,2
DA:8,2
DA:12,0
DA:40,2
DA:41,2
DA:42,1
DA:43,1
DA:46,1
DA:47,1
DA:48,1
DA:49,1
DA:52,0
DA:56,0
DA:69,1
DA:72,1
DA:73,2
DA:86,18
LF:20
LH:17
BRDA:6,0,0,2
BRDA:12,1,0,2
BRDA:12,1,1,0
BRDA:12,2,0,2
BRDA:12,2,1,2
BRDA:13,3,0,0
BRDA:13,3,1,2
BRDA:48,4,0,1
BRDA:48,4,1,0
BRF:9
BRH:6
end_of_record
TN:
SF:services\geocode.js
FN:4,geocodeCity
FN:10,(anonymous_1)
FNF:2
FNH:2
FNDA:13,geocodeCity
FNDA:23,(anonymous_1)
DA:1,20
DA:5,13
DA:6,13
DA:7,13
DA:8,13
DA:9,13
DA:10,23
DA:11,13
DA:20,20
LF:9
LH:9
BRDA:5,0,0,0
BRDA:5,0,1,13
BRDA:9,1,0,0
BRDA:9,1,1,13
BRDA:9,2,0,13
BRDA:9,2,1,13
BRDA:10,3,0,13
BRDA:10,3,1,0
BRF:8
BRH:5
end_of_record
TN:
SF:services\openMeteo.js
FN:5,getWeather
FN:50,(anonymous_1)
FNF:2
FNH:2
FNDA:3,getWeather
FNDA:2,(anonymous_1)
DA:2,18
DA:6,3
DA:7,3
DA:9,3
DA:10,3
DA:11,3
DA:13,1
DA:14,1
DA:15,1
DA:16,1
DA:18,3
DA:19,3
DA:30,2
DA:31,2
DA:32,2
DA:33,2
DA:34,2
DA:35,2
DA:36,2
DA:37,2
DA:50,2
DA:58,2
DA:60,1
DA:62,1
DA:63,1
DA:64,1
DA:65,1
DA:66,1
DA:74,1
DA:78,18
LF:30
LH:30
BRDA:6,0,0,3
BRDA:6,0,1,0
BRDA:7,1,0,3
BRDA:7,1,1,0
BRDA:11,2,0,1
BRDA:11,2,1,2
BRDA:32,3,0,2
BRDA:32,3,1,0
BRDA:33,4,0,2
BRDA:33,4,1,0
BRDA:34,5,0,2
BRDA:34,5,1,0
BRDA:35,6,0,2
BRDA:35,6,1,0
BRDA:36,7,0,2
BRDA:36,7,1,0
BRDA:52,8,0,2
BRDA:52,8,1,0
BRDA:60,9,0,1
BRDA:60,9,1,1
BRF:20
BRH:12
end_of_record
